0 info it worked if it ends with ok
1 verbose cli [
1 verbose cli   '/usr/local/bin/node',
1 verbose cli   '/usr/local/bin/npm',
1 verbose cli   'install',
1 verbose cli   '--ignore-scripts',
1 verbose cli   '@types/craco__craco@ts3.6',
1 verbose cli   '@types/react@ts3.6',
1 verbose cli   '@types/react-dom@ts3.6',
1 verbose cli   '@types/styled-components@ts3.6',
1 verbose cli   '@types/eslint-config-prettier@ts3.6',
1 verbose cli   '@types/eslint-plugin-prettier@ts3.6',
1 verbose cli   '@types/lint-staged@ts3.6',
1 verbose cli   '@types/accepts@ts3.6',
1 verbose cli   '@types/ansi-html@ts3.6',
1 verbose cli   '@types/argparse@ts3.6',
1 verbose cli   '@types/aria-query@ts3.6',
1 verbose cli   '@types/arr-diff@ts3.6',
1 verbose cli   '@types/arr-union@ts3.6',
1 verbose cli   '@types/array-unique@ts3.6',
1 verbose cli   '@types/array.prototype.flat@ts3.6',
1 verbose cli   '@types/array.prototype.flatmap@ts3.6',
1 verbose cli   '@types/asap@ts3.6',
1 verbose cli   '@types/assert@ts3.6',
1 verbose cli   '@types/async@ts3.6',
1 verbose cli   '@types/at-least-node@ts3.6',
1 verbose cli   '@types/atob@ts3.6',
1 verbose cli   '@types/babel-plugin-macros@ts3.6',
1 verbose cli   '@types/babel-plugin-syntax-jsx@ts3.6',
1 verbose cli   '@types/babylon@ts3.6',
1 verbose cli   '@types/balanced-match@ts3.6',
1 verbose cli   '@types/big.js@ts3.6',
1 verbose cli   '@types/bluebird@ts3.6',
1 verbose cli   '@types/bn.js@ts3.6',
1 verbose cli   '@types/body-parser@ts3.6',
1 verbose cli   '@types/bonjour@ts3.6',
1 verbose cli   '@types/boolbase@ts3.6',
1 verbose cli   '@types/brace-expansion@ts3.6',
1 verbose cli   '@types/braces@ts3.6',
1 verbose cli   '@types/brorand@ts3.6',
1 verbose cli   '@types/bser@ts3.6',
1 verbose cli   '@types/buffer-from@ts3.6',
1 verbose cli   '@types/buffer-xor@ts3.6',
1 verbose cli   '@types/bytes@ts3.6',
1 verbose cli   '@types/cacache@ts3.6',
1 verbose cli   '@types/call-bind@ts3.6',
1 verbose cli   '@types/camelize@ts3.6',
1 verbose cli   '@types/caniuse-api@ts3.6',
1 verbose cli   '@types/caniuse-lite@ts3.6',
1 verbose cli   '@types/case-sensitive-paths-webpack-plugin@ts3.6',
1 verbose cli   '@types/check-types@ts3.6',
1 verbose cli   '@types/chownr@ts3.6',
1 verbose cli   '@types/cipher-base@ts3.6',
1 verbose cli   '@types/clean-css@ts3.6',
1 verbose cli   '@types/co@ts3.6',
1 verbose cli   '@types/color@ts3.6',
1 verbose cli   '@types/color-convert@ts3.6',
1 verbose cli   '@types/color-name@ts3.6',
1 verbose cli   '@types/color-string@ts3.6',
1 verbose cli   '@types/combined-stream@ts3.6',
1 verbose cli   '@types/common-tags@ts3.6',
1 verbose cli   '@types/commondir@ts3.6',
1 verbose cli   '@types/component-emitter@ts3.6',
1 verbose cli   '@types/compose-function@ts3.6',
1 verbose cli   '@types/compressible@ts3.6',
1 verbose cli   '@types/compression@ts3.6',
1 verbose cli   '@types/concat-map@ts3.6',
1 verbose cli   '@types/concat-stream@ts3.6',
1 verbose cli   '@types/confusing-browser-globals@ts3.6',
1 verbose cli   '@types/connect-history-api-fallback@ts3.6',
1 verbose cli   '@types/content-disposition@ts3.6',
1 verbose cli   '@types/content-type@ts3.6',
1 verbose cli   '@types/convert-source-map@ts3.6',
1 verbose cli   '@types/cookie@ts3.6',
1 verbose cli   '@types/cookie-signature@ts3.6',
1 verbose cli   '@types/core-js@ts3.6',
1 verbose cli   '@types/core-util-is@ts3.6',
1 verbose cli   '@types/create-hash@ts3.6',
1 verbose cli   '@types/create-hmac@ts3.6',
1 verbose cli   '@types/cross-spawn@ts3.6',
1 verbose cli   '@types/css@ts3.6',
1 verbose cli   '@types/css-declaration-sorter@ts3.6',
1 verbose cli   '@types/css-tree@ts3.6',
1 verbose cli   '@types/css.escape@ts3.6',
1 verbose cli   '@types/cssesc@ts3.6',
1 verbose cli   '@types/csso@ts3.6',
1 verbose cli   '@types/cssom@ts3.6',
1 verbose cli   '@types/cssstyle@ts3.6',
1 verbose cli   '@types/d@ts3.6',
1 verbose cli   '@types/damerau-levenshtein@ts3.6',
1 verbose cli   '@types/data-urls@ts3.6',
1 verbose cli   '@types/debug@ts3.6',
1 verbose cli   '@types/decode-uri-component@ts3.6',
1 verbose cli   '@types/dedent@ts3.6',
1 verbose cli   '@types/deep-equal@ts3.6',
1 verbose cli   '@types/default-gateway@ts3.6',
1 verbose cli   '@types/define-properties@ts3.6',
1 verbose cli   '@types/depd@ts3.6',
1 verbose cli   '@types/destroy@ts3.6',
1 verbose cli   '@types/detect-node@ts3.6',
1 verbose cli   '@types/diffie-hellman@ts3.6',
1 verbose cli   '@types/dir-glob@ts3.6',
1 verbose cli   ... 120 more items
1 verbose cli ]
2 info using npm@6.14.6
3 info using node@v12.18.3
4 verbose npm-session 2e554f8183852325
5 silly install loadCurrentTree
6 silly install readLocalPackageData
7 http fetch GET 200 https://registry.npmjs.org/@types%2flint-staged 704ms
8 silly fetchPackageMetaData error for @types/lint-staged@ts3.6 No matching version found for @types/lint-staged@ts3.6.
9 http fetch GET 304 https://registry.npmjs.org/@types%2fansi-html 724ms (from cache)
10 silly registry:manifest no matching version for @types/ansi-html@ts3.6 in the cache. Forcing revalidation.
11 http fetch GET 304 https://registry.npmjs.org/@types%2fstyled-components 740ms (from cache)
12 http fetch GET 304 https://registry.npmjs.org/@types%2feslint-config-prettier 748ms (from cache)
13 silly pacote tag manifest for @types/styled-components@ts3.6 fetched in 793ms
14 http fetch GET 304 https://registry.npmjs.org/@types%2faccepts 785ms (from cache)
15 silly pacote tag manifest for @types/eslint-config-prettier@ts3.6 fetched in 803ms
16 silly pacote tag manifest for @types/accepts@ts3.6 fetched in 803ms
17 http fetch GET 304 https://registry.npmjs.org/@types%2freact 905ms (from cache)
18 silly pacote tag manifest for @types/react@ts3.6 fetched in 1086ms
19 http fetch GET 200 https://registry.npmjs.org/@types%2fansi-html 399ms
20 silly fetchPackageMetaData error for @types/ansi-html@ts3.6 No matching version found for @types/ansi-html@ts3.6.
21 http fetch GET 304 https://registry.npmjs.org/@types%2faria-query 543ms (from cache)
22 http fetch GET 304 https://registry.npmjs.org/@types%2farr-diff 512ms (from cache)
23 silly pacote tag manifest for @types/aria-query@ts3.6 fetched in 586ms
24 http fetch GET 304 https://registry.npmjs.org/@types%2farray-unique 503ms (from cache)
25 silly pacote tag manifest for @types/arr-diff@ts3.6 fetched in 532ms
26 http fetch GET 304 https://registry.npmjs.org/@types%2fargparse 1317ms (from cache)
27 silly pacote tag manifest for @types/array-unique@ts3.6 fetched in 522ms
28 http fetch GET 304 https://registry.npmjs.org/@types%2feslint-plugin-prettier 1349ms (from cache)
29 silly pacote tag manifest for @types/argparse@ts3.6 fetched in 1385ms
30 silly pacote tag manifest for @types/eslint-plugin-prettier@ts3.6 fetched in 1441ms
31 http fetch GET 304 https://registry.npmjs.org/@types%2farr-union 727ms (from cache)
32 silly pacote tag manifest for @types/arr-union@ts3.6 fetched in 756ms
33 http fetch GET 304 https://registry.npmjs.org/@types%2farray.prototype.flatmap 435ms (from cache)
34 silly pacote tag manifest for @types/array.prototype.flatmap@ts3.6 fetched in 488ms
35 http fetch GET 304 https://registry.npmjs.org/@types%2fasync 343ms (from cache)
36 silly pacote tag manifest for @types/async@ts3.6 fetched in 349ms
37 http fetch GET 304 https://registry.npmjs.org/@types%2freact-dom 1693ms (from cache)
38 http fetch GET 304 https://registry.npmjs.org/@types%2fat-least-node 290ms (from cache)
39 silly registry:manifest no matching version for @types/at-least-node@ts3.6 in the cache. Forcing revalidation.
40 http fetch GET 304 https://registry.npmjs.org/@types%2farray.prototype.flat 616ms (from cache)
41 silly pacote tag manifest for @types/react-dom@ts3.6 fetched in 1704ms
42 silly pacote tag manifest for @types/array.prototype.flat@ts3.6 fetched in 632ms
43 http fetch GET 304 https://registry.npmjs.org/@types%2fbabel-plugin-macros 208ms (from cache)
44 silly pacote tag manifest for @types/babel-plugin-macros@ts3.6 fetched in 213ms
45 http fetch GET 304 https://registry.npmjs.org/@types%2fbig.js 152ms (from cache)
46 silly pacote tag manifest for @types/big.js@ts3.6 fetched in 156ms
47 http fetch GET 304 https://registry.npmjs.org/@types%2fbluebird 110ms (from cache)
48 silly pacote tag manifest for @types/bluebird@ts3.6 fetched in 115ms
49 http fetch GET 304 https://registry.npmjs.org/@types%2fatob 529ms (from cache)
50 silly pacote tag manifest for @types/atob@ts3.6 fetched in 537ms
51 http fetch GET 304 https://registry.npmjs.org/@types%2fbn.js 117ms (from cache)
52 silly pacote tag manifest for @types/bn.js@ts3.6 fetched in 121ms
53 http fetch GET 304 https://registry.npmjs.org/@types%2fbody-parser 141ms (from cache)
54 silly pacote tag manifest for @types/body-parser@ts3.6 fetched in 145ms
55 http fetch GET 304 https://registry.npmjs.org/@types%2fbonjour 96ms (from cache)
56 silly pacote tag manifest for @types/bonjour@ts3.6 fetched in 99ms
57 http fetch GET 304 https://registry.npmjs.org/@types%2fboolbase 138ms (from cache)
58 silly pacote tag manifest for @types/boolbase@ts3.6 fetched in 142ms
59 http fetch GET 200 https://registry.npmjs.org/@types%2fat-least-node 454ms
60 silly fetchPackageMetaData error for @types/at-least-node@ts3.6 No matching version found for @types/at-least-node@ts3.6.
61 http fetch GET 304 https://registry.npmjs.org/@types%2fbrace-expansion 134ms (from cache)
62 silly pacote tag manifest for @types/brace-expansion@ts3.6 fetched in 148ms
63 http fetch GET 304 https://registry.npmjs.org/@types%2fbraces 117ms (from cache)
64 silly pacote tag manifest for @types/braces@ts3.6 fetched in 129ms
65 http fetch GET 304 https://registry.npmjs.org/@types%2fbuffer-xor 107ms (from cache)
66 silly pacote tag manifest for @types/buffer-xor@ts3.6 fetched in 110ms
67 http fetch GET 304 https://registry.npmjs.org/@types%2fbuffer-from 131ms (from cache)
68 silly pacote tag manifest for @types/buffer-from@ts3.6 fetched in 133ms
69 http fetch GET 304 https://registry.npmjs.org/@types%2fassert 1119ms (from cache)
70 silly pacote tag manifest for @types/assert@ts3.6 fetched in 1127ms
71 http fetch GET 304 https://registry.npmjs.org/@types%2fbytes 134ms (from cache)
72 silly pacote tag manifest for @types/bytes@ts3.6 fetched in 138ms
73 http fetch GET 304 https://registry.npmjs.org/@types%2fbrorand 443ms (from cache)
74 http fetch GET 304 https://registry.npmjs.org/@types%2fbser 441ms (from cache)
75 silly pacote tag manifest for @types/brorand@ts3.6 fetched in 452ms
76 silly pacote tag manifest for @types/bser@ts3.6 fetched in 450ms
77 http fetch GET 304 https://registry.npmjs.org/@types%2fcraco__craco 2615ms (from cache)
78 silly registry:manifest no matching version for @types/craco__craco@ts3.6 in the cache. Forcing revalidation.
79 http fetch GET 304 https://registry.npmjs.org/@types%2fcamelize 197ms (from cache)
80 silly registry:manifest no matching version for @types/camelize@ts3.6 in the cache. Forcing revalidation.
81 http fetch GET 304 https://registry.npmjs.org/@types%2fcall-bind 220ms (from cache)
82 silly registry:manifest no matching version for @types/call-bind@ts3.6 in the cache. Forcing revalidation.
83 http fetch GET 304 https://registry.npmjs.org/@types%2fcaniuse-lite 181ms (from cache)
84 http fetch GET 304 https://registry.npmjs.org/@types%2fcaniuse-api 186ms (from cache)
85 http fetch GET 304 https://registry.npmjs.org/@types%2fasap 1474ms (from cache)
86 silly pacote tag manifest for @types/caniuse-lite@ts3.6 fetched in 186ms
87 silly pacote tag manifest for @types/caniuse-api@ts3.6 fetched in 192ms
88 http fetch GET 304 https://registry.npmjs.org/@types%2fcacache 464ms (from cache)
89 silly pacote tag manifest for @types/asap@ts3.6 fetched in 1485ms
90 silly pacote tag manifest for @types/cacache@ts3.6 fetched in 471ms
91 http fetch GET 304 https://registry.npmjs.org/@types%2fbalanced-match 1177ms (from cache)
92 silly pacote tag manifest for @types/balanced-match@ts3.6 fetched in 1180ms
93 http fetch GET 304 https://registry.npmjs.org/@types%2fchownr 172ms (from cache)
94 silly pacote tag manifest for @types/chownr@ts3.6 fetched in 175ms
95 http fetch GET 304 https://registry.npmjs.org/@types%2fcipher-base 181ms (from cache)
96 silly pacote tag manifest for @types/cipher-base@ts3.6 fetched in 193ms
97 http fetch GET 200 https://registry.npmjs.org/@types%2fcall-bind 348ms
98 silly fetchPackageMetaData error for @types/call-bind@ts3.6 No matching version found for @types/call-bind@ts3.6.
99 http fetch GET 304 https://registry.npmjs.org/@types%2fco 171ms (from cache)
100 silly pacote tag manifest for @types/co@ts3.6 fetched in 174ms
101 http fetch GET 304 https://registry.npmjs.org/@types%2fcolor 172ms (from cache)
102 http fetch GET 304 https://registry.npmjs.org/@types%2fbabel-plugin-syntax-jsx 1510ms (from cache)
103 silly pacote tag manifest for @types/color@ts3.6 fetched in 178ms
104 silly pacote tag manifest for @types/babel-plugin-syntax-jsx@ts3.6 fetched in 1525ms
105 http fetch GET 304 https://registry.npmjs.org/@types%2fcolor-name 123ms (from cache)
106 silly pacote tag manifest for @types/color-name@ts3.6 fetched in 126ms
107 http fetch GET 304 https://registry.npmjs.org/@types%2fclean-css 496ms (from cache)
108 silly pacote tag manifest for @types/clean-css@ts3.6 fetched in 511ms
109 http fetch GET 304 https://registry.npmjs.org/@types%2fcolor-string 299ms (from cache)
110 silly pacote tag manifest for @types/color-string@ts3.6 fetched in 335ms
111 http fetch GET 304 https://registry.npmjs.org/@types%2fcommon-tags 259ms (from cache)
112 silly pacote tag manifest for @types/common-tags@ts3.6 fetched in 267ms
113 http fetch GET 304 https://registry.npmjs.org/@types%2fcolor-convert 542ms (from cache)
114 silly pacote tag manifest for @types/color-convert@ts3.6 fetched in 554ms
115 http fetch GET 304 https://registry.npmjs.org/@types%2fcomponent-emitter 108ms (from cache)
116 silly pacote tag manifest for @types/component-emitter@ts3.6 fetched in 110ms
117 http fetch GET 304 https://registry.npmjs.org/@types%2fcompression 104ms (from cache)
118 http fetch GET 304 https://registry.npmjs.org/@types%2fcompressible 156ms (from cache)
119 silly pacote tag manifest for @types/compression@ts3.6 fetched in 122ms
120 silly pacote tag manifest for @types/compressible@ts3.6 fetched in 163ms
121 http fetch GET 304 https://registry.npmjs.org/@types%2fbabylon 2128ms (from cache)
122 silly pacote tag manifest for @types/babylon@ts3.6 fetched in 2135ms
123 http fetch GET 304 https://registry.npmjs.org/@types%2fconcat-stream 119ms (from cache)
124 silly pacote tag manifest for @types/concat-stream@ts3.6 fetched in 121ms
125 http fetch GET 304 https://registry.npmjs.org/@types%2fconfusing-browser-globals 97ms (from cache)
126 silly pacote tag manifest for @types/confusing-browser-globals@ts3.6 fetched in 100ms
127 http fetch GET 304 https://registry.npmjs.org/@types%2fcompose-function 429ms (from cache)
128 silly pacote tag manifest for @types/compose-function@ts3.6 fetched in 432ms
129 http fetch GET 304 https://registry.npmjs.org/@types%2fcontent-disposition 96ms (from cache)
130 silly pacote tag manifest for @types/content-disposition@ts3.6 fetched in 99ms
131 http fetch GET 200 https://registry.npmjs.org/@types%2fcraco__craco 1436ms
132 silly fetchPackageMetaData error for @types/craco__craco@ts3.6 No matching version found for @types/craco__craco@ts3.6.
133 http fetch GET 304 https://registry.npmjs.org/@types%2fcontent-type 100ms (from cache)
134 silly pacote tag manifest for @types/content-type@ts3.6 fetched in 102ms
135 http fetch GET 304 https://registry.npmjs.org/@types%2fconvert-source-map 115ms (from cache)
136 silly pacote tag manifest for @types/convert-source-map@ts3.6 fetched in 120ms
137 http fetch GET 304 https://registry.npmjs.org/@types%2fcookie 155ms (from cache)
138 http fetch GET 304 https://registry.npmjs.org/@types%2fcookie-signature 120ms (from cache)
139 silly pacote tag manifest for @types/cookie@ts3.6 fetched in 159ms
140 silly pacote tag manifest for @types/cookie-signature@ts3.6 fetched in 125ms
141 http fetch GET 304 https://registry.npmjs.org/@types%2fcase-sensitive-paths-webpack-plugin 1419ms (from cache)
142 silly pacote tag manifest for @types/case-sensitive-paths-webpack-plugin@ts3.6 fetched in 1437ms
143 http fetch GET 304 https://registry.npmjs.org/@types%2fcore-js 171ms (from cache)
144 http fetch GET 304 https://registry.npmjs.org/@types%2fconnect-history-api-fallback 445ms (from cache)
145 silly pacote tag manifest for @types/core-js@ts3.6 fetched in 175ms
146 http fetch GET 200 https://registry.npmjs.org/@types%2fcore-util-is 114ms
147 silly fetchPackageMetaData error for @types/core-util-is@ts3.6 No matching version found for @types/core-util-is@ts3.6.
148 silly pacote tag manifest for @types/connect-history-api-fallback@ts3.6 fetched in 453ms
149 http fetch GET 304 https://registry.npmjs.org/@types%2fcreate-hash 148ms (from cache)
150 silly pacote tag manifest for @types/create-hash@ts3.6 fetched in 163ms
151 http fetch GET 304 https://registry.npmjs.org/@types%2fcreate-hmac 157ms (from cache)
152 silly pacote tag manifest for @types/create-hmac@ts3.6 fetched in 160ms
153 http fetch GET 304 https://registry.npmjs.org/@types%2fcross-spawn 183ms (from cache)
154 http fetch GET 304 https://registry.npmjs.org/@types%2fcss 180ms (from cache)
155 http fetch GET 304 https://registry.npmjs.org/@types%2fcss-declaration-sorter 181ms (from cache)
156 silly pacote tag manifest for @types/cross-spawn@ts3.6 fetched in 192ms
157 silly pacote tag manifest for @types/css@ts3.6 fetched in 190ms
158 http fetch GET 304 https://registry.npmjs.org/@types%2fcss-tree 139ms (from cache)
159 silly pacote tag manifest for @types/css-declaration-sorter@ts3.6 fetched in 192ms
160 silly pacote tag manifest for @types/css-tree@ts3.6 fetched in 150ms
161 http fetch GET 304 https://registry.npmjs.org/@types%2fcss.escape 157ms (from cache)
162 silly registry:manifest no matching version for @types/css.escape@ts3.6 in the cache. Forcing revalidation.
163 http fetch GET 304 https://registry.npmjs.org/@types%2fcommondir 1264ms (from cache)
164 http fetch GET 304 https://registry.npmjs.org/@types%2fcssesc 170ms (from cache)
165 silly pacote tag manifest for @types/commondir@ts3.6 fetched in 1280ms
166 http fetch GET 304 https://registry.npmjs.org/@types%2fcsso 184ms (from cache)
167 silly pacote tag manifest for @types/cssesc@ts3.6 fetched in 186ms
168 silly pacote tag manifest for @types/csso@ts3.6 fetched in 205ms
169 http fetch GET 304 https://registry.npmjs.org/@types%2fcssom 211ms (from cache)
170 silly pacote tag manifest for @types/cssom@ts3.6 fetched in 247ms
171 http fetch GET 200 https://registry.npmjs.org/@types%2fcss.escape 223ms
172 silly fetchPackageMetaData error for @types/css.escape@ts3.6 No matching version found for @types/css.escape@ts3.6.
173 http fetch GET 304 https://registry.npmjs.org/@types%2fcssstyle 287ms (from cache)
174 silly pacote tag manifest for @types/cssstyle@ts3.6 fetched in 289ms
175 http fetch GET 200 https://registry.npmjs.org/@types%2fcamelize 2249ms
176 silly fetchPackageMetaData error for @types/camelize@ts3.6 No matching version found for @types/camelize@ts3.6.
177 http fetch GET 304 https://registry.npmjs.org/@types%2fdebug 168ms (from cache)
178 silly pacote tag manifest for @types/debug@ts3.6 fetched in 189ms
179 http fetch GET 304 https://registry.npmjs.org/@types%2fcheck-types 2166ms (from cache)
180 http fetch GET 304 https://registry.npmjs.org/@types%2fdecode-uri-component 185ms (from cache)
181 silly pacote tag manifest for @types/check-types@ts3.6 fetched in 2171ms
182 silly pacote tag manifest for @types/decode-uri-component@ts3.6 fetched in 201ms
183 http fetch GET 304 https://registry.npmjs.org/@types%2fdedent 169ms (from cache)
184 silly pacote tag manifest for @types/dedent@ts3.6 fetched in 176ms
185 http fetch GET 304 https://registry.npmjs.org/@types%2fdefault-gateway 95ms (from cache)
186 silly pacote tag manifest for @types/default-gateway@ts3.6 fetched in 102ms
187 http fetch GET 304 https://registry.npmjs.org/@types%2fdepd 185ms (from cache)
188 silly pacote tag manifest for @types/depd@ts3.6 fetched in 201ms
189 http fetch GET 304 https://registry.npmjs.org/@types%2fdata-urls 470ms (from cache)
190 silly pacote tag manifest for @types/data-urls@ts3.6 fetched in 477ms
191 http fetch GET 304 https://registry.npmjs.org/@types%2fdetect-node 143ms (from cache)
192 http fetch GET 304 https://registry.npmjs.org/@types%2fdamerau-levenshtein 494ms (from cache)
193 silly pacote tag manifest for @types/detect-node@ts3.6 fetched in 151ms
194 silly pacote tag manifest for @types/damerau-levenshtein@ts3.6 fetched in 507ms
195 http fetch GET 304 https://registry.npmjs.org/@types%2fconcat-map 1477ms (from cache)
196 silly pacote tag manifest for @types/concat-map@ts3.6 fetched in 1484ms
197 http fetch GET 304 https://registry.npmjs.org/@types%2fdiffie-hellman 149ms (from cache)
198 http fetch GET 304 https://registry.npmjs.org/@types%2fdir-glob 140ms (from cache)
199 silly pacote tag manifest for @types/diffie-hellman@ts3.6 fetched in 155ms
200 silly pacote tag manifest for @types/dir-glob@ts3.6 fetched in 166ms
201 http fetch GET 304 https://registry.npmjs.org/@types%2fdestroy 419ms (from cache)
202 silly pacote tag manifest for @types/destroy@ts3.6 fetched in 422ms
203 http fetch GET 304 https://registry.npmjs.org/@types%2fdns-txt 196ms (from cache)
204 silly registry:manifest no matching version for @types/dns-txt@ts3.6 in the cache. Forcing revalidation.
205 http fetch GET 304 https://registry.npmjs.org/@types%2fdomexception 141ms (from cache)
206 silly pacote tag manifest for @types/domexception@ts3.6 fetched in 152ms
207 http fetch GET 304 https://registry.npmjs.org/@types%2fdomutils 145ms (from cache)
208 silly pacote tag manifest for @types/domutils@ts3.6 fetched in 148ms
209 http fetch GET 200 https://registry.npmjs.org/@types%2fdns-txt 116ms
210 silly fetchPackageMetaData error for @types/dns-txt@ts3.6 No matching version found for @types/dns-txt@ts3.6.
211 http fetch GET 304 https://registry.npmjs.org/@types%2fduplexify 150ms (from cache)
212 silly pacote tag manifest for @types/duplexify@ts3.6 fetched in 152ms
213 http fetch GET 304 https://registry.npmjs.org/@types%2fee-first 113ms (from cache)
214 silly pacote tag manifest for @types/ee-first@ts3.6 fetched in 115ms
215 http fetch GET 304 https://registry.npmjs.org/@types%2fcombined-stream 2452ms (from cache)
216 silly pacote tag manifest for @types/combined-stream@ts3.6 fetched in 2454ms
217 http fetch GET 304 https://registry.npmjs.org/@types%2felliptic 155ms (from cache)
218 http fetch GET 304 https://registry.npmjs.org/@types%2fdns-packet 481ms (from cache)
219 silly pacote tag manifest for @types/elliptic@ts3.6 fetched in 159ms
220 silly pacote tag manifest for @types/dns-packet@ts3.6 fetched in 486ms
221 http fetch GET 304 https://registry.npmjs.org/@types%2fes-to-primitive 150ms (from cache)
222 http fetch GET 304 https://registry.npmjs.org/@types%2fd 1160ms (from cache)
223 http fetch GET 304 https://registry.npmjs.org/@types%2fescape-html 152ms (from cache)
224 silly pacote tag manifest for @types/es-to-primitive@ts3.6 fetched in 155ms
225 silly pacote tag manifest for @types/d@ts3.6 fetched in 1165ms
226 silly pacote tag manifest for @types/escape-html@ts3.6 fetched in 160ms
227 http fetch GET 304 https://registry.npmjs.org/@types%2fdoctrine 742ms (from cache)
228 silly pacote tag manifest for @types/doctrine@ts3.6 fetched in 754ms
229 http fetch GET 304 https://registry.npmjs.org/@types%2fejs 480ms (from cache)
230 silly pacote tag manifest for @types/ejs@ts3.6 fetched in 497ms
231 http fetch GET 304 https://registry.npmjs.org/@types%2fescodegen 160ms (from cache)
232 http fetch GET 304 https://registry.npmjs.org/@types%2feslint 171ms (from cache)
233 silly pacote tag manifest for @types/escodegen@ts3.6 fetched in 183ms
234 silly pacote tag manifest for @types/eslint@ts3.6 fetched in 192ms
235 http fetch GET 304 https://registry.npmjs.org/@types%2feslint-scope 194ms (from cache)
236 http fetch GET 304 https://registry.npmjs.org/@types%2fencodeurl 487ms (from cache)
237 silly pacote tag manifest for @types/eslint-scope@ts3.6 fetched in 218ms
238 silly pacote tag manifest for @types/encodeurl@ts3.6 fetched in 515ms
239 http fetch GET 304 https://registry.npmjs.org/@types%2fend-of-stream 480ms (from cache)
240 silly pacote tag manifest for @types/end-of-stream@ts3.6 fetched in 483ms
241 http fetch GET 304 https://registry.npmjs.org/@types%2festraverse 181ms (from cache)
242 http fetch GET 304 https://registry.npmjs.org/@types%2fesutils 149ms (from cache)
243 silly pacote tag manifest for @types/estraverse@ts3.6 fetched in 185ms
244 silly pacote tag manifest for @types/esutils@ts3.6 fetched in 154ms
245 http fetch GET 304 https://registry.npmjs.org/@types%2fdeep-equal 1436ms (from cache)
246 http fetch GET 304 https://registry.npmjs.org/@types%2feslint-utils 369ms (from cache)
247 silly pacote tag manifest for @types/deep-equal@ts3.6 fetched in 1441ms
248 http fetch GET 304 https://registry.npmjs.org/@types%2feventsource 129ms (from cache)
249 silly pacote tag manifest for @types/eslint-utils@ts3.6 fetched in 374ms
250 silly pacote tag manifest for @types/eventsource@ts3.6 fetched in 135ms
251 http fetch GET 304 https://registry.npmjs.org/@types%2fdefine-properties 1494ms (from cache)
252 http fetch GET 304 https://registry.npmjs.org/@types%2fesprima 456ms (from cache)
253 silly pacote tag manifest for @types/define-properties@ts3.6 fetched in 1500ms
254 silly pacote tag manifest for @types/esprima@ts3.6 fetched in 465ms
255 http fetch GET 304 https://registry.npmjs.org/@types%2fexpress 120ms (from cache)
256 silly pacote tag manifest for @types/express@ts3.6 fetched in 124ms
257 http fetch GET 304 https://registry.npmjs.org/@types%2ffast-levenshtein 170ms (from cache)
258 silly pacote tag manifest for @types/fast-levenshtein@ts3.6 fetched in 187ms
259 http fetch GET 304 https://registry.npmjs.org/@types%2ffb-watchman 211ms (from cache)
260 silly pacote tag manifest for @types/fb-watchman@ts3.6 fetched in 213ms
261 http fetch GET 200 https://registry.npmjs.org/@types%2ffill-range 129ms
262 silly fetchPackageMetaData error for @types/fill-range@ts3.6 No matching version found for @types/fill-range@ts3.6.
263 http fetch GET 304 https://registry.npmjs.org/@types%2ffinalhandler 392ms (from cache)
264 silly pacote tag manifest for @types/finalhandler@ts3.6 fetched in 395ms
265 http fetch GET 304 https://registry.npmjs.org/@types%2fflat-cache 460ms (from cache)
266 silly pacote tag manifest for @types/flat-cache@ts3.6 fetched in 462ms
267 http fetch GET 304 https://registry.npmjs.org/@types%2ffollow-redirects 99ms (from cache)
268 silly pacote tag manifest for @types/follow-redirects@ts3.6 fetched in 101ms
269 http fetch GET 200 https://registry.npmjs.org/@types%2ffor-each 87ms
270 silly fetchPackageMetaData error for @types/for-each@ts3.6 No matching version found for @types/for-each@ts3.6.
271 http fetch GET 304 https://registry.npmjs.org/@types%2fevents 1046ms (from cache)
272 silly pacote tag manifest for @types/events@ts3.6 fetched in 1048ms
273 http fetch GET 304 https://registry.npmjs.org/@types%2fforwarded 136ms (from cache)
274 silly pacote tag manifest for @types/forwarded@ts3.6 fetched in 140ms
275 http fetch GET 304 https://registry.npmjs.org/@types%2ffrom2 190ms (from cache)
276 http fetch GET 304 https://registry.npmjs.org/@types%2ffs-extra 144ms (from cache)
277 silly pacote tag manifest for @types/from2@ts3.6 fetched in 195ms
278 http fetch GET 304 https://registry.npmjs.org/@types%2ffile-loader 860ms (from cache)
279 silly pacote tag manifest for @types/fs-extra@ts3.6 fetched in 150ms
280 http fetch GET 304 https://registry.npmjs.org/@types%2ffresh 206ms (from cache)
281 silly pacote tag manifest for @types/file-loader@ts3.6 fetched in 868ms
282 silly pacote tag manifest for @types/fresh@ts3.6 fetched in 212ms
283 http fetch GET 304 https://registry.npmjs.org/@types%2ffunction-bind 157ms (from cache)
284 http fetch GET 304 https://registry.npmjs.org/@types%2fetag 1416ms (from cache)
285 silly pacote tag manifest for @types/function-bind@ts3.6 fetched in 175ms
286 silly pacote tag manifest for @types/etag@ts3.6 fetched in 1434ms
287 http fetch GET 304 https://registry.npmjs.org/@types%2ffs-minipass 184ms (from cache)
288 silly registry:manifest no matching version for @types/fs-minipass@ts3.6 in the cache. Forcing revalidation.
289 http fetch GET 304 https://registry.npmjs.org/@types%2ffunctional-red-black-tree 214ms (from cache)
290 silly pacote tag manifest for @types/functional-red-black-tree@ts3.6 fetched in 218ms
291 http fetch GET 304 https://registry.npmjs.org/@types%2ffunction.prototype.name 236ms (from cache)
292 silly registry:manifest no matching version for @types/function.prototype.name@ts3.6 in the cache. Forcing revalidation.
293 http fetch GET 200 https://registry.npmjs.org/@types%2ffunctions-have-names 106ms
294 silly fetchPackageMetaData error for @types/functions-have-names@ts3.6 No matching version found for @types/functions-have-names@ts3.6.
295 http fetch GET 200 https://registry.npmjs.org/@types%2fgensync 186ms
296 silly fetchPackageMetaData error for @types/gensync@ts3.6 No matching version found for @types/gensync@ts3.6.
297 http fetch GET 200 https://registry.npmjs.org/@types%2fget-intrinsic 127ms
298 silly fetchPackageMetaData error for @types/get-intrinsic@ts3.6 No matching version found for @types/get-intrinsic@ts3.6.
299 http fetch GET 200 https://registry.npmjs.org/@types%2ffunction.prototype.name 130ms
300 silly fetchPackageMetaData error for @types/function.prototype.name@ts3.6 No matching version found for @types/function.prototype.name@ts3.6.
301 http fetch GET 304 https://registry.npmjs.org/@types%2fes-abstract 2099ms (from cache)
302 silly pacote tag manifest for @types/es-abstract@ts3.6 fetched in 2112ms
303 http fetch GET 304 https://registry.npmjs.org/@types%2fget-value 84ms (from cache)
304 silly pacote tag manifest for @types/get-value@ts3.6 fetched in 87ms
305 http fetch GET 304 https://registry.npmjs.org/@types%2fglobal-modules 149ms (from cache)
306 silly pacote tag manifest for @types/global-modules@ts3.6 fetched in 152ms
307 http fetch GET 304 https://registry.npmjs.org/@types%2ffile-entry-cache 1403ms (from cache)
308 silly pacote tag manifest for @types/file-entry-cache@ts3.6 fetched in 1406ms
309 http fetch GET 304 https://registry.npmjs.org/@types%2fglobal-prefix 119ms (from cache)
310 silly pacote tag manifest for @types/global-prefix@ts3.6 fetched in 122ms
311 http fetch GET 304 https://registry.npmjs.org/@types%2fgraceful-fs 89ms (from cache)
312 silly pacote tag manifest for @types/graceful-fs@ts3.6 fetched in 91ms
313 http fetch GET 304 https://registry.npmjs.org/@types%2fhas 122ms (from cache)
314 silly pacote tag manifest for @types/has@ts3.6 fetched in 125ms
315 http fetch GET 200 https://registry.npmjs.org/@types%2fhas-property-descriptors 79ms
316 silly fetchPackageMetaData error for @types/has-property-descriptors@ts3.6 No matching version found for @types/has-property-descriptors@ts3.6.
317 http fetch GET 304 https://registry.npmjs.org/@types%2fhas-symbols 96ms (from cache)
318 silly pacote tag manifest for @types/has-symbols@ts3.6 fetched in 98ms
319 http fetch GET 304 https://registry.npmjs.org/@types%2fgopd 404ms (from cache)
320 silly registry:manifest no matching version for @types/gopd@ts3.6 in the cache. Forcing revalidation.
321 http fetch GET 200 https://registry.npmjs.org/@types%2fhas-values 90ms
322 silly fetchPackageMetaData error for @types/has-values@ts3.6 No matching version found for @types/has-values@ts3.6.
323 http fetch GET 304 https://registry.npmjs.org/@types%2fesquery 2289ms (from cache)
324 silly pacote tag manifest for @types/esquery@ts3.6 fetched in 2292ms
325 http fetch GET 200 https://registry.npmjs.org/@types%2fhas-bigints 412ms
326 silly fetchPackageMetaData error for @types/has-bigints@ts3.6 No matching version found for @types/has-bigints@ts3.6.
327 http fetch GET 200 https://registry.npmjs.org/@types%2fgopd 112ms
328 silly fetchPackageMetaData error for @types/gopd@ts3.6 No matching version found for @types/gopd@ts3.6.
329 http fetch GET 304 https://registry.npmjs.org/@types%2fhe 151ms (from cache)
330 silly pacote tag manifest for @types/he@ts3.6 fetched in 165ms
331 http fetch GET 304 https://registry.npmjs.org/@types%2fglob-parent 768ms (from cache)
332 silly pacote tag manifest for @types/glob-parent@ts3.6 fetched in 771ms
333 http fetch GET 304 https://registry.npmjs.org/@types%2fglobalthis 689ms (from cache)
334 silly pacote tag manifest for @types/globalthis@ts3.6 fetched in 691ms
335 http fetch GET 304 https://registry.npmjs.org/@types%2fhoist-non-react-statics 136ms (from cache)
336 silly pacote tag manifest for @types/hoist-non-react-statics@ts3.6 fetched in 155ms
337 http fetch GET 304 https://registry.npmjs.org/@types%2fhosted-git-info 150ms (from cache)
338 silly pacote tag manifest for @types/hosted-git-info@ts3.6 fetched in 152ms
339 http fetch GET 304 https://registry.npmjs.org/@types%2fhtml-escaper 137ms (from cache)
340 silly pacote tag manifest for @types/html-escaper@ts3.6 fetched in 140ms
341 http fetch GET 304 https://registry.npmjs.org/@types%2fexit 2392ms (from cache)
342 http fetch GET 304 https://registry.npmjs.org/@types%2fhttp-errors 91ms (from cache)
343 silly pacote tag manifest for @types/exit@ts3.6 fetched in 2397ms
344 silly pacote tag manifest for @types/http-errors@ts3.6 fetched in 96ms
345 http fetch GET 304 https://registry.npmjs.org/@types%2fhttp-proxy 145ms (from cache)
346 silly pacote tag manifest for @types/http-proxy@ts3.6 fetched in 147ms
347 http fetch GET 200 https://registry.npmjs.org/@types%2fidentity-obj-proxy 131ms
348 silly fetchPackageMetaData error for @types/identity-obj-proxy@ts3.6 No matching version found for @types/identity-obj-proxy@ts3.6.
349 http fetch GET 304 https://registry.npmjs.org/@types%2ficss-utils 143ms (from cache)
350 http fetch GET 304 https://registry.npmjs.org/@types%2fhex-color-regex 436ms (from cache)
351 silly pacote tag manifest for @types/icss-utils@ts3.6 fetched in 146ms
352 silly pacote tag manifest for @types/hex-color-regex@ts3.6 fetched in 454ms
353 http fetch GET 304 https://registry.npmjs.org/@types%2fimport-local 173ms (from cache)
354 silly registry:manifest no matching version for @types/import-local@ts3.6 in the cache. Forcing revalidation.
355 http fetch GET 304 https://registry.npmjs.org/@types%2fflush-write-stream 2279ms (from cache)
356 silly pacote tag manifest for @types/flush-write-stream@ts3.6 fetched in 2287ms
357 http fetch GET 304 https://registry.npmjs.org/@types%2fhtml-encoding-sniffer 518ms (from cache)
358 http fetch GET 200 https://registry.npmjs.org/@types%2ffs-minipass 1438ms
359 silly fetchPackageMetaData error for @types/fs-minipass@ts3.6 No matching version found for @types/fs-minipass@ts3.6.
360 silly pacote tag manifest for @types/html-encoding-sniffer@ts3.6 fetched in 525ms
361 http fetch GET 200 https://registry.npmjs.org/@types%2finflight 203ms
362 silly fetchPackageMetaData error for @types/inflight@ts3.6 No matching version found for @types/inflight@ts3.6.
363 http fetch GET 304 https://registry.npmjs.org/@types%2finherits 209ms (from cache)
364 http fetch GET 304 https://registry.npmjs.org/@types%2fhtml-minifier-terser 522ms (from cache)
365 silly pacote tag manifest for @types/inherits@ts3.6 fetched in 225ms
366 silly pacote tag manifest for @types/html-minifier-terser@ts3.6 fetched in 529ms
367 http fetch GET 304 https://registry.npmjs.org/@types%2fget-symbol-description 1453ms (from cache)
368 silly registry:manifest no matching version for @types/get-symbol-description@ts3.6 in the cache. Forcing revalidation.
369 http fetch GET 304 https://registry.npmjs.org/@types%2fini 178ms (from cache)
370 silly pacote tag manifest for @types/ini@ts3.6 fetched in 202ms
371 http fetch GET 304 https://registry.npmjs.org/@types%2fis-bigint 125ms (from cache)
372 silly registry:manifest no matching version for @types/is-bigint@ts3.6 in the cache. Forcing revalidation.
373 http fetch GET 200 https://registry.npmjs.org/@types%2fget-symbol-description 127ms
374 silly fetchPackageMetaData error for @types/get-symbol-description@ts3.6 No matching version found for @types/get-symbol-description@ts3.6.
375 http fetch GET 200 https://registry.npmjs.org/@types%2fimport-local 341ms
376 silly fetchPackageMetaData error for @types/import-local@ts3.6 No matching version found for @types/import-local@ts3.6.
377 http fetch GET 200 https://registry.npmjs.org/@types%2fis-boolean-object 120ms
378 silly fetchPackageMetaData error for @types/is-boolean-object@ts3.6 No matching version found for @types/is-boolean-object@ts3.6.
379 http fetch GET 304 https://registry.npmjs.org/@types%2fimurmurhash 492ms (from cache)
380 http fetch GET 304 https://registry.npmjs.org/@types%2fis-async-function 246ms (from cache)
381 silly registry:manifest no matching version for @types/is-async-function@ts3.6 in the cache. Forcing revalidation.
382 silly pacote tag manifest for @types/imurmurhash@ts3.6 fetched in 512ms
383 http fetch GET 200 https://registry.npmjs.org/@types%2fis-bigint 150ms
384 silly fetchPackageMetaData error for @types/is-bigint@ts3.6 No matching version found for @types/is-bigint@ts3.6.
385 http fetch GET 304 https://registry.npmjs.org/@types%2fiferr 853ms (from cache)
386 silly pacote tag manifest for @types/iferr@ts3.6 fetched in 861ms
387 http fetch GET 304 https://registry.npmjs.org/@types%2fis-buffer 296ms (from cache)
388 http fetch GET 200 https://registry.npmjs.org/@types%2fis-async-function 248ms
389 silly fetchPackageMetaData error for @types/is-async-function@ts3.6 No matching version found for @types/is-async-function@ts3.6.
390 silly pacote tag manifest for @types/is-buffer@ts3.6 fetched in 317ms
391 http fetch GET 304 https://registry.npmjs.org/@types%2fis-core-module 301ms (from cache)
392 http fetch GET 304 https://registry.npmjs.org/@types%2fis-callable 359ms (from cache)
393 silly pacote tag manifest for @types/is-callable@ts3.6 fetched in 363ms
394 silly pacote tag manifest for @types/is-core-module@ts3.6 fetched in 320ms
395 http fetch GET 304 https://registry.npmjs.org/@types%2fis-date-object 196ms (from cache)
396 http fetch GET 304 https://registry.npmjs.org/@types%2fis-generator-function 177ms (from cache)
397 silly pacote tag manifest for @types/is-date-object@ts3.6 fetched in 203ms
398 http fetch GET 304 https://registry.npmjs.org/@types%2fis-extglob 184ms (from cache)
399 silly pacote tag manifest for @types/is-generator-function@ts3.6 fetched in 183ms
400 silly registry:manifest no matching version for @types/is-extglob@ts3.6 in the cache. Forcing revalidation.
401 http fetch GET 304 https://registry.npmjs.org/@types%2fis-glob 195ms (from cache)
402 silly pacote tag manifest for @types/is-glob@ts3.6 fetched in 199ms
403 http fetch GET 304 https://registry.npmjs.org/@types%2fis-negative-zero 165ms (from cache)
404 silly registry:manifest no matching version for @types/is-negative-zero@ts3.6 in the cache. Forcing revalidation.
405 http fetch GET 304 https://registry.npmjs.org/@types%2fis-ci 687ms (from cache)
406 silly pacote tag manifest for @types/is-ci@ts3.6 fetched in 691ms
407 http fetch GET 304 https://registry.npmjs.org/@types%2fis-arguments 980ms (from cache)
408 silly pacote tag manifest for @types/is-arguments@ts3.6 fetched in 981ms
409 http fetch GET 304 https://registry.npmjs.org/@types%2fis-map 436ms (from cache)
410 silly registry:manifest no matching version for @types/is-map@ts3.6 in the cache. Forcing revalidation.
411 http fetch GET 304 https://registry.npmjs.org/@types%2fis-data-descriptor 731ms (from cache)
412 silly registry:manifest no matching version for @types/is-data-descriptor@ts3.6 in the cache. Forcing revalidation.
413 http fetch GET 304 https://registry.npmjs.org/@types%2fis-string 165ms (from cache)
414 silly registry:manifest no matching version for @types/is-string@ts3.6 in the cache. Forcing revalidation.
415 http fetch GET 304 https://registry.npmjs.org/@types%2fis-number 445ms (from cache)
416 silly pacote tag manifest for @types/is-number@ts3.6 fetched in 509ms
417 http fetch GET 304 https://registry.npmjs.org/@types%2fis-regex 482ms (from cache)
418 silly pacote tag manifest for @types/is-regex@ts3.6 fetched in 486ms
419 http fetch GET 200 https://registry.npmjs.org/@types%2fis-negative-zero 401ms
420 silly fetchPackageMetaData error for @types/is-negative-zero@ts3.6 No matching version found for @types/is-negative-zero@ts3.6.
421 http fetch GET 200 https://registry.npmjs.org/@types%2fis-symbol 112ms
422 silly fetchPackageMetaData error for @types/is-symbol@ts3.6 No matching version found for @types/is-symbol@ts3.6.
423 http fetch GET 304 https://registry.npmjs.org/@types%2fip 1372ms (from cache)
424 silly pacote tag manifest for @types/ip@ts3.6 fetched in 1384ms
425 http fetch GET 200 https://registry.npmjs.org/@types%2fis-weakref 115ms
426 silly fetchPackageMetaData error for @types/is-weakref@ts3.6 No matching version found for @types/is-weakref@ts3.6.
427 http fetch GET 304 https://registry.npmjs.org/@types%2fis-typedarray 133ms (from cache)
428 silly pacote tag manifest for @types/is-typedarray@ts3.6 fetched in 158ms
429 http fetch GET 200 https://registry.npmjs.org/@types%2fis-map 518ms
430 silly fetchPackageMetaData error for @types/is-map@ts3.6 No matching version found for @types/is-map@ts3.6.
431 http fetch GET 304 https://registry.npmjs.org/@types%2fis-windows 222ms (from cache)
432 http fetch GET 304 https://registry.npmjs.org/@types%2fisarray 209ms (from cache)
433 silly pacote tag manifest for @types/is-windows@ts3.6 fetched in 234ms
434 silly pacote tag manifest for @types/isarray@ts3.6 fetched in 225ms
435 http fetch GET 304 https://registry.npmjs.org/@types%2fisexe 189ms (from cache)
436 silly pacote tag manifest for @types/isexe@ts3.6 fetched in 203ms
437 http fetch GET 200 https://registry.npmjs.org/@types%2fis-string 472ms
438 silly fetchPackageMetaData error for @types/is-string@ts3.6 No matching version found for @types/is-string@ts3.6.
439 http fetch GET 200 https://registry.npmjs.org/@types%2fis-set 836ms
440 silly fetchPackageMetaData error for @types/is-set@ts3.6 No matching version found for @types/is-set@ts3.6.
441 http fetch GET 200 https://registry.npmjs.org/@types%2fis-data-descriptor 727ms
442 silly fetchPackageMetaData error for @types/is-data-descriptor@ts3.6 No matching version found for @types/is-data-descriptor@ts3.6.
443 http fetch GET 304 https://registry.npmjs.org/@types%2fistanbul-lib-coverage 355ms (from cache)
444 http fetch GET 304 https://registry.npmjs.org/@types%2fistanbul-lib-instrument 262ms (from cache)
445 silly pacote tag manifest for @types/istanbul-lib-coverage@ts3.6 fetched in 388ms
446 http fetch GET 304 https://registry.npmjs.org/@types%2fistanbul-reports 239ms (from cache)
447 silly pacote tag manifest for @types/istanbul-lib-instrument@ts3.6 fetched in 288ms
448 silly pacote tag manifest for @types/istanbul-reports@ts3.6 fetched in 257ms
449 http fetch GET 304 https://registry.npmjs.org/@types%2fjs-yaml 295ms (from cache)
450 http fetch GET 304 https://registry.npmjs.org/@types%2fistanbul-lib-source-maps 335ms (from cache)
451 silly pacote tag manifest for @types/js-yaml@ts3.6 fetched in 303ms
452 silly pacote tag manifest for @types/istanbul-lib-source-maps@ts3.6 fetched in 345ms
453 http fetch GET 304 https://registry.npmjs.org/@types%2fjsesc 193ms (from cache)
454 silly pacote tag manifest for @types/jsesc@ts3.6 fetched in 211ms
455 http fetch GET 304 https://registry.npmjs.org/@types%2fjson-buffer 154ms (from cache)
456 silly pacote tag manifest for @types/json-buffer@ts3.6 fetched in 157ms
457 http fetch GET 304 https://registry.npmjs.org/@types%2fjson-stable-stringify-without-jsonify 139ms (from cache)
458 silly registry:manifest no matching version for @types/json-stable-stringify-without-jsonify@ts3.6 in the cache. Forcing revalidation.
459 http fetch GET 304 https://registry.npmjs.org/@types%2fjson-parse-better-errors 153ms (from cache)
460 silly pacote tag manifest for @types/json-parse-better-errors@ts3.6 fetched in 171ms
461 http fetch GET 304 https://registry.npmjs.org/@types%2fjsonpath 115ms (from cache)
462 http fetch GET 304 https://registry.npmjs.org/@types%2fjsonfile 119ms (from cache)
463 silly pacote tag manifest for @types/jsonpath@ts3.6 fetched in 118ms
464 silly pacote tag manifest for @types/jsonfile@ts3.6 fetched in 121ms
465 http fetch GET 304 https://registry.npmjs.org/@types%2fistanbul-lib-report 499ms (from cache)
466 silly pacote tag manifest for @types/istanbul-lib-report@ts3.6 fetched in 500ms
467 http fetch GET 304 https://registry.npmjs.org/@types%2fjsdom 426ms (from cache)
468 silly pacote tag manifest for @types/jsdom@ts3.6 fetched in 429ms
469 http fetch GET 200 https://registry.npmjs.org/@types%2fjson-stable-stringify-without-jsonify 333ms
470 silly fetchPackageMetaData error for @types/json-stable-stringify-without-jsonify@ts3.6 No matching version found for @types/json-stable-stringify-without-jsonify@ts3.6.
471 http fetch GET 200 https://registry.npmjs.org/@types%2fis-extglob 2441ms
472 silly fetchPackageMetaData error for @types/is-extglob@ts3.6 No matching version found for @types/is-extglob@ts3.6.
473 http fetch GET 304 https://registry.npmjs.org/@types%2finternal-slot 6432ms (from cache)
474 silly pacote tag manifest for @types/internal-slot@ts3.6 fetched in 6434ms
475 timing stage:rollbackFailedOptional Completed in 1ms
476 timing stage:runTopLevelLifecycles Completed in 15527ms
477 verbose type tag
478 verbose stack @types/lint-staged: No matching version found for @types/lint-staged@ts3.6.
478 verbose stack     at pickManifest (/usr/local/lib/node_modules/npm/node_modules/npm-pick-manifest/index.js:122:13)
478 verbose stack     at /usr/local/lib/node_modules/npm/node_modules/pacote/lib/fetchers/registry/manifest.js:24:14
478 verbose stack     at tryCatcher (/usr/local/lib/node_modules/npm/node_modules/bluebird/js/release/util.js:16:23)
478 verbose stack     at Promise._settlePromiseFromHandler (/usr/local/lib/node_modules/npm/node_modules/bluebird/js/release/promise.js:517:31)
478 verbose stack     at Promise._settlePromise (/usr/local/lib/node_modules/npm/node_modules/bluebird/js/release/promise.js:574:18)
478 verbose stack     at Promise._settlePromise0 (/usr/local/lib/node_modules/npm/node_modules/bluebird/js/release/promise.js:619:10)
478 verbose stack     at Promise._settlePromises (/usr/local/lib/node_modules/npm/node_modules/bluebird/js/release/promise.js:699:18)
478 verbose stack     at _drainQueueStep (/usr/local/lib/node_modules/npm/node_modules/bluebird/js/release/async.js:138:12)
478 verbose stack     at _drainQueue (/usr/local/lib/node_modules/npm/node_modules/bluebird/js/release/async.js:131:9)
478 verbose stack     at Async._drainQueues (/usr/local/lib/node_modules/npm/node_modules/bluebird/js/release/async.js:147:5)
478 verbose stack     at Immediate.Async.drainQueues [as _onImmediate] (/usr/local/lib/node_modules/npm/node_modules/bluebird/js/release/async.js:17:14)
478 verbose stack     at processImmediate (internal/timers.js:456:21)
479 verbose cwd /home/theia/.cache/typescript/3.6
480 verbose Linux 5.10.16.3-microsoft-standard-WSL2
481 verbose argv "/usr/local/bin/node" "/usr/local/bin/npm" "install" "--ignore-scripts" "@types/craco__craco@ts3.6" "@types/react@ts3.6" "@types/react-dom@ts3.6" "@types/styled-components@ts3.6" "@types/eslint-config-prettier@ts3.6" "@types/eslint-plugin-prettier@ts3.6" "@types/lint-staged@ts3.6" "@types/accepts@ts3.6" "@types/ansi-html@ts3.6" "@types/argparse@ts3.6" "@types/aria-query@ts3.6" "@types/arr-diff@ts3.6" "@types/arr-union@ts3.6" "@types/array-unique@ts3.6" "@types/array.prototype.flat@ts3.6" "@types/array.prototype.flatmap@ts3.6" "@types/asap@ts3.6" "@types/assert@ts3.6" "@types/async@ts3.6" "@types/at-least-node@ts3.6" "@types/atob@ts3.6" "@types/babel-plugin-macros@ts3.6" "@types/babel-plugin-syntax-jsx@ts3.6" "@types/babylon@ts3.6" "@types/balanced-match@ts3.6" "@types/big.js@ts3.6" "@types/bluebird@ts3.6" "@types/bn.js@ts3.6" "@types/body-parser@ts3.6" "@types/bonjour@ts3.6" "@types/boolbase@ts3.6" "@types/brace-expansion@ts3.6" "@types/braces@ts3.6" "@types/brorand@ts3.6" "@types/bser@ts3.6" "@types/buffer-from@ts3.6" "@types/buffer-xor@ts3.6" "@types/bytes@ts3.6" "@types/cacache@ts3.6" "@types/call-bind@ts3.6" "@types/camelize@ts3.6" "@types/caniuse-api@ts3.6" "@types/caniuse-lite@ts3.6" "@types/case-sensitive-paths-webpack-plugin@ts3.6" "@types/check-types@ts3.6" "@types/chownr@ts3.6" "@types/cipher-base@ts3.6" "@types/clean-css@ts3.6" "@types/co@ts3.6" "@types/color@ts3.6" "@types/color-convert@ts3.6" "@types/color-name@ts3.6" "@types/color-string@ts3.6" "@types/combined-stream@ts3.6" "@types/common-tags@ts3.6" "@types/commondir@ts3.6" "@types/component-emitter@ts3.6" "@types/compose-function@ts3.6" "@types/compressible@ts3.6" "@types/compression@ts3.6" "@types/concat-map@ts3.6" "@types/concat-stream@ts3.6" "@types/confusing-browser-globals@ts3.6" "@types/connect-history-api-fallback@ts3.6" "@types/content-disposition@ts3.6" "@types/content-type@ts3.6" "@types/convert-source-map@ts3.6" "@types/cookie@ts3.6" "@types/cookie-signature@ts3.6" "@types/core-js@ts3.6" "@types/core-util-is@ts3.6" "@types/create-hash@ts3.6" "@types/create-hmac@ts3.6" "@types/cross-spawn@ts3.6" "@types/css@ts3.6" "@types/css-declaration-sorter@ts3.6" "@types/css-tree@ts3.6" "@types/css.escape@ts3.6" "@types/cssesc@ts3.6" "@types/csso@ts3.6" "@types/cssom@ts3.6" "@types/cssstyle@ts3.6" "@types/d@ts3.6" "@types/damerau-levenshtein@ts3.6" "@types/data-urls@ts3.6" "@types/debug@ts3.6" "@types/decode-uri-component@ts3.6" "@types/dedent@ts3.6" "@types/deep-equal@ts3.6" "@types/default-gateway@ts3.6" "@types/define-properties@ts3.6" "@types/depd@ts3.6" "@types/destroy@ts3.6" "@types/detect-node@ts3.6" "@types/diffie-hellman@ts3.6" "@types/dir-glob@ts3.6" "@types/dns-packet@ts3.6" "@types/dns-txt@ts3.6" "@types/doctrine@ts3.6" "@types/domexception@ts3.6" "@types/domutils@ts3.6" "@types/duplexify@ts3.6" "@types/ee-first@ts3.6" "@types/ejs@ts3.6" "@types/elliptic@ts3.6" "@types/encodeurl@ts3.6" "@types/end-of-stream@ts3.6" "@types/es-abstract@ts3.6" "@types/es-to-primitive@ts3.6" "@types/escape-html@ts3.6" "@types/escodegen@ts3.6" "@types/eslint@ts3.6" "@types/eslint-scope@ts3.6" "@types/eslint-utils@ts3.6" "@types/esprima@ts3.6" "@types/esquery@ts3.6" "@types/estraverse@ts3.6" "@types/esutils@ts3.6" "@types/etag@ts3.6" "@types/events@ts3.6" "@types/eventsource@ts3.6" "@types/exit@ts3.6" "@types/express@ts3.6" "@types/fast-levenshtein@ts3.6" "@types/fb-watchman@ts3.6" "@types/file-entry-cache@ts3.6" "@types/file-loader@ts3.6" "@types/fill-range@ts3.6" "@types/finalhandler@ts3.6" "@types/flat-cache@ts3.6" "@types/flush-write-stream@ts3.6" "@types/follow-redirects@ts3.6" "@types/for-each@ts3.6" "@types/forwarded@ts3.6" "@types/fresh@ts3.6" "@types/from2@ts3.6" "@types/fs-extra@ts3.6" "@types/fs-minipass@ts3.6" "@types/function-bind@ts3.6" "@types/function.prototype.name@ts3.6" "@types/functional-red-black-tree@ts3.6" "@types/functions-have-names@ts3.6" "@types/gensync@ts3.6" "@types/get-intrinsic@ts3.6" "@types/get-symbol-description@ts3.6" "@types/get-value@ts3.6" "@types/glob-parent@ts3.6" "@types/global-modules@ts3.6" "@types/global-prefix@ts3.6" "@types/globalthis@ts3.6" "@types/gopd@ts3.6" "@types/graceful-fs@ts3.6" "@types/has@ts3.6" "@types/has-bigints@ts3.6" "@types/has-property-descriptors@ts3.6" "@types/has-symbols@ts3.6" "@types/has-values@ts3.6" "@types/he@ts3.6" "@types/hex-color-regex@ts3.6" "@types/hoist-non-react-statics@ts3.6" "@types/hosted-git-info@ts3.6" "@types/html-encoding-sniffer@ts3.6" "@types/html-escaper@ts3.6" "@types/html-minifier-terser@ts3.6" "@types/http-errors@ts3.6" "@types/http-proxy@ts3.6" "@types/icss-utils@ts3.6" "@types/identity-obj-proxy@ts3.6" "@types/iferr@ts3.6" "@types/import-local@ts3.6" "@types/imurmurhash@ts3.6" "@types/inflight@ts3.6" "@types/inherits@ts3.6" "@types/ini@ts3.6" "@types/internal-slot@ts3.6" "@types/ip@ts3.6" "@types/is-arguments@ts3.6" "@types/is-async-function@ts3.6" "@types/is-bigint@ts3.6" "@types/is-boolean-object@ts3.6" "@types/is-buffer@ts3.6" "@types/is-callable@ts3.6" "@types/is-ci@ts3.6" "@types/is-core-module@ts3.6" "@types/is-data-descriptor@ts3.6" "@types/is-date-object@ts3.6" "@types/is-extglob@ts3.6" "@types/is-generator-function@ts3.6" "@types/is-glob@ts3.6" "@types/is-map@ts3.6" "@types/is-negative-zero@ts3.6" "@types/is-number@ts3.6" "@types/is-regex@ts3.6" "@types/is-set@ts3.6" "@types/is-string@ts3.6" "@types/is-symbol@ts3.6" "@types/is-typedarray@ts3.6" "@types/is-weakref@ts3.6" "@types/is-windows@ts3.6" "@types/isarray@ts3.6" "@types/isexe@ts3.6" "@types/istanbul-lib-coverage@ts3.6" "@types/istanbul-lib-instrument@ts3.6" "@types/istanbul-lib-report@ts3.6" "@types/istanbul-lib-source-maps@ts3.6" "@types/istanbul-reports@ts3.6" "@types/js-yaml@ts3.6" "@types/jsdom@ts3.6" "@types/jsesc@ts3.6" "@types/json-buffer@ts3.6" "@types/json-parse-better-errors@ts3.6" "@types/json-stable-stringify-without-jsonify@ts3.6" "@types/jsonfile@ts3.6" "@types/jsonpath@ts3.6" "--save-dev" "--user-agent=typesInstaller/3.6.3"
482 verbose node v12.18.3
483 verbose npm  v6.14.6
484 error code ETARGET
485 error notarget No matching version found for @types/lint-staged@ts3.6.
486 error notarget In most cases you or one of your dependencies are requesting
486 error notarget a package version that doesn't exist.
487 verbose exit [ 1, true ]
