0 info it worked if it ends with ok
1 verbose cli [
1 verbose cli   '/usr/local/bin/node',
1 verbose cli   '/usr/local/bin/npm',
1 verbose cli   'install',
1 verbose cli   '--ignore-scripts',
1 verbose cli   '@types/js-cookie@ts3.6',
1 verbose cli   '@types/react@ts3.6',
1 verbose cli   '@types/react-dom@ts3.6',
1 verbose cli   '@types/eslint-config-prettier@ts3.6',
1 verbose cli   '@types/eslint-plugin-prettier@ts3.6',
1 verbose cli   '@types/lint-staged@ts3.6',
1 verbose cli   '@types/accepts@ts3.6',
1 verbose cli   '@types/ansi-html@ts3.6',
1 verbose cli   '@types/argparse@ts3.6',
1 verbose cli   '@types/aria-query@ts3.6',
1 verbose cli   '@types/arr-diff@ts3.6',
1 verbose cli   '@types/arr-union@ts3.6',
1 verbose cli   '@types/array-unique@ts3.6',
1 verbose cli   '@types/array.prototype.flat@ts3.6',
1 verbose cli   '@types/array.prototype.flatmap@ts3.6',
1 verbose cli   '@types/asap@ts3.6',
1 verbose cli   '@types/assert@ts3.6',
1 verbose cli   '@types/async@ts3.6',
1 verbose cli   '@types/at-least-node@ts3.6',
1 verbose cli   '@types/atob@ts3.6',
1 verbose cli   '@types/babel-plugin-macros@ts3.6',
1 verbose cli   '@types/babylon@ts3.6',
1 verbose cli   '@types/balanced-match@ts3.6',
1 verbose cli   '@types/big.js@ts3.6',
1 verbose cli   '@types/bluebird@ts3.6',
1 verbose cli   '@types/bn.js@ts3.6',
1 verbose cli   '@types/body-parser@ts3.6',
1 verbose cli   '@types/bonjour@ts3.6',
1 verbose cli   '@types/boolbase@ts3.6',
1 verbose cli   '@types/brace-expansion@ts3.6',
1 verbose cli   '@types/braces@ts3.6',
1 verbose cli   '@types/brorand@ts3.6',
1 verbose cli   '@types/bser@ts3.6',
1 verbose cli   '@types/buffer-from@ts3.6',
1 verbose cli   '@types/buffer-xor@ts3.6',
1 verbose cli   '@types/bytes@ts3.6',
1 verbose cli   '@types/cacache@ts3.6',
1 verbose cli   '@types/call-bind@ts3.6',
1 verbose cli   '@types/caniuse-api@ts3.6',
1 verbose cli   '@types/caniuse-lite@ts3.6',
1 verbose cli   '@types/case-sensitive-paths-webpack-plugin@ts3.6',
1 verbose cli   '@types/chardet@ts3.6',
1 verbose cli   '@types/check-types@ts3.6',
1 verbose cli   '@types/chownr@ts3.6',
1 verbose cli   '@types/cipher-base@ts3.6',
1 verbose cli   '@types/clean-css@ts3.6',
1 verbose cli   '@types/cli-spinners@ts3.6',
1 verbose cli   '@types/clone@ts3.6',
1 verbose cli   '@types/co@ts3.6',
1 verbose cli   '@types/color@ts3.6',
1 verbose cli   '@types/color-convert@ts3.6',
1 verbose cli   '@types/color-name@ts3.6',
1 verbose cli   '@types/color-string@ts3.6',
1 verbose cli   '@types/combined-stream@ts3.6',
1 verbose cli   '@types/common-tags@ts3.6',
1 verbose cli   '@types/commondir@ts3.6',
1 verbose cli   '@types/component-emitter@ts3.6',
1 verbose cli   '@types/compose-function@ts3.6',
1 verbose cli   '@types/compressible@ts3.6',
1 verbose cli   '@types/compression@ts3.6',
1 verbose cli   '@types/concat-map@ts3.6',
1 verbose cli   '@types/concat-stream@ts3.6',
1 verbose cli   '@types/confusing-browser-globals@ts3.6',
1 verbose cli   '@types/connect-history-api-fallback@ts3.6',
1 verbose cli   '@types/content-disposition@ts3.6',
1 verbose cli   '@types/content-type@ts3.6',
1 verbose cli   '@types/convert-source-map@ts3.6',
1 verbose cli   '@types/cookie@ts3.6',
1 verbose cli   '@types/cookie-signature@ts3.6',
1 verbose cli   '@types/core-js@ts3.6',
1 verbose cli   '@types/core-util-is@ts3.6',
1 verbose cli   '@types/create-hash@ts3.6',
1 verbose cli   '@types/create-hmac@ts3.6',
1 verbose cli   '@types/cross-spawn@ts3.6',
1 verbose cli   '@types/css@ts3.6',
1 verbose cli   '@types/css-declaration-sorter@ts3.6',
1 verbose cli   '@types/css-tree@ts3.6',
1 verbose cli   '@types/css.escape@ts3.6',
1 verbose cli   '@types/cssesc@ts3.6',
1 verbose cli   '@types/csso@ts3.6',
1 verbose cli   '@types/cssom@ts3.6',
1 verbose cli   '@types/cssstyle@ts3.6',
1 verbose cli   '@types/d@ts3.6',
1 verbose cli   '@types/damerau-levenshtein@ts3.6',
1 verbose cli   '@types/data-urls@ts3.6',
1 verbose cli   '@types/debug@ts3.6',
1 verbose cli   '@types/decode-uri-component@ts3.6',
1 verbose cli   '@types/dedent@ts3.6',
1 verbose cli   '@types/deep-equal@ts3.6',
1 verbose cli   '@types/default-gateway@ts3.6',
1 verbose cli   '@types/defaults@ts3.6',
1 verbose cli   '@types/define-properties@ts3.6',
1 verbose cli   '@types/depd@ts3.6',
1 verbose cli   '@types/destroy@ts3.6',
1 verbose cli   '@types/detect-node@ts3.6',
1 verbose cli   '@types/diffie-hellman@ts3.6',
1 verbose cli   ... 124 more items
1 verbose cli ]
2 info using npm@6.14.6
3 info using node@v12.18.3
4 verbose npm-session 425a76b984c15290
5 silly install loadCurrentTree
6 silly install readLocalPackageData
7 http fetch GET 200 https://registry.npmjs.org/@types%2flint-staged 1143ms
8 silly fetchPackageMetaData error for @types/lint-staged@ts3.6 No matching version found for @types/lint-staged@ts3.6.
9 http fetch GET 304 https://registry.npmjs.org/@types%2fjs-cookie 1180ms (from cache)
10 http fetch GET 304 https://registry.npmjs.org/@types%2fansi-html 1157ms (from cache)
11 http fetch GET 304 https://registry.npmjs.org/@types%2feslint-plugin-prettier 1168ms (from cache)
12 http fetch GET 304 https://registry.npmjs.org/@types%2feslint-config-prettier 1174ms (from cache)
13 silly registry:manifest no matching version for @types/ansi-html@ts3.6 in the cache. Forcing revalidation.
14 http fetch GET 304 https://registry.npmjs.org/@types%2faria-query 1159ms (from cache)
15 http fetch GET 304 https://registry.npmjs.org/@types%2faccepts 1173ms (from cache)
16 silly pacote tag manifest for @types/eslint-plugin-prettier@ts3.6 fetched in 1200ms
17 http fetch GET 304 https://registry.npmjs.org/@types%2fargparse 1195ms (from cache)
18 silly pacote tag manifest for @types/eslint-config-prettier@ts3.6 fetched in 1226ms
19 silly pacote tag manifest for @types/js-cookie@ts3.6 fetched in 1254ms
20 silly pacote tag manifest for @types/aria-query@ts3.6 fetched in 1214ms
21 silly pacote tag manifest for @types/accepts@ts3.6 fetched in 1228ms
22 http fetch GET 304 https://registry.npmjs.org/@types%2freact-dom 1256ms (from cache)
23 http fetch GET 304 https://registry.npmjs.org/@types%2freact 1270ms (from cache)
24 silly pacote tag manifest for @types/argparse@ts3.6 fetched in 1260ms
25 silly pacote tag manifest for @types/react-dom@ts3.6 fetched in 1401ms
26 silly pacote tag manifest for @types/react@ts3.6 fetched in 1416ms
27 http fetch GET 304 https://registry.npmjs.org/@types%2farr-diff 614ms (from cache)
28 http fetch GET 304 https://registry.npmjs.org/@types%2farray.prototype.flat 553ms (from cache)
29 http fetch GET 304 https://registry.npmjs.org/@types%2farray.prototype.flatmap 551ms (from cache)
30 http fetch GET 304 https://registry.npmjs.org/@types%2farray-unique 564ms (from cache)
31 http fetch GET 304 https://registry.npmjs.org/@types%2fasap 557ms (from cache)
32 silly pacote tag manifest for @types/arr-diff@ts3.6 fetched in 653ms
33 http fetch GET 304 https://registry.npmjs.org/@types%2fassert 546ms (from cache)
34 silly pacote tag manifest for @types/array.prototype.flatmap@ts3.6 fetched in 587ms
35 silly pacote tag manifest for @types/asap@ts3.6 fetched in 587ms
36 silly pacote tag manifest for @types/array-unique@ts3.6 fetched in 600ms
37 silly pacote tag manifest for @types/array.prototype.flat@ts3.6 fetched in 616ms
38 silly pacote tag manifest for @types/assert@ts3.6 fetched in 580ms
39 http fetch GET 304 https://registry.npmjs.org/@types%2fat-least-node 546ms (from cache)
40 silly registry:manifest no matching version for @types/at-least-node@ts3.6 in the cache. Forcing revalidation.
41 http fetch GET 304 https://registry.npmjs.org/@types%2fbalanced-match 317ms (from cache)
42 http fetch GET 304 https://registry.npmjs.org/@types%2fbabylon 320ms (from cache)
43 silly pacote tag manifest for @types/balanced-match@ts3.6 fetched in 326ms
44 http fetch GET 304 https://registry.npmjs.org/@types%2fbabel-plugin-macros 332ms (from cache)
45 silly pacote tag manifest for @types/babel-plugin-macros@ts3.6 fetched in 353ms
46 silly pacote tag manifest for @types/babylon@ts3.6 fetched in 366ms
47 http fetch GET 304 https://registry.npmjs.org/@types%2fbn.js 175ms (from cache)
48 http fetch GET 304 https://registry.npmjs.org/@types%2fbody-parser 172ms (from cache)
49 silly pacote tag manifest for @types/bn.js@ts3.6 fetched in 200ms
50 silly pacote tag manifest for @types/body-parser@ts3.6 fetched in 179ms
51 http fetch GET 304 https://registry.npmjs.org/@types%2fbonjour 242ms (from cache)
52 silly pacote tag manifest for @types/bonjour@ts3.6 fetched in 246ms
53 http fetch GET 304 https://registry.npmjs.org/@types%2fbrace-expansion 267ms (from cache)
54 http fetch GET 304 https://registry.npmjs.org/@types%2fbig.js 794ms (from cache)
55 silly pacote tag manifest for @types/brace-expansion@ts3.6 fetched in 281ms
56 silly pacote tag manifest for @types/big.js@ts3.6 fetched in 801ms
57 http fetch GET 304 https://registry.npmjs.org/@types%2fasync 1256ms (from cache)
58 silly pacote tag manifest for @types/async@ts3.6 fetched in 1295ms
59 http fetch GET 304 https://registry.npmjs.org/@types%2fbrorand 125ms (from cache)
60 silly pacote tag manifest for @types/brorand@ts3.6 fetched in 128ms
61 http fetch GET 304 https://registry.npmjs.org/@types%2fbuffer-from 121ms (from cache)
62 silly pacote tag manifest for @types/buffer-from@ts3.6 fetched in 124ms
63 http fetch GET 304 https://registry.npmjs.org/@types%2fbytes 109ms (from cache)
64 silly pacote tag manifest for @types/bytes@ts3.6 fetched in 113ms
65 http fetch GET 304 https://registry.npmjs.org/@types%2fcacache 106ms (from cache)
66 silly pacote tag manifest for @types/cacache@ts3.6 fetched in 109ms
67 http fetch GET 304 https://registry.npmjs.org/@types%2fcall-bind 165ms (from cache)
68 silly registry:manifest no matching version for @types/call-bind@ts3.6 in the cache. Forcing revalidation.
69 http fetch GET 304 https://registry.npmjs.org/@types%2fatob 1430ms (from cache)
70 silly pacote tag manifest for @types/atob@ts3.6 fetched in 1437ms
71 http fetch GET 200 https://registry.npmjs.org/@types%2fansi-html 2172ms
72 silly fetchPackageMetaData error for @types/ansi-html@ts3.6 No matching version found for @types/ansi-html@ts3.6.
73 http fetch GET 200 https://registry.npmjs.org/@types%2fcall-bind 148ms
74 silly fetchPackageMetaData error for @types/call-bind@ts3.6 No matching version found for @types/call-bind@ts3.6.
75 http fetch GET 200 https://registry.npmjs.org/@types%2fat-least-node 1558ms
76 silly fetchPackageMetaData error for @types/at-least-node@ts3.6 No matching version found for @types/at-least-node@ts3.6.
77 http fetch GET 304 https://registry.npmjs.org/@types%2fcaniuse-lite 165ms (from cache)
78 silly pacote tag manifest for @types/caniuse-lite@ts3.6 fetched in 170ms
79 http fetch GET 304 https://registry.npmjs.org/@types%2fchardet 97ms (from cache)
80 silly pacote tag manifest for @types/chardet@ts3.6 fetched in 100ms
81 http fetch GET 304 https://registry.npmjs.org/@types%2farr-union 2481ms (from cache)
82 silly pacote tag manifest for @types/arr-union@ts3.6 fetched in 2487ms
83 http fetch GET 304 https://registry.npmjs.org/@types%2fchownr 143ms (from cache)
84 http fetch GET 304 https://registry.npmjs.org/@types%2fcase-sensitive-paths-webpack-plugin 400ms (from cache)
85 silly pacote tag manifest for @types/chownr@ts3.6 fetched in 149ms
86 silly pacote tag manifest for @types/case-sensitive-paths-webpack-plugin@ts3.6 fetched in 405ms
87 http fetch GET 304 https://registry.npmjs.org/@types%2fcipher-base 121ms (from cache)
88 silly pacote tag manifest for @types/cipher-base@ts3.6 fetched in 124ms
89 http fetch GET 304 https://registry.npmjs.org/@types%2fclean-css 100ms (from cache)
90 silly pacote tag manifest for @types/clean-css@ts3.6 fetched in 105ms
91 http fetch GET 304 https://registry.npmjs.org/@types%2fco 93ms (from cache)
92 silly pacote tag manifest for @types/co@ts3.6 fetched in 96ms
93 http fetch GET 304 https://registry.npmjs.org/@types%2fbser 1387ms (from cache)
94 silly pacote tag manifest for @types/bser@ts3.6 fetched in 1390ms
95 http fetch GET 304 https://registry.npmjs.org/@types%2fcolor 120ms (from cache)
96 silly pacote tag manifest for @types/color@ts3.6 fetched in 127ms
97 http fetch GET 304 https://registry.npmjs.org/@types%2fbluebird 2311ms (from cache)
98 silly pacote tag manifest for @types/bluebird@ts3.6 fetched in 2326ms
99 http fetch GET 304 https://registry.npmjs.org/@types%2fcheck-types 658ms (from cache)
100 http fetch GET 304 https://registry.npmjs.org/@types%2fcolor-convert 153ms (from cache)
101 silly pacote tag manifest for @types/check-types@ts3.6 fetched in 679ms
102 silly pacote tag manifest for @types/color-convert@ts3.6 fetched in 507ms
103 http fetch GET 304 https://registry.npmjs.org/@types%2fcolor-name 570ms (from cache)
104 http fetch GET 304 https://registry.npmjs.org/@types%2fclone 854ms (from cache)
105 http fetch GET 304 https://registry.npmjs.org/@types%2fbraces 2218ms (from cache)
106 http fetch GET 304 https://registry.npmjs.org/@types%2fbuffer-xor 1904ms (from cache)
107 http fetch GET 304 https://registry.npmjs.org/@types%2fboolbase 2320ms (from cache)
108 silly pacote tag manifest for @types/clone@ts3.6 fetched in 865ms
109 silly pacote tag manifest for @types/braces@ts3.6 fetched in 2229ms
110 silly pacote tag manifest for @types/color-name@ts3.6 fetched in 593ms
111 silly pacote tag manifest for @types/buffer-xor@ts3.6 fetched in 1931ms
112 silly pacote tag manifest for @types/boolbase@ts3.6 fetched in 2356ms
113 http fetch GET 304 https://registry.npmjs.org/@types%2fcolor-string 533ms (from cache)
114 silly pacote tag manifest for @types/color-string@ts3.6 fetched in 593ms
115 http fetch GET 304 https://registry.npmjs.org/@types%2fcombined-stream 613ms (from cache)
116 silly pacote tag manifest for @types/combined-stream@ts3.6 fetched in 617ms
117 http fetch GET 304 https://registry.npmjs.org/@types%2fcompressible 221ms (from cache)
118 http fetch GET 304 https://registry.npmjs.org/@types%2fcompression 213ms (from cache)
119 silly pacote tag manifest for @types/compressible@ts3.6 fetched in 233ms
120 silly pacote tag manifest for @types/compression@ts3.6 fetched in 222ms
121 http fetch GET 304 https://registry.npmjs.org/@types%2fcommondir 255ms (from cache)
122 http fetch GET 304 https://registry.npmjs.org/@types%2fconcat-map 167ms (from cache)
123 silly pacote tag manifest for @types/concat-map@ts3.6 fetched in 182ms
124 silly pacote tag manifest for @types/commondir@ts3.6 fetched in 289ms
125 http fetch GET 304 https://registry.npmjs.org/@types%2fconcat-stream 281ms (from cache)
126 silly pacote tag manifest for @types/concat-stream@ts3.6 fetched in 286ms
127 http fetch GET 304 https://registry.npmjs.org/@types%2fcli-spinners 1349ms (from cache)
128 http fetch GET 304 https://registry.npmjs.org/@types%2fconnect-history-api-fallback 180ms (from cache)
129 http fetch GET 304 https://registry.npmjs.org/@types%2fconfusing-browser-globals 182ms (from cache)
130 silly pacote tag manifest for @types/cli-spinners@ts3.6 fetched in 1369ms
131 silly pacote tag manifest for @types/connect-history-api-fallback@ts3.6 fetched in 200ms
132 silly pacote tag manifest for @types/confusing-browser-globals@ts3.6 fetched in 216ms
133 http fetch GET 304 https://registry.npmjs.org/@types%2fcontent-disposition 401ms (from cache)
134 http fetch GET 304 https://registry.npmjs.org/@types%2fcontent-type 397ms (from cache)
135 http fetch GET 304 https://registry.npmjs.org/@types%2fconvert-source-map 273ms (from cache)
136 http fetch GET 304 https://registry.npmjs.org/@types%2fcommon-tags 838ms (from cache)
137 silly pacote tag manifest for @types/content-type@ts3.6 fetched in 1042ms
138 http fetch GET 304 https://registry.npmjs.org/@types%2fcookie-signature 874ms (from cache)
139 http fetch GET 304 https://registry.npmjs.org/@types%2fcookie 877ms (from cache)
140 silly pacote tag manifest for @types/common-tags@ts3.6 fetched in 1489ms
141 silly pacote tag manifest for @types/content-disposition@ts3.6 fetched in 1063ms
142 silly pacote tag manifest for @types/convert-source-map@ts3.6 fetched in 926ms
143 silly pacote tag manifest for @types/cookie-signature@ts3.6 fetched in 900ms
144 silly pacote tag manifest for @types/cookie@ts3.6 fetched in 904ms
145 http fetch GET 304 https://registry.npmjs.org/@types%2fcaniuse-api 2800ms (from cache)
146 silly pacote tag manifest for @types/caniuse-api@ts3.6 fetched in 2884ms
147 http fetch GET 304 https://registry.npmjs.org/@types%2fcompose-function 1502ms (from cache)
148 silly pacote tag manifest for @types/compose-function@ts3.6 fetched in 1559ms
149 http fetch GET 304 https://registry.npmjs.org/@types%2fcore-js 1121ms (from cache)
150 silly pacote tag manifest for @types/core-js@ts3.6 fetched in 1187ms
151 http fetch GET 200 https://registry.npmjs.org/@types%2fcore-util-is 334ms
152 silly fetchPackageMetaData error for @types/core-util-is@ts3.6 No matching version found for @types/core-util-is@ts3.6.
153 http fetch GET 304 https://registry.npmjs.org/@types%2fcreate-hmac 366ms (from cache)
154 http fetch GET 304 https://registry.npmjs.org/@types%2fcss-declaration-sorter 353ms (from cache)
155 http fetch GET 304 https://registry.npmjs.org/@types%2fcss 361ms (from cache)
156 silly pacote tag manifest for @types/create-hmac@ts3.6 fetched in 377ms
157 silly pacote tag manifest for @types/css-declaration-sorter@ts3.6 fetched in 369ms
158 silly pacote tag manifest for @types/css@ts3.6 fetched in 395ms
159 http fetch GET 304 https://registry.npmjs.org/@types%2fcross-spawn 414ms (from cache)
160 silly pacote tag manifest for @types/cross-spawn@ts3.6 fetched in 481ms
161 http fetch GET 304 https://registry.npmjs.org/@types%2fcss.escape 315ms (from cache)
162 silly registry:manifest no matching version for @types/css.escape@ts3.6 in the cache. Forcing revalidation.
163 http fetch GET 304 https://registry.npmjs.org/@types%2fcsso 234ms (from cache)
164 silly pacote tag manifest for @types/csso@ts3.6 fetched in 260ms
165 http fetch GET 304 https://registry.npmjs.org/@types%2fcssom 324ms (from cache)
166 silly pacote tag manifest for @types/cssom@ts3.6 fetched in 333ms
167 http fetch GET 304 https://registry.npmjs.org/@types%2fd 304ms (from cache)
168 http fetch GET 304 https://registry.npmjs.org/@types%2fdamerau-levenshtein 234ms (from cache)
169 http fetch GET 304 https://registry.npmjs.org/@types%2fcssstyle 339ms (from cache)
170 silly pacote tag manifest for @types/d@ts3.6 fetched in 340ms
171 silly pacote tag manifest for @types/damerau-levenshtein@ts3.6 fetched in 264ms
172 http fetch GET 304 https://registry.npmjs.org/@types%2fcreate-hash 751ms (from cache)
173 silly pacote tag manifest for @types/cssstyle@ts3.6 fetched in 391ms
174 silly pacote tag manifest for @types/create-hash@ts3.6 fetched in 786ms
175 http fetch GET 304 https://registry.npmjs.org/@types%2fdata-urls 304ms (from cache)
176 silly pacote tag manifest for @types/data-urls@ts3.6 fetched in 313ms
177 http fetch GET 304 https://registry.npmjs.org/@types%2fcomponent-emitter 2256ms (from cache)
178 http fetch GET 304 https://registry.npmjs.org/@types%2fdebug 200ms (from cache)
179 silly pacote tag manifest for @types/component-emitter@ts3.6 fetched in 2267ms
180 silly pacote tag manifest for @types/debug@ts3.6 fetched in 212ms
181 http fetch GET 304 https://registry.npmjs.org/@types%2fdefault-gateway 193ms (from cache)
182 silly pacote tag manifest for @types/default-gateway@ts3.6 fetched in 197ms
183 http fetch GET 304 https://registry.npmjs.org/@types%2fdepd 160ms (from cache)
184 silly pacote tag manifest for @types/depd@ts3.6 fetched in 166ms
185 http fetch GET 304 https://registry.npmjs.org/@types%2fdefine-properties 192ms (from cache)
186 http fetch GET 304 https://registry.npmjs.org/@types%2fdestroy 129ms (from cache)
187 silly pacote tag manifest for @types/define-properties@ts3.6 fetched in 203ms
188 silly pacote tag manifest for @types/destroy@ts3.6 fetched in 140ms
189 http fetch GET 200 https://registry.npmjs.org/@types%2fcss.escape 619ms
190 silly fetchPackageMetaData error for @types/css.escape@ts3.6 No matching version found for @types/css.escape@ts3.6.
191 http fetch GET 304 https://registry.npmjs.org/@types%2fdetect-node 133ms (from cache)
192 silly pacote tag manifest for @types/detect-node@ts3.6 fetched in 139ms
193 http fetch GET 304 https://registry.npmjs.org/@types%2fdiffie-hellman 114ms (from cache)
194 silly pacote tag manifest for @types/diffie-hellman@ts3.6 fetched in 136ms
195 http fetch GET 304 https://registry.npmjs.org/@types%2fdns-txt 104ms (from cache)
196 silly registry:manifest no matching version for @types/dns-txt@ts3.6 in the cache. Forcing revalidation.
197 http fetch GET 304 https://registry.npmjs.org/@types%2fdoctrine 121ms (from cache)
198 silly pacote tag manifest for @types/doctrine@ts3.6 fetched in 126ms
199 http fetch GET 200 https://registry.npmjs.org/@types%2fdns-txt 127ms
200 silly fetchPackageMetaData error for @types/dns-txt@ts3.6 No matching version found for @types/dns-txt@ts3.6.
201 http fetch GET 304 https://registry.npmjs.org/@types%2fdeep-equal 694ms (from cache)
202 http fetch GET 304 https://registry.npmjs.org/@types%2fcssesc 1168ms (from cache)
203 silly pacote tag manifest for @types/deep-equal@ts3.6 fetched in 704ms
204 silly pacote tag manifest for @types/cssesc@ts3.6 fetched in 1206ms
205 http fetch GET 304 https://registry.npmjs.org/@types%2fcss-tree 1447ms (from cache)
206 silly pacote tag manifest for @types/css-tree@ts3.6 fetched in 1452ms
207 http fetch GET 304 https://registry.npmjs.org/@types%2fdomexception 210ms (from cache)
208 silly pacote tag manifest for @types/domexception@ts3.6 fetched in 233ms
209 http fetch GET 304 https://registry.npmjs.org/@types%2fduplexify 235ms (from cache)
210 http fetch GET 304 https://registry.npmjs.org/@types%2fee-first 206ms (from cache)
211 silly pacote tag manifest for @types/duplexify@ts3.6 fetched in 243ms
212 http fetch GET 304 https://registry.npmjs.org/@types%2fejs 134ms (from cache)
213 silly pacote tag manifest for @types/ee-first@ts3.6 fetched in 215ms
214 silly pacote tag manifest for @types/ejs@ts3.6 fetched in 176ms
215 http fetch GET 304 https://registry.npmjs.org/@types%2felliptic 209ms (from cache)
216 http fetch GET 304 https://registry.npmjs.org/@types%2fencodeurl 115ms (from cache)
217 silly pacote tag manifest for @types/elliptic@ts3.6 fetched in 223ms
218 silly pacote tag manifest for @types/encodeurl@ts3.6 fetched in 127ms
219 http fetch GET 304 https://registry.npmjs.org/@types%2fend-of-stream 199ms (from cache)
220 http fetch GET 304 https://registry.npmjs.org/@types%2fes-abstract 166ms (from cache)
221 silly pacote tag manifest for @types/end-of-stream@ts3.6 fetched in 207ms
222 silly pacote tag manifest for @types/es-abstract@ts3.6 fetched in 191ms
223 http fetch GET 304 https://registry.npmjs.org/@types%2fescape-html 178ms (from cache)
224 http fetch GET 304 https://registry.npmjs.org/@types%2fes-to-primitive 188ms (from cache)
225 silly pacote tag manifest for @types/escape-html@ts3.6 fetched in 183ms
226 http fetch GET 304 https://registry.npmjs.org/@types%2fescodegen 101ms (from cache)
227 silly pacote tag manifest for @types/es-to-primitive@ts3.6 fetched in 195ms
228 silly pacote tag manifest for @types/escodegen@ts3.6 fetched in 161ms
229 http fetch GET 304 https://registry.npmjs.org/@types%2fdecode-uri-component 1424ms (from cache)
230 http fetch GET 304 https://registry.npmjs.org/@types%2feslint 236ms (from cache)
231 silly pacote tag manifest for @types/decode-uri-component@ts3.6 fetched in 1434ms
232 http fetch GET 304 https://registry.npmjs.org/@types%2fdedent 1430ms (from cache)
233 http fetch GET 304 https://registry.npmjs.org/@types%2feslint-scope 621ms (from cache)
234 silly pacote tag manifest for @types/dedent@ts3.6 fetched in 2477ms
235 silly pacote tag manifest for @types/eslint@ts3.6 fetched in 1291ms
236 silly pacote tag manifest for @types/eslint-scope@ts3.6 fetched in 1270ms
237 http fetch GET 304 https://registry.npmjs.org/@types%2fdefaults 2497ms (from cache)
238 silly pacote tag manifest for @types/defaults@ts3.6 fetched in 2566ms
239 http fetch GET 304 https://registry.npmjs.org/@types%2fesprima 1380ms (from cache)
240 http fetch GET 304 https://registry.npmjs.org/@types%2feslint-utils 1449ms (from cache)
241 http fetch GET 304 https://registry.npmjs.org/@types%2fdir-glob 2365ms (from cache)
242 http fetch GET 304 https://registry.npmjs.org/@types%2fdomutils 2026ms (from cache)
243 silly pacote tag manifest for @types/esprima@ts3.6 fetched in 1409ms
244 silly pacote tag manifest for @types/eslint-utils@ts3.6 fetched in 1473ms
245 silly pacote tag manifest for @types/domutils@ts3.6 fetched in 2050ms
246 silly pacote tag manifest for @types/dir-glob@ts3.6 fetched in 2390ms
247 http fetch GET 304 https://registry.npmjs.org/@types%2fdns-packet 2362ms (from cache)
248 silly pacote tag manifest for @types/dns-packet@ts3.6 fetched in 2433ms
249 http fetch GET 304 https://registry.npmjs.org/@types%2fesutils 547ms (from cache)
250 http fetch GET 304 https://registry.npmjs.org/@types%2fetag 498ms (from cache)
251 http fetch GET 304 https://registry.npmjs.org/@types%2festraverse 560ms (from cache)
252 http fetch GET 304 https://registry.npmjs.org/@types%2fevents 339ms (from cache)
253 silly pacote tag manifest for @types/esutils@ts3.6 fetched in 561ms
254 silly pacote tag manifest for @types/etag@ts3.6 fetched in 513ms
255 http fetch GET 304 https://registry.npmjs.org/@types%2feventsource 312ms (from cache)
256 silly pacote tag manifest for @types/events@ts3.6 fetched in 354ms
257 silly pacote tag manifest for @types/estraverse@ts3.6 fetched in 578ms
258 silly pacote tag manifest for @types/eventsource@ts3.6 fetched in 361ms
259 http fetch GET 304 https://registry.npmjs.org/@types%2fexit 417ms (from cache)
260 http fetch GET 304 https://registry.npmjs.org/@types%2ffast-levenshtein 415ms (from cache)
261 http fetch GET 304 https://registry.npmjs.org/@types%2fexpress 424ms (from cache)
262 silly pacote tag manifest for @types/exit@ts3.6 fetched in 486ms
263 silly pacote tag manifest for @types/fast-levenshtein@ts3.6 fetched in 484ms
264 silly pacote tag manifest for @types/express@ts3.6 fetched in 492ms
265 http fetch GET 200 https://registry.npmjs.org/@types%2ffill-range 304ms
266 silly fetchPackageMetaData error for @types/fill-range@ts3.6 No matching version found for @types/fill-range@ts3.6.
267 http fetch GET 304 https://registry.npmjs.org/@types%2ffile-entry-cache 339ms (from cache)
268 http fetch GET 304 https://registry.npmjs.org/@types%2ffile-loader 336ms (from cache)
269 silly pacote tag manifest for @types/file-entry-cache@ts3.6 fetched in 369ms
270 http fetch GET 304 https://registry.npmjs.org/@types%2ffinalhandler 363ms (from cache)
271 silly pacote tag manifest for @types/file-loader@ts3.6 fetched in 372ms
272 silly pacote tag manifest for @types/finalhandler@ts3.6 fetched in 402ms
273 http fetch GET 304 https://registry.npmjs.org/@types%2fflush-write-stream 260ms (from cache)
274 silly pacote tag manifest for @types/flush-write-stream@ts3.6 fetched in 292ms
275 http fetch GET 304 https://registry.npmjs.org/@types%2ffollow-redirects 349ms (from cache)
276 silly pacote tag manifest for @types/follow-redirects@ts3.6 fetched in 395ms
277 http fetch GET 304 https://registry.npmjs.org/@types%2fforwarded 269ms (from cache)
278 http fetch GET 304 https://registry.npmjs.org/@types%2ffb-watchman 834ms (from cache)
279 silly pacote tag manifest for @types/forwarded@ts3.6 fetched in 312ms
280 silly pacote tag manifest for @types/fb-watchman@ts3.6 fetched in 858ms
281 http fetch GET 304 https://registry.npmjs.org/@types%2ffrom2 303ms (from cache)
282 http fetch GET 304 https://registry.npmjs.org/@types%2ffs-extra 269ms (from cache)
283 silly pacote tag manifest for @types/from2@ts3.6 fetched in 349ms
284 silly pacote tag manifest for @types/fs-extra@ts3.6 fetched in 314ms
285 http fetch GET 304 https://registry.npmjs.org/@types%2ffs-minipass 275ms (from cache)
286 silly registry:manifest no matching version for @types/fs-minipass@ts3.6 in the cache. Forcing revalidation.
287 http fetch GET 304 https://registry.npmjs.org/@types%2ffunction-bind 306ms (from cache)
288 http fetch GET 304 https://registry.npmjs.org/@types%2ffunction.prototype.name 262ms (from cache)
289 silly registry:manifest no matching version for @types/function.prototype.name@ts3.6 in the cache. Forcing revalidation.
290 http fetch GET 304 https://registry.npmjs.org/@types%2ffunctional-red-black-tree 248ms (from cache)
291 silly pacote tag manifest for @types/function-bind@ts3.6 fetched in 320ms
292 silly pacote tag manifest for @types/functional-red-black-tree@ts3.6 fetched in 285ms
293 http fetch GET 304 https://registry.npmjs.org/@types%2ffresh 656ms (from cache)
294 silly pacote tag manifest for @types/fresh@ts3.6 fetched in 659ms
295 http fetch GET 304 https://registry.npmjs.org/@types%2fget-value 269ms (from cache)
296 silly pacote tag manifest for @types/get-value@ts3.6 fetched in 286ms
297 http fetch GET 304 https://registry.npmjs.org/@types%2fflat-cache 1297ms (from cache)
298 silly pacote tag manifest for @types/flat-cache@ts3.6 fetched in 1317ms
299 http fetch GET 200 https://registry.npmjs.org/@types%2ffs-minipass 683ms
300 silly fetchPackageMetaData error for @types/fs-minipass@ts3.6 No matching version found for @types/fs-minipass@ts3.6.
301 http fetch GET 200 https://registry.npmjs.org/@types%2fgensync 717ms
302 silly fetchPackageMetaData error for @types/gensync@ts3.6 No matching version found for @types/gensync@ts3.6.
303 http fetch GET 304 https://registry.npmjs.org/@types%2fglob-parent 138ms (from cache)
304 silly pacote tag manifest for @types/glob-parent@ts3.6 fetched in 153ms
305 http fetch GET 304 https://registry.npmjs.org/@types%2fglobal-modules 232ms (from cache)
306 http fetch GET 304 https://registry.npmjs.org/@types%2fesquery 3238ms (from cache)
307 http fetch GET 200 https://registry.npmjs.org/@types%2ffunction.prototype.name 727ms
308 silly fetchPackageMetaData error for @types/function.prototype.name@ts3.6 No matching version found for @types/function.prototype.name@ts3.6.
309 silly pacote tag manifest for @types/global-modules@ts3.6 fetched in 258ms
310 silly pacote tag manifest for @types/esquery@ts3.6 fetched in 3261ms
311 http fetch GET 200 https://registry.npmjs.org/@types%2ffor-each 1447ms
312 silly fetchPackageMetaData error for @types/for-each@ts3.6 No matching version found for @types/for-each@ts3.6.
313 http fetch GET 304 https://registry.npmjs.org/@types%2fglobal-prefix 212ms (from cache)
314 http fetch GET 304 https://registry.npmjs.org/@types%2fglobalthis 246ms (from cache)
315 silly pacote tag manifest for @types/global-prefix@ts3.6 fetched in 274ms
316 http fetch GET 304 https://registry.npmjs.org/@types%2fgopd 285ms (from cache)
317 silly registry:manifest no matching version for @types/gopd@ts3.6 in the cache. Forcing revalidation.
318 silly pacote tag manifest for @types/globalthis@ts3.6 fetched in 316ms
319 http fetch GET 304 https://registry.npmjs.org/@types%2fgraceful-fs 286ms (from cache)
320 http fetch GET 200 https://registry.npmjs.org/@types%2fhas-property-descriptors 264ms
321 silly fetchPackageMetaData error for @types/has-property-descriptors@ts3.6 No matching version found for @types/has-property-descriptors@ts3.6.
322 silly pacote tag manifest for @types/graceful-fs@ts3.6 fetched in 298ms
323 http fetch GET 304 https://registry.npmjs.org/@types%2fhas 310ms (from cache)
324 http fetch GET 304 https://registry.npmjs.org/@types%2fhas-symbols 230ms (from cache)
325 silly pacote tag manifest for @types/has@ts3.6 fetched in 419ms
326 silly pacote tag manifest for @types/has-symbols@ts3.6 fetched in 371ms
327 http fetch GET 200 https://registry.npmjs.org/@types%2ffunctions-have-names 1447ms
328 silly fetchPackageMetaData error for @types/functions-have-names@ts3.6 No matching version found for @types/functions-have-names@ts3.6.
329 http fetch GET 304 https://registry.npmjs.org/@types%2fhe 293ms (from cache)
330 silly pacote tag manifest for @types/he@ts3.6 fetched in 326ms
331 http fetch GET 304 https://registry.npmjs.org/@types%2fhoist-non-react-statics 317ms (from cache)
332 http fetch GET 200 https://registry.npmjs.org/@types%2fget-intrinsic 1465ms
333 silly fetchPackageMetaData error for @types/get-intrinsic@ts3.6 No matching version found for @types/get-intrinsic@ts3.6.
334 http fetch GET 304 https://registry.npmjs.org/@types%2fhosted-git-info 285ms (from cache)
335 silly pacote tag manifest for @types/hoist-non-react-statics@ts3.6 fetched in 329ms
336 silly pacote tag manifest for @types/hosted-git-info@ts3.6 fetched in 300ms
337 http fetch GET 304 https://registry.npmjs.org/@types%2fget-symbol-description 1452ms (from cache)
338 silly registry:manifest no matching version for @types/get-symbol-description@ts3.6 in the cache. Forcing revalidation.
339 http fetch GET 304 https://registry.npmjs.org/@types%2fhtml-encoding-sniffer 625ms (from cache)
340 silly pacote tag manifest for @types/html-encoding-sniffer@ts3.6 fetched in 767ms
341 http fetch GET 200 https://registry.npmjs.org/@types%2fhas-values 1297ms
342 silly fetchPackageMetaData error for @types/has-values@ts3.6 No matching version found for @types/has-values@ts3.6.
343 http fetch GET 304 https://registry.npmjs.org/@types%2fhex-color-regex 1304ms (from cache)
344 http fetch GET 304 https://registry.npmjs.org/@types%2fhtml-minifier-terser 897ms (from cache)
345 silly pacote tag manifest for @types/hex-color-regex@ts3.6 fetched in 1354ms
346 silly pacote tag manifest for @types/html-minifier-terser@ts3.6 fetched in 916ms
347 http fetch GET 200 https://registry.npmjs.org/@types%2fgopd 1548ms
348 silly fetchPackageMetaData error for @types/gopd@ts3.6 No matching version found for @types/gopd@ts3.6.
349 http fetch GET 304 https://registry.npmjs.org/@types%2fhttp-errors 928ms (from cache)
350 silly pacote tag manifest for @types/http-errors@ts3.6 fetched in 1019ms
351 http fetch GET 304 https://registry.npmjs.org/@types%2fhttp-proxy 1043ms (from cache)
352 http fetch GET 304 https://registry.npmjs.org/@types%2ficss-utils 503ms (from cache)
353 silly pacote tag manifest for @types/http-proxy@ts3.6 fetched in 1076ms
354 silly pacote tag manifest for @types/icss-utils@ts3.6 fetched in 568ms
355 http fetch GET 200 https://registry.npmjs.org/@types%2fidentity-obj-proxy 627ms
356 silly fetchPackageMetaData error for @types/identity-obj-proxy@ts3.6 No matching version found for @types/identity-obj-proxy@ts3.6.
357 http fetch GET 304 https://registry.npmjs.org/@types%2fimurmurhash 2222ms (from cache)
358 http fetch GET 200 https://registry.npmjs.org/@types%2fhas-bigints 3890ms
359 http fetch GET 200 https://registry.npmjs.org/@types%2finflight 2132ms
360 http fetch GET 200 https://registry.npmjs.org/@types%2fget-symbol-description 3128ms
361 silly fetchPackageMetaData error for @types/has-bigints@ts3.6 No matching version found for @types/has-bigints@ts3.6.
362 silly fetchPackageMetaData error for @types/inflight@ts3.6 No matching version found for @types/inflight@ts3.6.
363 silly fetchPackageMetaData error for @types/get-symbol-description@ts3.6 No matching version found for @types/get-symbol-description@ts3.6.
364 http fetch GET 304 https://registry.npmjs.org/@types%2fimport-local 2271ms (from cache)
365 silly registry:manifest no matching version for @types/import-local@ts3.6 in the cache. Forcing revalidation.
366 http fetch GET 304 https://registry.npmjs.org/@types%2fiferr 2301ms (from cache)
367 silly pacote tag manifest for @types/imurmurhash@ts3.6 fetched in 2281ms
368 silly pacote tag manifest for @types/iferr@ts3.6 fetched in 2625ms
369 http fetch GET 304 https://registry.npmjs.org/@types%2fhtml-escaper 3763ms (from cache)
370 http fetch GET 304 https://registry.npmjs.org/@types%2fini 2791ms (from cache)
371 http fetch GET 304 https://registry.npmjs.org/@types%2finherits 2824ms (from cache)
372 http fetch GET 304 https://registry.npmjs.org/@types%2finquirer 2567ms (from cache)
373 http fetch GET 200 https://registry.npmjs.org/@types%2fimport-local 802ms
374 silly pacote tag manifest for @types/html-escaper@ts3.6 fetched in 4133ms
375 silly fetchPackageMetaData error for @types/import-local@ts3.6 No matching version found for @types/import-local@ts3.6.
376 silly pacote tag manifest for @types/inherits@ts3.6 fetched in 3005ms
377 silly pacote tag manifest for @types/ini@ts3.6 fetched in 2983ms
378 silly pacote tag manifest for @types/inquirer@ts3.6 fetched in 2836ms
379 http fetch GET 304 https://registry.npmjs.org/@types%2fis-arguments 1406ms (from cache)
380 http fetch GET 304 https://registry.npmjs.org/@types%2finternal-slot 1460ms (from cache)
381 http fetch GET 304 https://registry.npmjs.org/@types%2fip 1450ms (from cache)
382 http fetch GET 304 https://registry.npmjs.org/@types%2fis-async-function 1514ms (from cache)
383 silly pacote tag manifest for @types/ip@ts3.6 fetched in 1542ms
384 silly pacote tag manifest for @types/internal-slot@ts3.6 fetched in 1553ms
385 silly registry:manifest no matching version for @types/is-async-function@ts3.6 in the cache. Forcing revalidation.
386 http fetch GET 200 https://registry.npmjs.org/@types%2fis-boolean-object 4378ms
387 silly fetchPackageMetaData error for @types/is-boolean-object@ts3.6 No matching version found for @types/is-boolean-object@ts3.6.
388 silly pacote tag manifest for @types/is-arguments@ts3.6 fetched in 5332ms
389 http fetch GET 304 https://registry.npmjs.org/@types%2fis-buffer 4616ms (from cache)
390 http fetch GET 304 https://registry.npmjs.org/@types%2fis-callable 4537ms (from cache)
391 http fetch GET 200 https://registry.npmjs.org/@types%2fis-async-function 3922ms
392 silly fetchPackageMetaData error for @types/is-async-function@ts3.6 No matching version found for @types/is-async-function@ts3.6.
393 silly pacote tag manifest for @types/is-buffer@ts3.6 fetched in 4781ms
394 silly pacote tag manifest for @types/is-callable@ts3.6 fetched in 4703ms
395 http fetch GET 304 https://registry.npmjs.org/@types%2fis-ci 4722ms (from cache)
396 http fetch GET 304 https://registry.npmjs.org/@types%2fis-core-module 4690ms (from cache)
397 http fetch GET 304 https://registry.npmjs.org/@types%2fis-bigint 5415ms (from cache)
398 silly registry:manifest no matching version for @types/is-bigint@ts3.6 in the cache. Forcing revalidation.
399 silly pacote tag manifest for @types/is-ci@ts3.6 fetched in 4849ms
400 silly pacote tag manifest for @types/is-core-module@ts3.6 fetched in 4795ms
401 http fetch GET 304 https://registry.npmjs.org/@types%2fis-date-object 4568ms (from cache)
402 http fetch GET 304 https://registry.npmjs.org/@types%2fis-generator-function 805ms (from cache)
403 http fetch GET 304 https://registry.npmjs.org/@types%2fis-extglob 806ms (from cache)
404 silly registry:manifest no matching version for @types/is-extglob@ts3.6 in the cache. Forcing revalidation.
405 silly pacote tag manifest for @types/is-date-object@ts3.6 fetched in 4608ms
406 http fetch GET 304 https://registry.npmjs.org/@types%2fis-glob 714ms (from cache)
407 silly pacote tag manifest for @types/is-generator-function@ts3.6 fetched in 866ms
408 http fetch GET 304 https://registry.npmjs.org/@types%2fis-map 592ms (from cache)
409 silly registry:manifest no matching version for @types/is-map@ts3.6 in the cache. Forcing revalidation.
410 silly pacote tag manifest for @types/is-glob@ts3.6 fetched in 757ms
411 http fetch GET 304 https://registry.npmjs.org/@types%2fis-number 459ms (from cache)
412 silly pacote tag manifest for @types/is-number@ts3.6 fetched in 506ms
413 http fetch GET 304 https://registry.npmjs.org/@types%2fis-regex 482ms (from cache)
414 silly pacote tag manifest for @types/is-regex@ts3.6 fetched in 507ms
415 http fetch GET 200 https://registry.npmjs.org/@types%2fis-set 269ms
416 silly fetchPackageMetaData error for @types/is-set@ts3.6 No matching version found for @types/is-set@ts3.6.
417 http fetch GET 200 https://registry.npmjs.org/@types%2fis-map 210ms
418 silly fetchPackageMetaData error for @types/is-map@ts3.6 No matching version found for @types/is-map@ts3.6.
419 http fetch GET 200 https://registry.npmjs.org/@types%2fis-weakref 136ms
420 http fetch GET 200 https://registry.npmjs.org/@types%2fis-symbol 193ms
421 silly fetchPackageMetaData error for @types/is-weakref@ts3.6 No matching version found for @types/is-weakref@ts3.6.
422 silly fetchPackageMetaData error for @types/is-symbol@ts3.6 No matching version found for @types/is-symbol@ts3.6.
423 http fetch GET 304 https://registry.npmjs.org/@types%2fis-typedarray 252ms (from cache)
424 silly pacote tag manifest for @types/is-typedarray@ts3.6 fetched in 262ms
425 http fetch GET 304 https://registry.npmjs.org/@types%2fis-data-descriptor 5134ms (from cache)
426 silly registry:manifest no matching version for @types/is-data-descriptor@ts3.6 in the cache. Forcing revalidation.
427 http fetch GET 304 https://registry.npmjs.org/@types%2fisexe 266ms (from cache)
428 http fetch GET 304 https://registry.npmjs.org/@types%2fisarray 292ms (from cache)
429 http fetch GET 304 https://registry.npmjs.org/@types%2fis-windows 300ms (from cache)
430 silly pacote tag manifest for @types/isexe@ts3.6 fetched in 286ms
431 silly pacote tag manifest for @types/isarray@ts3.6 fetched in 300ms
432 http fetch GET 304 https://registry.npmjs.org/@types%2fistanbul-lib-coverage 291ms (from cache)
433 silly pacote tag manifest for @types/is-windows@ts3.6 fetched in 312ms
434 silly pacote tag manifest for @types/istanbul-lib-coverage@ts3.6 fetched in 299ms
435 http fetch GET 304 https://registry.npmjs.org/@types%2fis-negative-zero 1183ms (from cache)
436 silly registry:manifest no matching version for @types/is-negative-zero@ts3.6 in the cache. Forcing revalidation.
437 http fetch GET 304 https://registry.npmjs.org/@types%2fistanbul-lib-report 241ms (from cache)
438 silly pacote tag manifest for @types/istanbul-lib-report@ts3.6 fetched in 256ms
439 http fetch GET 304 https://registry.npmjs.org/@types%2fistanbul-reports 253ms (from cache)
440 http fetch GET 304 https://registry.npmjs.org/@types%2fistanbul-lib-source-maps 265ms (from cache)
441 http fetch GET 200 https://registry.npmjs.org/@types%2fis-negative-zero 196ms
442 silly fetchPackageMetaData error for @types/is-negative-zero@ts3.6 No matching version found for @types/is-negative-zero@ts3.6.
443 silly pacote tag manifest for @types/istanbul-reports@ts3.6 fetched in 292ms
444 silly pacote tag manifest for @types/istanbul-lib-source-maps@ts3.6 fetched in 305ms
445 http fetch GET 304 https://registry.npmjs.org/@types%2fjsdom 217ms (from cache)
446 http fetch GET 304 https://registry.npmjs.org/@types%2fjsesc 212ms (from cache)
447 silly pacote tag manifest for @types/jsdom@ts3.6 fetched in 248ms
448 silly pacote tag manifest for @types/jsesc@ts3.6 fetched in 228ms
449 http fetch GET 200 https://registry.npmjs.org/@types%2fis-data-descriptor 713ms
450 silly fetchPackageMetaData error for @types/is-data-descriptor@ts3.6 No matching version found for @types/is-data-descriptor@ts3.6.
451 http fetch GET 304 https://registry.npmjs.org/@types%2fjs-yaml 463ms (from cache)
452 silly pacote tag manifest for @types/js-yaml@ts3.6 fetched in 505ms
453 http fetch GET 200 https://registry.npmjs.org/@types%2fis-extglob 1484ms
454 silly fetchPackageMetaData error for @types/is-extglob@ts3.6 No matching version found for @types/is-extglob@ts3.6.
455 http fetch GET 304 https://registry.npmjs.org/@types%2fjsonfile 241ms (from cache)
456 silly pacote tag manifest for @types/jsonfile@ts3.6 fetched in 280ms
457 http fetch GET 304 https://registry.npmjs.org/@types%2fjsonpath 203ms (from cache)
458 silly pacote tag manifest for @types/jsonpath@ts3.6 fetched in 208ms
459 http fetch GET 200 https://registry.npmjs.org/@types%2fis-bigint 2280ms
460 silly fetchPackageMetaData error for @types/is-bigint@ts3.6 No matching version found for @types/is-bigint@ts3.6.
461 http fetch GET 304 https://registry.npmjs.org/@types%2fis-string 1866ms (from cache)
462 silly registry:manifest no matching version for @types/is-string@ts3.6 in the cache. Forcing revalidation.
463 http fetch GET 304 https://registry.npmjs.org/@types%2fjs-levenshtein 1369ms (from cache)
464 silly pacote tag manifest for @types/js-levenshtein@ts3.6 fetched in 1373ms
465 http fetch GET 200 https://registry.npmjs.org/@types%2fis-string 107ms
466 silly fetchPackageMetaData error for @types/is-string@ts3.6 No matching version found for @types/is-string@ts3.6.
467 http fetch GET 200 https://registry.npmjs.org/@types%2fjsx-ast-utils 660ms
468 silly fetchPackageMetaData error for @types/jsx-ast-utils@ts3.6 No matching version found for @types/jsx-ast-utils@ts3.6.
469 http fetch GET 304 https://registry.npmjs.org/@types%2fjson-parse-better-errors 1583ms (from cache)
470 http fetch GET 304 https://registry.npmjs.org/@types%2fjson-stable-stringify-without-jsonify 1581ms (from cache)
471 silly registry:manifest no matching version for @types/json-stable-stringify-without-jsonify@ts3.6 in the cache. Forcing revalidation.
472 silly pacote tag manifest for @types/json-parse-better-errors@ts3.6 fetched in 1595ms
473 http fetch GET 304 https://registry.npmjs.org/@types%2fistanbul-lib-instrument 2349ms (from cache)
474 silly pacote tag manifest for @types/istanbul-lib-instrument@ts3.6 fetched in 2359ms
475 http fetch GET 200 https://registry.npmjs.org/@types%2fjson-stable-stringify-without-jsonify 114ms
476 silly fetchPackageMetaData error for @types/json-stable-stringify-without-jsonify@ts3.6 No matching version found for @types/json-stable-stringify-without-jsonify@ts3.6.
477 http fetch GET 304 https://registry.npmjs.org/@types%2fjson-buffer 2213ms (from cache)
478 silly pacote tag manifest for @types/json-buffer@ts3.6 fetched in 2218ms
479 timing stage:rollbackFailedOptional Completed in 1ms
480 timing stage:runTopLevelLifecycles Completed in 24986ms
481 verbose type tag
482 verbose stack @types/lint-staged: No matching version found for @types/lint-staged@ts3.6.
482 verbose stack     at pickManifest (/usr/local/lib/node_modules/npm/node_modules/npm-pick-manifest/index.js:122:13)
482 verbose stack     at /usr/local/lib/node_modules/npm/node_modules/pacote/lib/fetchers/registry/manifest.js:24:14
482 verbose stack     at tryCatcher (/usr/local/lib/node_modules/npm/node_modules/bluebird/js/release/util.js:16:23)
482 verbose stack     at Promise._settlePromiseFromHandler (/usr/local/lib/node_modules/npm/node_modules/bluebird/js/release/promise.js:517:31)
482 verbose stack     at Promise._settlePromise (/usr/local/lib/node_modules/npm/node_modules/bluebird/js/release/promise.js:574:18)
482 verbose stack     at Promise._settlePromise0 (/usr/local/lib/node_modules/npm/node_modules/bluebird/js/release/promise.js:619:10)
482 verbose stack     at Promise._settlePromises (/usr/local/lib/node_modules/npm/node_modules/bluebird/js/release/promise.js:699:18)
482 verbose stack     at _drainQueueStep (/usr/local/lib/node_modules/npm/node_modules/bluebird/js/release/async.js:138:12)
482 verbose stack     at _drainQueue (/usr/local/lib/node_modules/npm/node_modules/bluebird/js/release/async.js:131:9)
482 verbose stack     at Async._drainQueues (/usr/local/lib/node_modules/npm/node_modules/bluebird/js/release/async.js:147:5)
482 verbose stack     at Immediate.Async.drainQueues [as _onImmediate] (/usr/local/lib/node_modules/npm/node_modules/bluebird/js/release/async.js:17:14)
482 verbose stack     at processImmediate (internal/timers.js:456:21)
483 verbose cwd /home/theia/.cache/typescript/3.6
484 verbose Linux 5.10.16.3-microsoft-standard-WSL2
485 verbose argv "/usr/local/bin/node" "/usr/local/bin/npm" "install" "--ignore-scripts" "@types/js-cookie@ts3.6" "@types/react@ts3.6" "@types/react-dom@ts3.6" "@types/eslint-config-prettier@ts3.6" "@types/eslint-plugin-prettier@ts3.6" "@types/lint-staged@ts3.6" "@types/accepts@ts3.6" "@types/ansi-html@ts3.6" "@types/argparse@ts3.6" "@types/aria-query@ts3.6" "@types/arr-diff@ts3.6" "@types/arr-union@ts3.6" "@types/array-unique@ts3.6" "@types/array.prototype.flat@ts3.6" "@types/array.prototype.flatmap@ts3.6" "@types/asap@ts3.6" "@types/assert@ts3.6" "@types/async@ts3.6" "@types/at-least-node@ts3.6" "@types/atob@ts3.6" "@types/babel-plugin-macros@ts3.6" "@types/babylon@ts3.6" "@types/balanced-match@ts3.6" "@types/big.js@ts3.6" "@types/bluebird@ts3.6" "@types/bn.js@ts3.6" "@types/body-parser@ts3.6" "@types/bonjour@ts3.6" "@types/boolbase@ts3.6" "@types/brace-expansion@ts3.6" "@types/braces@ts3.6" "@types/brorand@ts3.6" "@types/bser@ts3.6" "@types/buffer-from@ts3.6" "@types/buffer-xor@ts3.6" "@types/bytes@ts3.6" "@types/cacache@ts3.6" "@types/call-bind@ts3.6" "@types/caniuse-api@ts3.6" "@types/caniuse-lite@ts3.6" "@types/case-sensitive-paths-webpack-plugin@ts3.6" "@types/chardet@ts3.6" "@types/check-types@ts3.6" "@types/chownr@ts3.6" "@types/cipher-base@ts3.6" "@types/clean-css@ts3.6" "@types/cli-spinners@ts3.6" "@types/clone@ts3.6" "@types/co@ts3.6" "@types/color@ts3.6" "@types/color-convert@ts3.6" "@types/color-name@ts3.6" "@types/color-string@ts3.6" "@types/combined-stream@ts3.6" "@types/common-tags@ts3.6" "@types/commondir@ts3.6" "@types/component-emitter@ts3.6" "@types/compose-function@ts3.6" "@types/compressible@ts3.6" "@types/compression@ts3.6" "@types/concat-map@ts3.6" "@types/concat-stream@ts3.6" "@types/confusing-browser-globals@ts3.6" "@types/connect-history-api-fallback@ts3.6" "@types/content-disposition@ts3.6" "@types/content-type@ts3.6" "@types/convert-source-map@ts3.6" "@types/cookie@ts3.6" "@types/cookie-signature@ts3.6" "@types/core-js@ts3.6" "@types/core-util-is@ts3.6" "@types/create-hash@ts3.6" "@types/create-hmac@ts3.6" "@types/cross-spawn@ts3.6" "@types/css@ts3.6" "@types/css-declaration-sorter@ts3.6" "@types/css-tree@ts3.6" "@types/css.escape@ts3.6" "@types/cssesc@ts3.6" "@types/csso@ts3.6" "@types/cssom@ts3.6" "@types/cssstyle@ts3.6" "@types/d@ts3.6" "@types/damerau-levenshtein@ts3.6" "@types/data-urls@ts3.6" "@types/debug@ts3.6" "@types/decode-uri-component@ts3.6" "@types/dedent@ts3.6" "@types/deep-equal@ts3.6" "@types/default-gateway@ts3.6" "@types/defaults@ts3.6" "@types/define-properties@ts3.6" "@types/depd@ts3.6" "@types/destroy@ts3.6" "@types/detect-node@ts3.6" "@types/diffie-hellman@ts3.6" "@types/dir-glob@ts3.6" "@types/dns-packet@ts3.6" "@types/dns-txt@ts3.6" "@types/doctrine@ts3.6" "@types/domexception@ts3.6" "@types/domutils@ts3.6" "@types/duplexify@ts3.6" "@types/ee-first@ts3.6" "@types/ejs@ts3.6" "@types/elliptic@ts3.6" "@types/encodeurl@ts3.6" "@types/end-of-stream@ts3.6" "@types/es-abstract@ts3.6" "@types/es-to-primitive@ts3.6" "@types/escape-html@ts3.6" "@types/escodegen@ts3.6" "@types/eslint@ts3.6" "@types/eslint-scope@ts3.6" "@types/eslint-utils@ts3.6" "@types/esprima@ts3.6" "@types/esquery@ts3.6" "@types/estraverse@ts3.6" "@types/esutils@ts3.6" "@types/etag@ts3.6" "@types/events@ts3.6" "@types/eventsource@ts3.6" "@types/exit@ts3.6" "@types/express@ts3.6" "@types/fast-levenshtein@ts3.6" "@types/fb-watchman@ts3.6" "@types/file-entry-cache@ts3.6" "@types/file-loader@ts3.6" "@types/fill-range@ts3.6" "@types/finalhandler@ts3.6" "@types/flat-cache@ts3.6" "@types/flush-write-stream@ts3.6" "@types/follow-redirects@ts3.6" "@types/for-each@ts3.6" "@types/forwarded@ts3.6" "@types/fresh@ts3.6" "@types/from2@ts3.6" "@types/fs-extra@ts3.6" "@types/fs-minipass@ts3.6" "@types/function-bind@ts3.6" "@types/function.prototype.name@ts3.6" "@types/functional-red-black-tree@ts3.6" "@types/functions-have-names@ts3.6" "@types/gensync@ts3.6" "@types/get-intrinsic@ts3.6" "@types/get-symbol-description@ts3.6" "@types/get-value@ts3.6" "@types/glob-parent@ts3.6" "@types/global-modules@ts3.6" "@types/global-prefix@ts3.6" "@types/globalthis@ts3.6" "@types/gopd@ts3.6" "@types/graceful-fs@ts3.6" "@types/has@ts3.6" "@types/has-bigints@ts3.6" "@types/has-property-descriptors@ts3.6" "@types/has-symbols@ts3.6" "@types/has-values@ts3.6" "@types/he@ts3.6" "@types/hex-color-regex@ts3.6" "@types/hoist-non-react-statics@ts3.6" "@types/hosted-git-info@ts3.6" "@types/html-encoding-sniffer@ts3.6" "@types/html-escaper@ts3.6" "@types/html-minifier-terser@ts3.6" "@types/http-errors@ts3.6" "@types/http-proxy@ts3.6" "@types/icss-utils@ts3.6" "@types/identity-obj-proxy@ts3.6" "@types/iferr@ts3.6" "@types/import-local@ts3.6" "@types/imurmurhash@ts3.6" "@types/inflight@ts3.6" "@types/inherits@ts3.6" "@types/ini@ts3.6" "@types/inquirer@ts3.6" "@types/internal-slot@ts3.6" "@types/ip@ts3.6" "@types/is-arguments@ts3.6" "@types/is-async-function@ts3.6" "@types/is-bigint@ts3.6" "@types/is-boolean-object@ts3.6" "@types/is-buffer@ts3.6" "@types/is-callable@ts3.6" "@types/is-ci@ts3.6" "@types/is-core-module@ts3.6" "@types/is-data-descriptor@ts3.6" "@types/is-date-object@ts3.6" "@types/is-extglob@ts3.6" "@types/is-generator-function@ts3.6" "@types/is-glob@ts3.6" "@types/is-map@ts3.6" "@types/is-negative-zero@ts3.6" "@types/is-number@ts3.6" "@types/is-regex@ts3.6" "@types/is-set@ts3.6" "@types/is-string@ts3.6" "@types/is-symbol@ts3.6" "@types/is-typedarray@ts3.6" "@types/is-weakref@ts3.6" "@types/is-windows@ts3.6" "@types/isarray@ts3.6" "@types/isexe@ts3.6" "@types/istanbul-lib-coverage@ts3.6" "@types/istanbul-lib-instrument@ts3.6" "@types/istanbul-lib-report@ts3.6" "@types/istanbul-lib-source-maps@ts3.6" "@types/istanbul-reports@ts3.6" "@types/js-levenshtein@ts3.6" "@types/js-yaml@ts3.6" "@types/jsdom@ts3.6" "@types/jsesc@ts3.6" "@types/json-buffer@ts3.6" "@types/json-parse-better-errors@ts3.6" "@types/json-stable-stringify-without-jsonify@ts3.6" "@types/jsonfile@ts3.6" "@types/jsonpath@ts3.6" "@types/jsx-ast-utils@ts3.6" "--save-dev" "--user-agent=typesInstaller/3.6.3"
486 verbose node v12.18.3
487 verbose npm  v6.14.6
488 error code ETARGET
489 error notarget No matching version found for @types/lint-staged@ts3.6.
490 error notarget In most cases you or one of your dependencies are requesting
490 error notarget a package version that doesn't exist.
491 verbose exit [ 1, true ]
