0 info it worked if it ends with ok
1 verbose cli [
1 verbose cli   '/usr/local/bin/node',
1 verbose cli   '/usr/local/bin/npm',
1 verbose cli   'install',
1 verbose cli   '--ignore-scripts',
1 verbose cli   '@types/jsx-ast-utils@ts3.6',
1 verbose cli   '@types/kind-of@ts3.6',
1 verbose cli   '@types/language-tags@ts3.6',
1 verbose cli   '@types/loader-runner@ts3.6',
1 verbose cli   '@types/loader-utils@ts3.6',
1 verbose cli   '@types/lodash@ts3.6',
1 verbose cli   '@types/lodash.debounce@ts3.6',
1 verbose cli   '@types/lodash.memoize@ts3.6',
1 verbose cli   '@types/lodash.merge@ts3.6',
1 verbose cli   '@types/lodash.template@ts3.6',
1 verbose cli   '@types/lodash.truncate@ts3.6',
1 verbose cli   '@types/lodash.uniq@ts3.6',
1 verbose cli   '@types/makeerror@ts3.6',
1 verbose cli   '@types/media-typer@ts3.6',
1 verbose cli   '@types/memory-fs@ts3.6',
1 verbose cli   '@types/memorystream@ts3.6',
1 verbose cli   '@types/merge-descriptors@ts3.6',
1 verbose cli   '@types/merge-stream@ts3.6',
1 verbose cli   '@types/merge2@ts3.6',
1 verbose cli   '@types/methods@ts3.6',
1 verbose cli   '@types/micromatch@ts3.6',
1 verbose cli   '@types/mime@ts3.6',
1 verbose cli   '@types/mime-db@ts3.6',
1 verbose cli   '@types/mime-types@ts3.6',
1 verbose cli   '@types/min-indent@ts3.6',
1 verbose cli   '@types/minimalistic-assert@ts3.6',
1 verbose cli   '@types/minimist@ts3.6',
1 verbose cli   '@types/minizlib@ts3.6',
1 verbose cli   '@types/move-concurrently@ts3.6',
1 verbose cli   '@types/ms@ts3.6',
1 verbose cli   '@types/multicast-dns@ts3.6',
1 verbose cli   '@types/natural-compare@ts3.6',
1 verbose cli   '@types/negotiator@ts3.6',
1 verbose cli   '@types/neo-async@ts3.6',
1 verbose cli   '@types/next-tick@ts3.6',
1 verbose cli   '@types/nice-try@ts3.6',
1 verbose cli   '@types/node-forge@ts3.6',
1 verbose cli   '@types/node-int64@ts3.6',
1 verbose cli   '@types/node-notifier@ts3.6',
1 verbose cli   '@types/normalize-package-data@ts3.6',
1 verbose cli   '@types/normalize-path@ts3.6',
1 verbose cli   '@types/num2fraction@ts3.6',
1 verbose cli   '@types/nwsapi@ts3.6',
1 verbose cli   '@types/object-assign@ts3.6',
1 verbose cli   '@types/object-inspect@ts3.6',
1 verbose cli   '@types/object-keys@ts3.6',
1 verbose cli   '@types/object.fromentries@ts3.6',
1 verbose cli   '@types/object.getownpropertydescriptors@ts3.6',
1 verbose cli   '@types/object.groupby@ts3.6',
1 verbose cli   '@types/object.pick@ts3.6',
1 verbose cli   '@types/on-finished@ts3.6',
1 verbose cli   '@types/on-headers@ts3.6',
1 verbose cli   '@types/once@ts3.6',
1 verbose cli   '@types/optimize-css-assets-webpack-plugin@ts3.6',
1 verbose cli   '@types/pako@ts3.6',
1 verbose cli   '@types/parallel-transform@ts3.6',
1 verbose cli   '@types/parse-json@ts3.6',
1 verbose cli   '@types/parseurl@ts3.6',
1 verbose cli   '@types/pascalcase@ts3.6',
1 verbose cli   '@types/path-browserify@ts3.6',
1 verbose cli   '@types/path-is-absolute@ts3.6',
1 verbose cli   '@types/path-is-inside@ts3.6',
1 verbose cli   '@types/path-parse@ts3.6',
1 verbose cli   '@types/pbkdf2@ts3.6',
1 verbose cli   '@types/picomatch@ts3.6',
1 verbose cli   '@types/pify@ts3.6',
1 verbose cli   '@types/postcss-color-gray@ts3.6',
1 verbose cli   '@types/postcss-flexbugs-fixes@ts3.6',
1 verbose cli   '@types/postcss-font-variant@ts3.6',
1 verbose cli   '@types/postcss-gap-properties@ts3.6',
1 verbose cli   '@types/postcss-modules-extract-imports@ts3.6',
1 verbose cli   '@types/postcss-modules-local-by-default@ts3.6',
1 verbose cli   '@types/postcss-modules-scope@ts3.6',
1 verbose cli   '@types/postcss-modules-values@ts3.6',
1 verbose cli   '@types/postcss-normalize@ts3.6',
1 verbose cli   '@types/postcss-page-break@ts3.6',
1 verbose cli   '@types/postcss-safe-parser@ts3.6',
1 verbose cli   '@types/prelude-ls@ts3.6',
1 verbose cli   '@types/prettier-linter-helpers@ts3.6',
1 verbose cli   '@types/progress@ts3.6',
1 verbose cli   '@types/promise-inflight@ts3.6',
1 verbose cli   '@types/prompts@ts3.6',
1 verbose cli   '@types/prop-types@ts3.6',
1 verbose cli   '@types/proxy-addr@ts3.6',
1 verbose cli   '@types/psl@ts3.6',
1 verbose cli   '@types/pump@ts3.6',
1 verbose cli   '@types/pumpify@ts3.6',
1 verbose cli   '@types/punycode@ts3.6',
1 verbose cli   '@types/q@ts3.6',
1 verbose cli   '@types/qs@ts3.6',
1 verbose cli   '@types/querystringify@ts3.6',
1 verbose cli   '@types/raf@ts3.6',
1 verbose cli   '@types/randombytes@ts3.6',
1 verbose cli   '@types/range-parser@ts3.6',
1 verbose cli   '@types/react-dev-utils@ts3.6',
1 verbose cli   '@types/react-is@ts3.6',
1 verbose cli   ... 120 more items
1 verbose cli ]
2 info using npm@6.14.6
3 info using node@v12.18.3
4 verbose npm-session 111ac7a6f71cf636
5 silly install loadCurrentTree
6 silly install readLocalPackageData
7 http fetch GET 200 https://registry.npmjs.org/@types%2flanguage-tags 672ms
8 silly fetchPackageMetaData error for @types/language-tags@ts3.6 No matching version found for @types/language-tags@ts3.6.
9 http fetch GET 304 https://registry.npmjs.org/@types%2flodash.merge 687ms (from cache)
10 http fetch GET 304 https://registry.npmjs.org/@types%2floader-runner 698ms (from cache)
11 http fetch GET 304 https://registry.npmjs.org/@types%2flodash.memoize 690ms (from cache)
12 http fetch GET 304 https://registry.npmjs.org/@types%2flodash.template 692ms (from cache)
13 http fetch GET 304 https://registry.npmjs.org/@types%2fjsx-ast-utils 720ms (from cache)
14 silly registry:manifest no matching version for @types/jsx-ast-utils@ts3.6 in the cache. Forcing revalidation.
15 silly pacote tag manifest for @types/lodash.merge@ts3.6 fetched in 704ms
16 silly pacote tag manifest for @types/loader-runner@ts3.6 fetched in 717ms
17 silly pacote tag manifest for @types/lodash.memoize@ts3.6 fetched in 709ms
18 http fetch GET 304 https://registry.npmjs.org/@types%2flodash.debounce 711ms (from cache)
19 silly pacote tag manifest for @types/lodash.template@ts3.6 fetched in 708ms
20 http fetch GET 304 https://registry.npmjs.org/@types%2flodash 740ms (from cache)
21 silly pacote tag manifest for @types/lodash.debounce@ts3.6 fetched in 742ms
22 silly pacote tag manifest for @types/lodash@ts3.6 fetched in 820ms
23 http fetch GET 200 https://registry.npmjs.org/@types%2fjsx-ast-utils 257ms
24 silly fetchPackageMetaData error for @types/jsx-ast-utils@ts3.6 No matching version found for @types/jsx-ast-utils@ts3.6.
25 http fetch GET 200 https://registry.npmjs.org/@types%2fmakeerror 262ms
26 silly fetchPackageMetaData error for @types/makeerror@ts3.6 No matching version found for @types/makeerror@ts3.6.
27 http fetch GET 304 https://registry.npmjs.org/@types%2fmedia-typer 319ms (from cache)
28 http fetch GET 304 https://registry.npmjs.org/@types%2flodash.uniq 328ms (from cache)
29 silly pacote tag manifest for @types/media-typer@ts3.6 fetched in 328ms
30 silly pacote tag manifest for @types/lodash.uniq@ts3.6 fetched in 340ms
31 http fetch GET 304 https://registry.npmjs.org/@types%2fmemory-fs 343ms (from cache)
32 http fetch GET 304 https://registry.npmjs.org/@types%2fmerge-descriptors 244ms (from cache)
33 http fetch GET 304 https://registry.npmjs.org/@types%2fmemorystream 337ms (from cache)
34 silly pacote tag manifest for @types/memory-fs@ts3.6 fetched in 374ms
35 silly pacote tag manifest for @types/merge-descriptors@ts3.6 fetched in 279ms
36 silly pacote tag manifest for @types/memorystream@ts3.6 fetched in 370ms
37 http fetch GET 304 https://registry.npmjs.org/@types%2floader-utils 1208ms (from cache)
38 silly pacote tag manifest for @types/loader-utils@ts3.6 fetched in 1228ms
39 http fetch GET 304 https://registry.npmjs.org/@types%2fmerge-stream 271ms (from cache)
40 http fetch GET 304 https://registry.npmjs.org/@types%2fmerge2 273ms (from cache)
41 silly pacote tag manifest for @types/merge-stream@ts3.6 fetched in 300ms
42 silly pacote tag manifest for @types/merge2@ts3.6 fetched in 293ms
43 http fetch GET 304 https://registry.npmjs.org/@types%2fmethods 243ms (from cache)
44 http fetch GET 304 https://registry.npmjs.org/@types%2fmicromatch 237ms (from cache)
45 silly pacote tag manifest for @types/methods@ts3.6 fetched in 271ms
46 silly pacote tag manifest for @types/micromatch@ts3.6 fetched in 267ms
47 http fetch GET 304 https://registry.npmjs.org/@types%2fmime 226ms (from cache)
48 silly pacote tag manifest for @types/mime@ts3.6 fetched in 231ms
49 http fetch GET 304 https://registry.npmjs.org/@types%2fmime-db 227ms (from cache)
50 http fetch GET 304 https://registry.npmjs.org/@types%2fmime-types 236ms (from cache)
51 silly pacote tag manifest for @types/mime-db@ts3.6 fetched in 259ms
52 silly pacote tag manifest for @types/mime-types@ts3.6 fetched in 257ms
53 http fetch GET 304 https://registry.npmjs.org/@types%2flodash.truncate 839ms (from cache)
54 http fetch GET 304 https://registry.npmjs.org/@types%2fminimalistic-assert 233ms (from cache)
55 silly pacote tag manifest for @types/lodash.truncate@ts3.6 fetched in 847ms
56 http fetch GET 304 https://registry.npmjs.org/@types%2fmove-concurrently 202ms (from cache)
57 http fetch GET 304 https://registry.npmjs.org/@types%2fminimist 244ms (from cache)
58 silly pacote tag manifest for @types/minimalistic-assert@ts3.6 fetched in 247ms
59 silly pacote tag manifest for @types/move-concurrently@ts3.6 fetched in 211ms
60 http fetch GET 304 https://registry.npmjs.org/@types%2fms 205ms (from cache)
61 silly pacote tag manifest for @types/minimist@ts3.6 fetched in 254ms
62 silly pacote tag manifest for @types/ms@ts3.6 fetched in 241ms
63 http fetch GET 304 https://registry.npmjs.org/@types%2fmulticast-dns 239ms (from cache)
64 silly pacote tag manifest for @types/multicast-dns@ts3.6 fetched in 259ms
65 http fetch GET 200 https://registry.npmjs.org/@types%2fneo-async 114ms
66 silly fetchPackageMetaData error for @types/neo-async@ts3.6 No matching version found for @types/neo-async@ts3.6.
67 http fetch GET 304 https://registry.npmjs.org/@types%2fnice-try 193ms (from cache)
68 http fetch GET 304 https://registry.npmjs.org/@types%2fnext-tick 201ms (from cache)
69 silly pacote tag manifest for @types/nice-try@ts3.6 fetched in 200ms
70 silly pacote tag manifest for @types/next-tick@ts3.6 fetched in 208ms
71 http fetch GET 304 https://registry.npmjs.org/@types%2fnode-forge 172ms (from cache)
72 http fetch GET 304 https://registry.npmjs.org/@types%2fnode-int64 125ms (from cache)
73 silly pacote tag manifest for @types/node-forge@ts3.6 fetched in 187ms
74 silly pacote tag manifest for @types/node-int64@ts3.6 fetched in 139ms
75 http fetch GET 304 https://registry.npmjs.org/@types%2fnormalize-package-data 83ms (from cache)
76 silly pacote tag manifest for @types/normalize-package-data@ts3.6 fetched in 84ms
77 http fetch GET 304 https://registry.npmjs.org/@types%2fobject-assign 78ms (from cache)
78 silly pacote tag manifest for @types/object-assign@ts3.6 fetched in 80ms
79 http fetch GET 304 https://registry.npmjs.org/@types%2fobject-inspect 73ms (from cache)
80 silly pacote tag manifest for @types/object-inspect@ts3.6 fetched in 76ms
81 http fetch GET 304 https://registry.npmjs.org/@types%2fnode-notifier 372ms (from cache)
82 silly pacote tag manifest for @types/node-notifier@ts3.6 fetched in 375ms
83 http fetch GET 304 https://registry.npmjs.org/@types%2fobject-keys 79ms (from cache)
84 silly pacote tag manifest for @types/object-keys@ts3.6 fetched in 81ms
85 http fetch GET 304 https://registry.npmjs.org/@types%2fnormalize-path 368ms (from cache)
86 silly pacote tag manifest for @types/normalize-path@ts3.6 fetched in 370ms
87 http fetch GET 304 https://registry.npmjs.org/@types%2fobject.fromentries 98ms (from cache)
88 silly pacote tag manifest for @types/object.fromentries@ts3.6 fetched in 100ms
89 http fetch GET 304 https://registry.npmjs.org/@types%2fobject.getownpropertydescriptors 108ms (from cache)
90 silly pacote tag manifest for @types/object.getownpropertydescriptors@ts3.6 fetched in 112ms
91 http fetch GET 200 https://registry.npmjs.org/@types%2fobject.groupby 98ms
92 silly fetchPackageMetaData error for @types/object.groupby@ts3.6 No matching version found for @types/object.groupby@ts3.6.
93 http fetch GET 304 https://registry.npmjs.org/@types%2fobject.pick 146ms (from cache)
94 silly pacote tag manifest for @types/object.pick@ts3.6 fetched in 151ms
95 http fetch GET 304 https://registry.npmjs.org/@types%2fon-finished 104ms (from cache)
96 silly pacote tag manifest for @types/on-finished@ts3.6 fetched in 106ms
97 http fetch GET 304 https://registry.npmjs.org/@types%2fon-headers 109ms (from cache)
98 silly pacote tag manifest for @types/on-headers@ts3.6 fetched in 113ms
99 http fetch GET 304 https://registry.npmjs.org/@types%2fonce 103ms (from cache)
100 silly pacote tag manifest for @types/once@ts3.6 fetched in 108ms
101 http fetch GET 304 https://registry.npmjs.org/@types%2foptimize-css-assets-webpack-plugin 108ms (from cache)
102 silly pacote tag manifest for @types/optimize-css-assets-webpack-plugin@ts3.6 fetched in 117ms
103 http fetch GET 304 https://registry.npmjs.org/@types%2fpako 151ms (from cache)
104 silly pacote tag manifest for @types/pako@ts3.6 fetched in 157ms
105 http fetch GET 304 https://registry.npmjs.org/@types%2fnwsapi 758ms (from cache)
106 http fetch GET 304 https://registry.npmjs.org/@types%2fparallel-transform 154ms (from cache)
107 silly pacote tag manifest for @types/nwsapi@ts3.6 fetched in 774ms
108 silly pacote tag manifest for @types/parallel-transform@ts3.6 fetched in 160ms
109 http fetch GET 304 https://registry.npmjs.org/@types%2fparse-json 161ms (from cache)
110 silly pacote tag manifest for @types/parse-json@ts3.6 fetched in 188ms
111 http fetch GET 304 https://registry.npmjs.org/@types%2fnatural-compare 1219ms (from cache)
112 silly pacote tag manifest for @types/natural-compare@ts3.6 fetched in 1241ms
113 http fetch GET 304 https://registry.npmjs.org/@types%2fmin-indent 1442ms (from cache)
114 silly pacote tag manifest for @types/min-indent@ts3.6 fetched in 1455ms
115 http fetch GET 304 https://registry.npmjs.org/@types%2fparseurl 201ms (from cache)
116 silly pacote tag manifest for @types/parseurl@ts3.6 fetched in 207ms
117 http fetch GET 304 https://registry.npmjs.org/@types%2fpascalcase 168ms (from cache)
118 http fetch GET 304 https://registry.npmjs.org/@types%2fpath-browserify 166ms (from cache)
119 silly registry:manifest no matching version for @types/path-browserify@ts3.6 in the cache. Forcing revalidation.
120 silly pacote tag manifest for @types/pascalcase@ts3.6 fetched in 176ms
121 http fetch GET 304 https://registry.npmjs.org/@types%2fpath-is-absolute 181ms (from cache)
122 silly pacote tag manifest for @types/path-is-absolute@ts3.6 fetched in 192ms
123 http fetch GET 304 https://registry.npmjs.org/@types%2fpath-is-inside 211ms (from cache)
124 silly pacote tag manifest for @types/path-is-inside@ts3.6 fetched in 220ms
125 http fetch GET 304 https://registry.npmjs.org/@types%2fkind-of 2860ms (from cache)
126 http fetch GET 200 https://registry.npmjs.org/@types%2fpath-browserify 145ms
127 silly fetchPackageMetaData error for @types/path-browserify@ts3.6 No matching version found for @types/path-browserify@ts3.6.
128 silly pacote tag manifest for @types/kind-of@ts3.6 fetched in 2869ms
129 http fetch GET 304 https://registry.npmjs.org/@types%2fpbkdf2 192ms (from cache)
130 silly pacote tag manifest for @types/pbkdf2@ts3.6 fetched in 215ms
131 http fetch GET 304 https://registry.npmjs.org/@types%2fpicomatch 225ms (from cache)
132 silly pacote tag manifest for @types/picomatch@ts3.6 fetched in 249ms
133 http fetch GET 304 https://registry.npmjs.org/@types%2fpify 236ms (from cache)
134 http fetch GET 200 https://registry.npmjs.org/@types%2fpostcss-font-variant 159ms
135 silly fetchPackageMetaData error for @types/postcss-font-variant@ts3.6 No matching version found for @types/postcss-font-variant@ts3.6.
136 http fetch GET 304 https://registry.npmjs.org/@types%2fminizlib 1705ms (from cache)
137 silly pacote tag manifest for @types/pify@ts3.6 fetched in 259ms
138 http fetch GET 304 https://registry.npmjs.org/@types%2fpostcss-flexbugs-fixes 192ms (from cache)
139 http fetch GET 304 https://registry.npmjs.org/@types%2fpostcss-color-gray 202ms (from cache)
140 silly registry:manifest no matching version for @types/postcss-color-gray@ts3.6 in the cache. Forcing revalidation.
141 silly pacote tag manifest for @types/minizlib@ts3.6 fetched in 1735ms
142 silly pacote tag manifest for @types/postcss-flexbugs-fixes@ts3.6 fetched in 227ms
143 http fetch GET 304 https://registry.npmjs.org/@types%2fpostcss-gap-properties 225ms (from cache)
144 silly pacote tag manifest for @types/postcss-gap-properties@ts3.6 fetched in 228ms
145 http fetch GET 304 https://registry.npmjs.org/@types%2fpostcss-modules-extract-imports 175ms (from cache)
146 silly pacote tag manifest for @types/postcss-modules-extract-imports@ts3.6 fetched in 178ms
147 http fetch GET 200 https://registry.npmjs.org/@types%2fpostcss-color-gray 234ms
148 silly fetchPackageMetaData error for @types/postcss-color-gray@ts3.6 No matching version found for @types/postcss-color-gray@ts3.6.
149 http fetch GET 304 https://registry.npmjs.org/@types%2fnegotiator 1783ms (from cache)
150 http fetch GET 304 https://registry.npmjs.org/@types%2fpostcss-modules-scope 262ms (from cache)
151 http fetch GET 304 https://registry.npmjs.org/@types%2fpostcss-modules-local-by-default 294ms (from cache)
152 http fetch GET 304 https://registry.npmjs.org/@types%2fnum2fraction 1565ms (from cache)
153 http fetch GET 304 https://registry.npmjs.org/@types%2fpostcss-modules-values 271ms (from cache)
154 silly pacote tag manifest for @types/negotiator@ts3.6 fetched in 1810ms
155 silly pacote tag manifest for @types/postcss-modules-scope@ts3.6 fetched in 290ms
156 silly pacote tag manifest for @types/postcss-modules-local-by-default@ts3.6 fetched in 308ms
157 silly pacote tag manifest for @types/num2fraction@ts3.6 fetched in 1577ms
158 http fetch GET 304 https://registry.npmjs.org/@types%2fpostcss-normalize 252ms (from cache)
159 http fetch GET 304 https://registry.npmjs.org/@types%2fpostcss-safe-parser 199ms (from cache)
160 http fetch GET 304 https://registry.npmjs.org/@types%2fpostcss-page-break 205ms (from cache)
161 silly registry:manifest no matching version for @types/postcss-page-break@ts3.6 in the cache. Forcing revalidation.
162 silly pacote tag manifest for @types/postcss-modules-values@ts3.6 fetched in 291ms
163 silly pacote tag manifest for @types/postcss-normalize@ts3.6 fetched in 291ms
164 silly pacote tag manifest for @types/postcss-safe-parser@ts3.6 fetched in 242ms
165 http fetch GET 304 https://registry.npmjs.org/@types%2fprogress 169ms (from cache)
166 http fetch GET 304 https://registry.npmjs.org/@types%2fpromise-inflight 180ms (from cache)
167 silly pacote tag manifest for @types/progress@ts3.6 fetched in 182ms
168 silly pacote tag manifest for @types/promise-inflight@ts3.6 fetched in 193ms
169 http fetch GET 304 https://registry.npmjs.org/@types%2fprop-types 182ms (from cache)
170 silly pacote tag manifest for @types/prop-types@ts3.6 fetched in 197ms
171 http fetch GET 304 https://registry.npmjs.org/@types%2fproxy-addr 191ms (from cache)
172 http fetch GET 304 https://registry.npmjs.org/@types%2fpsl 174ms (from cache)
173 silly pacote tag manifest for @types/proxy-addr@ts3.6 fetched in 197ms
174 silly pacote tag manifest for @types/psl@ts3.6 fetched in 179ms
175 http fetch GET 304 https://registry.npmjs.org/@types%2fpump 121ms (from cache)
176 http fetch GET 304 https://registry.npmjs.org/@types%2fpumpify 134ms (from cache)
177 silly pacote tag manifest for @types/pump@ts3.6 fetched in 139ms
178 silly pacote tag manifest for @types/pumpify@ts3.6 fetched in 142ms
179 http fetch GET 304 https://registry.npmjs.org/@types%2fpunycode 182ms (from cache)
180 silly pacote tag manifest for @types/punycode@ts3.6 fetched in 184ms
181 http fetch GET 304 https://registry.npmjs.org/@types%2fq 173ms (from cache)
182 http fetch GET 304 https://registry.npmjs.org/@types%2fqs 183ms (from cache)
183 silly pacote tag manifest for @types/q@ts3.6 fetched in 189ms
184 silly pacote tag manifest for @types/qs@ts3.6 fetched in 190ms
185 http fetch GET 304 https://registry.npmjs.org/@types%2fquerystringify 127ms (from cache)
186 silly pacote tag manifest for @types/querystringify@ts3.6 fetched in 150ms
187 http fetch GET 304 https://registry.npmjs.org/@types%2fraf 160ms (from cache)
188 silly pacote tag manifest for @types/raf@ts3.6 fetched in 163ms
189 http fetch GET 304 https://registry.npmjs.org/@types%2freact-dev-utils 134ms (from cache)
190 http fetch GET 304 https://registry.npmjs.org/@types%2frange-parser 140ms (from cache)
191 silly pacote tag manifest for @types/react-dev-utils@ts3.6 fetched in 138ms
192 silly pacote tag manifest for @types/range-parser@ts3.6 fetched in 144ms
193 http fetch GET 304 https://registry.npmjs.org/@types%2freact-is 102ms (from cache)
194 silly pacote tag manifest for @types/react-is@ts3.6 fetched in 105ms
195 http fetch GET 304 https://registry.npmjs.org/@types%2frecursive-readdir 101ms (from cache)
196 silly pacote tag manifest for @types/recursive-readdir@ts3.6 fetched in 103ms
197 http fetch GET 304 https://registry.npmjs.org/@types%2freadable-stream 108ms (from cache)
198 silly pacote tag manifest for @types/readable-stream@ts3.6 fetched in 111ms
199 http fetch GET 200 https://registry.npmjs.org/@types%2fregenerate 166ms
200 silly fetchPackageMetaData error for @types/regenerate@ts3.6 No matching version found for @types/regenerate@ts3.6.
201 http fetch GET 304 https://registry.npmjs.org/@types%2fprettier-linter-helpers 799ms (from cache)
202 http fetch GET 304 https://registry.npmjs.org/@types%2fpath-parse 1449ms (from cache)
203 silly pacote tag manifest for @types/prettier-linter-helpers@ts3.6 fetched in 822ms
204 silly pacote tag manifest for @types/path-parse@ts3.6 fetched in 1473ms
205 http fetch GET 304 https://registry.npmjs.org/@types%2fregenerator-runtime 142ms (from cache)
206 silly pacote tag manifest for @types/regenerator-runtime@ts3.6 fetched in 148ms
207 http fetch GET 304 https://registry.npmjs.org/@types%2fregex-not 229ms (from cache)
208 silly registry:manifest no matching version for @types/regex-not@ts3.6 in the cache. Forcing revalidation.
209 http fetch GET 304 https://registry.npmjs.org/@types%2freact-refresh 441ms (from cache)
210 silly registry:manifest no matching version for @types/react-refresh@ts3.6 in the cache. Forcing revalidation.
211 http fetch GET 304 https://registry.npmjs.org/@types%2frelateurl 191ms (from cache)
212 http fetch GET 304 https://registry.npmjs.org/@types%2fprelude-ls 1013ms (from cache)
213 silly pacote tag manifest for @types/relateurl@ts3.6 fetched in 219ms
214 silly pacote tag manifest for @types/prelude-ls@ts3.6 fetched in 1021ms
215 http fetch GET 304 https://registry.npmjs.org/@types%2frequire-directory 186ms (from cache)
216 http fetch GET 200 https://registry.npmjs.org/@types%2fregex-not 102ms
217 silly pacote tag manifest for @types/require-directory@ts3.6 fetched in 189ms
218 silly fetchPackageMetaData error for @types/regex-not@ts3.6 No matching version found for @types/regex-not@ts3.6.
219 http fetch GET 200 https://registry.npmjs.org/@types%2freact-refresh 84ms
220 silly fetchPackageMetaData error for @types/react-refresh@ts3.6 No matching version found for @types/react-refresh@ts3.6.
221 http fetch GET 304 https://registry.npmjs.org/@types%2frequire-from-string 110ms (from cache)
222 silly pacote tag manifest for @types/require-from-string@ts3.6 fetched in 112ms
223 http fetch GET 304 https://registry.npmjs.org/@types%2fretry 122ms (from cache)
224 silly pacote tag manifest for @types/retry@ts3.6 fetched in 124ms
225 http fetch GET 304 https://registry.npmjs.org/@types%2fripemd160 121ms (from cache)
226 http fetch GET 304 https://registry.npmjs.org/@types%2fresolve 131ms (from cache)
227 silly pacote tag manifest for @types/ripemd160@ts3.6 fetched in 126ms
228 silly pacote tag manifest for @types/resolve@ts3.6 fetched in 136ms
229 http fetch GET 304 https://registry.npmjs.org/@types%2frsvp 133ms (from cache)
230 silly pacote tag manifest for @types/rsvp@ts3.6 fetched in 139ms
231 http fetch GET 304 https://registry.npmjs.org/@types%2fprompts 1272ms (from cache)
232 http fetch GET 200 https://registry.npmjs.org/@types%2fsafe-regex-test 110ms
233 silly pacote tag manifest for @types/prompts@ts3.6 fetched in 1278ms
234 silly fetchPackageMetaData error for @types/safe-regex-test@ts3.6 No matching version found for @types/safe-regex-test@ts3.6.
235 http fetch GET 304 https://registry.npmjs.org/@types%2frun-parallel 134ms (from cache)
236 silly pacote tag manifest for @types/run-parallel@ts3.6 fetched in 136ms
237 http fetch GET 304 https://registry.npmjs.org/@types%2fsafe-regex 133ms (from cache)
238 silly pacote tag manifest for @types/safe-regex@ts3.6 fetched in 150ms
239 http fetch GET 304 https://registry.npmjs.org/@types%2fsafer-buffer 122ms (from cache)
240 silly pacote tag manifest for @types/safer-buffer@ts3.6 fetched in 125ms
241 http fetch GET 304 https://registry.npmjs.org/@types%2fsass-loader 148ms (from cache)
242 http fetch GET 200 https://registry.npmjs.org/@types%2fpostcss-page-break 1423ms
243 silly fetchPackageMetaData error for @types/postcss-page-break@ts3.6 No matching version found for @types/postcss-page-break@ts3.6.
244 silly pacote tag manifest for @types/sass-loader@ts3.6 fetched in 156ms
245 http fetch GET 304 https://registry.npmjs.org/@types%2fscheduler 125ms (from cache)
246 http fetch GET 304 https://registry.npmjs.org/@types%2fsane 162ms (from cache)
247 http fetch GET 304 https://registry.npmjs.org/@types%2fsax 157ms (from cache)
248 silly pacote tag manifest for @types/scheduler@ts3.6 fetched in 137ms
249 silly pacote tag manifest for @types/sane@ts3.6 fetched in 178ms
250 silly pacote tag manifest for @types/sax@ts3.6 fetched in 181ms
251 http fetch GET 200 https://registry.npmjs.org/@types%2fselfsigned 204ms
252 silly fetchPackageMetaData error for @types/selfsigned@ts3.6 No matching version found for @types/selfsigned@ts3.6.
253 http fetch GET 304 https://registry.npmjs.org/@types%2frepeat-element 775ms (from cache)
254 silly pacote tag manifest for @types/repeat-element@ts3.6 fetched in 791ms
255 http fetch GET 304 https://registry.npmjs.org/@types%2fsemver 177ms (from cache)
256 http fetch GET 304 https://registry.npmjs.org/@types%2fsemver-compare 178ms (from cache)
257 silly pacote tag manifest for @types/semver@ts3.6 fetched in 183ms
258 silly pacote tag manifest for @types/semver-compare@ts3.6 fetched in 205ms
259 http fetch GET 304 https://registry.npmjs.org/@types%2fsend 194ms (from cache)
260 silly pacote tag manifest for @types/send@ts3.6 fetched in 225ms
261 http fetch GET 304 https://registry.npmjs.org/@types%2fserialize-javascript 212ms (from cache)
262 silly pacote tag manifest for @types/serialize-javascript@ts3.6 fetched in 216ms
263 http fetch GET 304 https://registry.npmjs.org/@types%2fserve-static 141ms (from cache)
264 silly pacote tag manifest for @types/serve-static@ts3.6 fetched in 147ms
265 http fetch GET 304 https://registry.npmjs.org/@types%2fset-blocking 173ms (from cache)
266 silly registry:manifest no matching version for @types/set-blocking@ts3.6 in the cache. Forcing revalidation.
267 http fetch GET 304 https://registry.npmjs.org/@types%2fset-value 166ms (from cache)
268 silly pacote tag manifest for @types/set-value@ts3.6 fetched in 170ms
269 http fetch GET 304 https://registry.npmjs.org/@types%2fsetimmediate 158ms (from cache)
270 http fetch GET 304 https://registry.npmjs.org/@types%2fshallowequal 119ms (from cache)
271 silly pacote tag manifest for @types/setimmediate@ts3.6 fetched in 164ms
272 silly pacote tag manifest for @types/shallowequal@ts3.6 fetched in 126ms
273 http fetch GET 304 https://registry.npmjs.org/@types%2fserve-index 401ms (from cache)
274 silly pacote tag manifest for @types/serve-index@ts3.6 fetched in 404ms
275 http fetch GET 200 https://registry.npmjs.org/@types%2fset-blocking 136ms
276 silly fetchPackageMetaData error for @types/set-blocking@ts3.6 No matching version found for @types/set-blocking@ts3.6.
277 http fetch GET 200 https://registry.npmjs.org/@types%2fsimple-swizzle 113ms
278 silly fetchPackageMetaData error for @types/simple-swizzle@ts3.6 No matching version found for @types/simple-swizzle@ts3.6.
279 http fetch GET 304 https://registry.npmjs.org/@types%2fsignal-exit 119ms (from cache)
280 silly pacote tag manifest for @types/signal-exit@ts3.6 fetched in 121ms
281 http fetch GET 304 https://registry.npmjs.org/@types%2fsockjs 112ms (from cache)
282 silly pacote tag manifest for @types/sockjs@ts3.6 fetched in 115ms
283 http fetch GET 304 https://registry.npmjs.org/@types%2fsockjs-client 100ms (from cache)
284 silly pacote tag manifest for @types/sockjs-client@ts3.6 fetched in 102ms
285 http fetch GET 304 https://registry.npmjs.org/@types%2fsource-map-support 143ms (from cache)
286 http fetch GET 304 https://registry.npmjs.org/@types%2fsource-list-map 156ms (from cache)
287 silly pacote tag manifest for @types/source-map-support@ts3.6 fetched in 154ms
288 silly pacote tag manifest for @types/source-list-map@ts3.6 fetched in 161ms
289 http fetch GET 304 https://registry.npmjs.org/@types%2fspdx-correct 123ms (from cache)
290 silly pacote tag manifest for @types/spdx-correct@ts3.6 fetched in 127ms
291 http fetch GET 304 https://registry.npmjs.org/@types%2fspdx-expression-parse 121ms (from cache)
292 silly pacote tag manifest for @types/spdx-expression-parse@ts3.6 fetched in 124ms
293 http fetch GET 304 https://registry.npmjs.org/@types%2fspdy 142ms (from cache)
294 http fetch GET 304 https://registry.npmjs.org/@types%2fsprintf 141ms (from cache)
295 silly pacote tag manifest for @types/spdy@ts3.6 fetched in 148ms
296 silly pacote tag manifest for @types/sprintf@ts3.6 fetched in 147ms
297 http fetch GET 304 https://registry.npmjs.org/@types%2frepeat-string 1417ms (from cache)
298 silly pacote tag manifest for @types/repeat-string@ts3.6 fetched in 1421ms
299 http fetch GET 304 https://registry.npmjs.org/@types%2fsprintf-js 161ms (from cache)
300 silly pacote tag manifest for @types/sprintf-js@ts3.6 fetched in 174ms
301 http fetch GET 304 https://registry.npmjs.org/@types%2fssri 146ms (from cache)
302 silly pacote tag manifest for @types/ssri@ts3.6 fetched in 167ms
303 http fetch GET 304 https://registry.npmjs.org/@types%2fstatic-eval 121ms (from cache)
304 http fetch GET 304 https://registry.npmjs.org/@types%2fstack-utils 125ms (from cache)
305 silly pacote tag manifest for @types/static-eval@ts3.6 fetched in 125ms
306 silly pacote tag manifest for @types/stack-utils@ts3.6 fetched in 129ms
307 http fetch GET 304 https://registry.npmjs.org/@types%2fstream-each 152ms (from cache)
308 http fetch GET 304 https://registry.npmjs.org/@types%2fstream-shift 132ms (from cache)
309 silly pacote tag manifest for @types/stream-each@ts3.6 fetched in 162ms
310 silly pacote tag manifest for @types/stream-shift@ts3.6 fetched in 147ms
311 http fetch GET 304 https://registry.npmjs.org/@types%2fstrict-uri-encode 121ms (from cache)
312 silly pacote tag manifest for @types/strict-uri-encode@ts3.6 fetched in 142ms
313 http fetch GET 304 https://registry.npmjs.org/@types%2fstring-natural-compare 146ms (from cache)
314 silly pacote tag manifest for @types/string-natural-compare@ts3.6 fetched in 158ms
315 http fetch GET 304 https://registry.npmjs.org/@types%2frandombytes 2236ms (from cache)
316 http fetch GET 304 https://registry.npmjs.org/@types%2fstringify-object 168ms (from cache)
317 silly pacote tag manifest for @types/randombytes@ts3.6 fetched in 2242ms
318 silly pacote tag manifest for @types/stringify-object@ts3.6 fetched in 174ms
319 http fetch GET 304 https://registry.npmjs.org/@types%2fstring.prototype.matchall 189ms (from cache)
320 silly pacote tag manifest for @types/string.prototype.matchall@ts3.6 fetched in 192ms
321 http fetch GET 304 https://registry.npmjs.org/@types%2fstrip-comments 177ms (from cache)
322 http fetch GET 304 https://registry.npmjs.org/@types%2fsupports-color 163ms (from cache)
323 silly pacote tag manifest for @types/strip-comments@ts3.6 fetched in 182ms
324 silly pacote tag manifest for @types/supports-color@ts3.6 fetched in 169ms
325 http fetch GET 304 https://registry.npmjs.org/@types%2fsymbol-tree 138ms (from cache)
326 silly pacote tag manifest for @types/symbol-tree@ts3.6 fetched in 146ms
327 http fetch GET 200 https://registry.npmjs.org/@types%2ftest-exclude 110ms
328 silly fetchPackageMetaData error for @types/test-exclude@ts3.6 No matching version found for @types/test-exclude@ts3.6.
329 http fetch GET 304 https://registry.npmjs.org/@types%2ftapable 179ms (from cache)
330 http fetch GET 304 https://registry.npmjs.org/@types%2fsvg-parser 189ms (from cache)
331 silly pacote tag manifest for @types/tapable@ts3.6 fetched in 197ms
332 silly pacote tag manifest for @types/svg-parser@ts3.6 fetched in 208ms
333 http fetch GET 304 https://registry.npmjs.org/@types%2ftar 160ms (from cache)
334 silly pacote tag manifest for @types/tar@ts3.6 fetched in 166ms
335 http fetch GET 304 https://registry.npmjs.org/@types%2ftext-table 157ms (from cache)
336 silly pacote tag manifest for @types/text-table@ts3.6 fetched in 162ms
337 http fetch GET 304 https://registry.npmjs.org/@types%2fthrough 156ms (from cache)
338 silly pacote tag manifest for @types/through@ts3.6 fetched in 160ms
339 http fetch GET 304 https://registry.npmjs.org/@types%2fthrough2 140ms (from cache)
340 silly pacote tag manifest for @types/through2@ts3.6 fetched in 147ms
341 http fetch GET 304 https://registry.npmjs.org/@types%2fthunky 160ms (from cache)
342 silly pacote tag manifest for @types/thunky@ts3.6 fetched in 178ms
343 http fetch GET 304 https://registry.npmjs.org/@types%2ftimsort 264ms (from cache)
344 http fetch GET 304 https://registry.npmjs.org/@types%2fsha.js 1443ms (from cache)
345 silly pacote tag manifest for @types/timsort@ts3.6 fetched in 272ms
346 silly pacote tag manifest for @types/sha.js@ts3.6 fetched in 1449ms
347 http fetch GET 304 https://registry.npmjs.org/@types%2ftmpl 173ms (from cache)
348 silly registry:manifest no matching version for @types/tmpl@ts3.6 in the cache. Forcing revalidation.
349 http fetch GET 304 https://registry.npmjs.org/@types%2fto-object-path 184ms (from cache)
350 silly registry:manifest no matching version for @types/to-object-path@ts3.6 in the cache. Forcing revalidation.
351 http fetch GET 200 https://registry.npmjs.org/@types%2fto-regex 179ms
352 silly fetchPackageMetaData error for @types/to-regex@ts3.6 No matching version found for @types/to-regex@ts3.6.
353 http fetch GET 200 https://registry.npmjs.org/@types%2fto-regex-range 247ms
354 silly fetchPackageMetaData error for @types/to-regex-range@ts3.6 No matching version found for @types/to-regex-range@ts3.6.
355 http fetch GET 200 https://registry.npmjs.org/@types%2ftmpl 165ms
356 silly fetchPackageMetaData error for @types/tmpl@ts3.6 No matching version found for @types/tmpl@ts3.6.
357 http fetch GET 200 https://registry.npmjs.org/@types%2ftoidentifier 213ms
358 silly fetchPackageMetaData error for @types/toidentifier@ts3.6 No matching version found for @types/toidentifier@ts3.6.
359 http fetch GET 304 https://registry.npmjs.org/@types%2fshell-quote 1549ms (from cache)
360 http fetch GET 200 https://registry.npmjs.org/@types%2fto-object-path 198ms
361 silly fetchPackageMetaData error for @types/to-object-path@ts3.6 No matching version found for @types/to-object-path@ts3.6.
362 silly pacote tag manifest for @types/shell-quote@ts3.6 fetched in 1566ms
363 http fetch GET 304 https://registry.npmjs.org/@types%2frequires-port 2402ms (from cache)
364 http fetch GET 304 https://registry.npmjs.org/@types%2ftough-cookie 253ms (from cache)
365 silly pacote tag manifest for @types/requires-port@ts3.6 fetched in 2416ms
366 http fetch GET 200 https://registry.npmjs.org/@types%2ftr46 205ms
367 http fetch GET 304 https://registry.npmjs.org/@types%2fshebang-command 1688ms (from cache)
368 silly fetchPackageMetaData error for @types/tr46@ts3.6 No matching version found for @types/tr46@ts3.6.
369 silly pacote tag manifest for @types/tough-cookie@ts3.6 fetched in 289ms
370 silly pacote tag manifest for @types/shebang-command@ts3.6 fetched in 1715ms
371 http fetch GET 200 https://registry.npmjs.org/@types%2ftypedarray-to-buffer 180ms
372 silly fetchPackageMetaData error for @types/typedarray-to-buffer@ts3.6 No matching version found for @types/typedarray-to-buffer@ts3.6.
373 http fetch GET 304 https://registry.npmjs.org/@types%2ftryer 304ms (from cache)
374 http fetch GET 200 https://registry.npmjs.org/@types%2funbox-primitive 196ms
375 silly fetchPackageMetaData error for @types/unbox-primitive@ts3.6 No matching version found for @types/unbox-primitive@ts3.6.
376 http fetch GET 304 https://registry.npmjs.org/@types%2ftype-detect 253ms (from cache)
377 silly pacote tag manifest for @types/tryer@ts3.6 fetched in 325ms
378 http fetch GET 304 https://registry.npmjs.org/@types%2ftype-is 248ms (from cache)
379 silly pacote tag manifest for @types/type-detect@ts3.6 fetched in 268ms
380 silly pacote tag manifest for @types/type-is@ts3.6 fetched in 264ms
381 http fetch GET 200 https://registry.npmjs.org/@types%2funique-slug 205ms
382 http fetch GET 304 https://registry.npmjs.org/@types%2funderscore 222ms (from cache)
383 silly fetchPackageMetaData error for @types/unique-slug@ts3.6 No matching version found for @types/unique-slug@ts3.6.
384 silly pacote tag manifest for @types/underscore@ts3.6 fetched in 248ms
385 http fetch GET 304 https://registry.npmjs.org/@types%2funiq 284ms (from cache)
386 silly pacote tag manifest for @types/uniq@ts3.6 fetched in 300ms
387 http fetch GET 304 https://registry.npmjs.org/@types%2fstatuses 1527ms (from cache)
388 http fetch GET 200 https://registry.npmjs.org/@types%2funquote 172ms
389 silly fetchPackageMetaData error for @types/unquote@ts3.6 No matching version found for @types/unquote@ts3.6.
390 silly pacote tag manifest for @types/statuses@ts3.6 fetched in 1536ms
391 http fetch GET 304 https://registry.npmjs.org/@types%2funiversalify 225ms (from cache)
392 silly pacote tag manifest for @types/universalify@ts3.6 fetched in 251ms
393 http fetch GET 304 https://registry.npmjs.org/@types%2furl-parse 207ms (from cache)
394 silly pacote tag manifest for @types/url-parse@ts3.6 fetched in 220ms
395 http fetch GET 304 https://registry.npmjs.org/@types%2futil-deprecate 208ms (from cache)
396 silly pacote tag manifest for @types/util-deprecate@ts3.6 fetched in 222ms
397 http fetch GET 304 https://registry.npmjs.org/@types%2futils-merge 176ms (from cache)
398 silly pacote tag manifest for @types/utils-merge@ts3.6 fetched in 189ms
399 http fetch GET 304 https://registry.npmjs.org/@types%2fuuid 168ms (from cache)
400 silly pacote tag manifest for @types/uuid@ts3.6 fetched in 182ms
401 http fetch GET 304 https://registry.npmjs.org/@types%2fvary 170ms (from cache)
402 silly pacote tag manifest for @types/vary@ts3.6 fetched in 174ms
403 http fetch GET 304 https://registry.npmjs.org/@types%2fw3c-hr-time 145ms (from cache)
404 silly pacote tag manifest for @types/w3c-hr-time@ts3.6 fetched in 147ms
405 http fetch GET 304 https://registry.npmjs.org/@types%2fwatchpack 127ms (from cache)
406 http fetch GET 304 https://registry.npmjs.org/@types%2fw3c-xmlserializer 145ms (from cache)
407 silly pacote tag manifest for @types/watchpack@ts3.6 fetched in 146ms
408 silly pacote tag manifest for @types/w3c-xmlserializer@ts3.6 fetched in 166ms
409 http fetch GET 304 https://registry.npmjs.org/@types%2fwebpack 155ms (from cache)
410 silly pacote tag manifest for @types/webpack@ts3.6 fetched in 162ms
411 http fetch GET 304 https://registry.npmjs.org/@types%2fwebpack-sources 133ms (from cache)
412 silly pacote tag manifest for @types/webpack-sources@ts3.6 fetched in 136ms
413 http fetch GET 304 https://registry.npmjs.org/@types%2fwhatwg-url 126ms (from cache)
414 silly pacote tag manifest for @types/whatwg-url@ts3.6 fetched in 127ms
415 http fetch GET 304 https://registry.npmjs.org/@types%2fwhich 94ms (from cache)
416 silly pacote tag manifest for @types/which@ts3.6 fetched in 97ms
417 http fetch GET 304 https://registry.npmjs.org/@types%2fwebidl-conversions 375ms (from cache)
418 silly pacote tag manifest for @types/webidl-conversions@ts3.6 fetched in 388ms
419 http fetch GET 304 https://registry.npmjs.org/@types%2furix 708ms (from cache)
420 http fetch GET 304 https://registry.npmjs.org/@types%2fwebpack-manifest-plugin 367ms (from cache)
421 silly pacote tag manifest for @types/urix@ts3.6 fetched in 724ms
422 silly pacote tag manifest for @types/webpack-manifest-plugin@ts3.6 fetched in 374ms
423 http fetch GET 304 https://registry.npmjs.org/@types%2fwhich-pm-runs 152ms (from cache)
424 http fetch GET 200 https://registry.npmjs.org/@types%2fwhich-boxed-primitive 169ms
425 silly fetchPackageMetaData error for @types/which-boxed-primitive@ts3.6 No matching version found for @types/which-boxed-primitive@ts3.6.
426 silly pacote tag manifest for @types/which-pm-runs@ts3.6 fetched in 173ms
427 http fetch GET 304 https://registry.npmjs.org/@types%2fworkbox-sw 180ms (from cache)
428 silly pacote tag manifest for @types/workbox-sw@ts3.6 fetched in 183ms
429 http fetch GET 304 https://registry.npmjs.org/@types%2fwrite-file-atomic 120ms (from cache)
430 http fetch GET 304 https://registry.npmjs.org/@types%2fws 119ms (from cache)
431 silly pacote tag manifest for @types/write-file-atomic@ts3.6 fetched in 128ms
432 silly pacote tag manifest for @types/ws@ts3.6 fetched in 140ms
433 http fetch GET 200 https://registry.npmjs.org/@types%2fxml-name-validator 172ms
434 silly fetchPackageMetaData error for @types/xml-name-validator@ts3.6 No matching version found for @types/xml-name-validator@ts3.6.
435 http fetch GET 304 https://registry.npmjs.org/@types%2fxtend 174ms (from cache)
436 http fetch GET 304 https://registry.npmjs.org/@types%2fvalidate-npm-package-license 777ms (from cache)
437 silly pacote tag manifest for @types/xtend@ts3.6 fetched in 178ms
438 silly pacote tag manifest for @types/validate-npm-package-license@ts3.6 fetched in 780ms
439 http fetch GET 304 https://registry.npmjs.org/@types%2fyallist 107ms (from cache)
440 silly pacote tag manifest for @types/yallist@ts3.6 fetched in 109ms
441 http fetch GET 304 https://registry.npmjs.org/@types%2fyargs 138ms (from cache)
442 http fetch GET 304 https://registry.npmjs.org/@types%2fyargs-parser 137ms (from cache)
443 http fetch GET 304 https://registry.npmjs.org/@types%2fwhatwg-encoding 616ms (from cache)
444 silly pacote tag manifest for @types/yargs-parser@ts3.6 fetched in 141ms
445 silly pacote tag manifest for @types/yargs@ts3.6 fetched in 148ms
446 silly pacote tag manifest for @types/whatwg-encoding@ts3.6 fetched in 620ms
447 http fetch GET 304 https://registry.npmjs.org/@types%2ftype-check 1493ms (from cache)
448 silly pacote tag manifest for @types/type-check@ts3.6 fetched in 1495ms
449 http fetch GET 304 https://registry.npmjs.org/@types%2fwhatwg-mimetype 1348ms (from cache)
450 http fetch GET 304 https://registry.npmjs.org/@types%2futil.promisify 1702ms (from cache)
451 silly pacote tag manifest for @types/whatwg-mimetype@ts3.6 fetched in 1351ms
452 silly pacote tag manifest for @types/util.promisify@ts3.6 fetched in 1705ms
453 timing stage:rollbackFailedOptional Completed in 1ms
454 timing stage:runTopLevelLifecycles Completed in 8817ms
455 verbose type tag
456 verbose stack @types/language-tags: No matching version found for @types/language-tags@ts3.6.
456 verbose stack     at pickManifest (/usr/local/lib/node_modules/npm/node_modules/npm-pick-manifest/index.js:122:13)
456 verbose stack     at /usr/local/lib/node_modules/npm/node_modules/pacote/lib/fetchers/registry/manifest.js:24:14
456 verbose stack     at tryCatcher (/usr/local/lib/node_modules/npm/node_modules/bluebird/js/release/util.js:16:23)
456 verbose stack     at Promise._settlePromiseFromHandler (/usr/local/lib/node_modules/npm/node_modules/bluebird/js/release/promise.js:517:31)
456 verbose stack     at Promise._settlePromise (/usr/local/lib/node_modules/npm/node_modules/bluebird/js/release/promise.js:574:18)
456 verbose stack     at Promise._settlePromise0 (/usr/local/lib/node_modules/npm/node_modules/bluebird/js/release/promise.js:619:10)
456 verbose stack     at Promise._settlePromises (/usr/local/lib/node_modules/npm/node_modules/bluebird/js/release/promise.js:699:18)
456 verbose stack     at _drainQueueStep (/usr/local/lib/node_modules/npm/node_modules/bluebird/js/release/async.js:138:12)
456 verbose stack     at _drainQueue (/usr/local/lib/node_modules/npm/node_modules/bluebird/js/release/async.js:131:9)
456 verbose stack     at Async._drainQueues (/usr/local/lib/node_modules/npm/node_modules/bluebird/js/release/async.js:147:5)
456 verbose stack     at Immediate.Async.drainQueues [as _onImmediate] (/usr/local/lib/node_modules/npm/node_modules/bluebird/js/release/async.js:17:14)
456 verbose stack     at processImmediate (internal/timers.js:456:21)
457 verbose cwd /home/theia/.cache/typescript/3.6
458 verbose Linux 5.10.16.3-microsoft-standard-WSL2
459 verbose argv "/usr/local/bin/node" "/usr/local/bin/npm" "install" "--ignore-scripts" "@types/jsx-ast-utils@ts3.6" "@types/kind-of@ts3.6" "@types/language-tags@ts3.6" "@types/loader-runner@ts3.6" "@types/loader-utils@ts3.6" "@types/lodash@ts3.6" "@types/lodash.debounce@ts3.6" "@types/lodash.memoize@ts3.6" "@types/lodash.merge@ts3.6" "@types/lodash.template@ts3.6" "@types/lodash.truncate@ts3.6" "@types/lodash.uniq@ts3.6" "@types/makeerror@ts3.6" "@types/media-typer@ts3.6" "@types/memory-fs@ts3.6" "@types/memorystream@ts3.6" "@types/merge-descriptors@ts3.6" "@types/merge-stream@ts3.6" "@types/merge2@ts3.6" "@types/methods@ts3.6" "@types/micromatch@ts3.6" "@types/mime@ts3.6" "@types/mime-db@ts3.6" "@types/mime-types@ts3.6" "@types/min-indent@ts3.6" "@types/minimalistic-assert@ts3.6" "@types/minimist@ts3.6" "@types/minizlib@ts3.6" "@types/move-concurrently@ts3.6" "@types/ms@ts3.6" "@types/multicast-dns@ts3.6" "@types/natural-compare@ts3.6" "@types/negotiator@ts3.6" "@types/neo-async@ts3.6" "@types/next-tick@ts3.6" "@types/nice-try@ts3.6" "@types/node-forge@ts3.6" "@types/node-int64@ts3.6" "@types/node-notifier@ts3.6" "@types/normalize-package-data@ts3.6" "@types/normalize-path@ts3.6" "@types/num2fraction@ts3.6" "@types/nwsapi@ts3.6" "@types/object-assign@ts3.6" "@types/object-inspect@ts3.6" "@types/object-keys@ts3.6" "@types/object.fromentries@ts3.6" "@types/object.getownpropertydescriptors@ts3.6" "@types/object.groupby@ts3.6" "@types/object.pick@ts3.6" "@types/on-finished@ts3.6" "@types/on-headers@ts3.6" "@types/once@ts3.6" "@types/optimize-css-assets-webpack-plugin@ts3.6" "@types/pako@ts3.6" "@types/parallel-transform@ts3.6" "@types/parse-json@ts3.6" "@types/parseurl@ts3.6" "@types/pascalcase@ts3.6" "@types/path-browserify@ts3.6" "@types/path-is-absolute@ts3.6" "@types/path-is-inside@ts3.6" "@types/path-parse@ts3.6" "@types/pbkdf2@ts3.6" "@types/picomatch@ts3.6" "@types/pify@ts3.6" "@types/postcss-color-gray@ts3.6" "@types/postcss-flexbugs-fixes@ts3.6" "@types/postcss-font-variant@ts3.6" "@types/postcss-gap-properties@ts3.6" "@types/postcss-modules-extract-imports@ts3.6" "@types/postcss-modules-local-by-default@ts3.6" "@types/postcss-modules-scope@ts3.6" "@types/postcss-modules-values@ts3.6" "@types/postcss-normalize@ts3.6" "@types/postcss-page-break@ts3.6" "@types/postcss-safe-parser@ts3.6" "@types/prelude-ls@ts3.6" "@types/prettier-linter-helpers@ts3.6" "@types/progress@ts3.6" "@types/promise-inflight@ts3.6" "@types/prompts@ts3.6" "@types/prop-types@ts3.6" "@types/proxy-addr@ts3.6" "@types/psl@ts3.6" "@types/pump@ts3.6" "@types/pumpify@ts3.6" "@types/punycode@ts3.6" "@types/q@ts3.6" "@types/qs@ts3.6" "@types/querystringify@ts3.6" "@types/raf@ts3.6" "@types/randombytes@ts3.6" "@types/range-parser@ts3.6" "@types/react-dev-utils@ts3.6" "@types/react-is@ts3.6" "@types/react-refresh@ts3.6" "@types/readable-stream@ts3.6" "@types/recursive-readdir@ts3.6" "@types/regenerate@ts3.6" "@types/regenerator-runtime@ts3.6" "@types/regex-not@ts3.6" "@types/relateurl@ts3.6" "@types/repeat-element@ts3.6" "@types/repeat-string@ts3.6" "@types/require-directory@ts3.6" "@types/require-from-string@ts3.6" "@types/requires-port@ts3.6" "@types/resolve@ts3.6" "@types/retry@ts3.6" "@types/ripemd160@ts3.6" "@types/rsvp@ts3.6" "@types/run-parallel@ts3.6" "@types/safe-regex@ts3.6" "@types/safe-regex-test@ts3.6" "@types/safer-buffer@ts3.6" "@types/sane@ts3.6" "@types/sass-loader@ts3.6" "@types/sax@ts3.6" "@types/scheduler@ts3.6" "@types/selfsigned@ts3.6" "@types/semver@ts3.6" "@types/semver-compare@ts3.6" "@types/send@ts3.6" "@types/serialize-javascript@ts3.6" "@types/serve-index@ts3.6" "@types/serve-static@ts3.6" "@types/set-blocking@ts3.6" "@types/set-value@ts3.6" "@types/setimmediate@ts3.6" "@types/sha.js@ts3.6" "@types/shallowequal@ts3.6" "@types/shebang-command@ts3.6" "@types/shell-quote@ts3.6" "@types/signal-exit@ts3.6" "@types/simple-swizzle@ts3.6" "@types/sockjs@ts3.6" "@types/sockjs-client@ts3.6" "@types/source-list-map@ts3.6" "@types/source-map-support@ts3.6" "@types/spdx-correct@ts3.6" "@types/spdx-expression-parse@ts3.6" "@types/spdy@ts3.6" "@types/sprintf@ts3.6" "@types/sprintf-js@ts3.6" "@types/ssri@ts3.6" "@types/stack-utils@ts3.6" "@types/static-eval@ts3.6" "@types/statuses@ts3.6" "@types/stream-each@ts3.6" "@types/stream-shift@ts3.6" "@types/strict-uri-encode@ts3.6" "@types/string-natural-compare@ts3.6" "@types/string.prototype.matchall@ts3.6" "@types/stringify-object@ts3.6" "@types/strip-comments@ts3.6" "@types/supports-color@ts3.6" "@types/svg-parser@ts3.6" "@types/symbol-tree@ts3.6" "@types/tapable@ts3.6" "@types/tar@ts3.6" "@types/test-exclude@ts3.6" "@types/text-table@ts3.6" "@types/through@ts3.6" "@types/through2@ts3.6" "@types/thunky@ts3.6" "@types/timsort@ts3.6" "@types/tmpl@ts3.6" "@types/to-object-path@ts3.6" "@types/to-regex@ts3.6" "@types/to-regex-range@ts3.6" "@types/toidentifier@ts3.6" "@types/tough-cookie@ts3.6" "@types/tr46@ts3.6" "@types/tryer@ts3.6" "@types/type-check@ts3.6" "@types/type-detect@ts3.6" "@types/type-is@ts3.6" "@types/typedarray-to-buffer@ts3.6" "@types/unbox-primitive@ts3.6" "@types/underscore@ts3.6" "@types/uniq@ts3.6" "@types/unique-slug@ts3.6" "@types/universalify@ts3.6" "@types/unquote@ts3.6" "@types/urix@ts3.6" "@types/url-parse@ts3.6" "@types/util-deprecate@ts3.6" "@types/util.promisify@ts3.6" "@types/utils-merge@ts3.6" "@types/uuid@ts3.6" "@types/validate-npm-package-license@ts3.6" "@types/vary@ts3.6" "@types/w3c-hr-time@ts3.6" "@types/w3c-xmlserializer@ts3.6" "@types/watchpack@ts3.6" "@types/webidl-conversions@ts3.6" "@types/webpack@ts3.6" "@types/webpack-manifest-plugin@ts3.6" "@types/webpack-sources@ts3.6" "@types/whatwg-encoding@ts3.6" "@types/whatwg-mimetype@ts3.6" "@types/whatwg-url@ts3.6" "@types/which@ts3.6" "@types/which-boxed-primitive@ts3.6" "@types/which-pm-runs@ts3.6" "@types/workbox-sw@ts3.6" "@types/write-file-atomic@ts3.6" "@types/ws@ts3.6" "@types/xml-name-validator@ts3.6" "@types/xtend@ts3.6" "@types/yallist@ts3.6" "@types/yargs@ts3.6" "@types/yargs-parser@ts3.6" "--save-dev" "--user-agent=typesInstaller/3.6.3"
460 verbose node v12.18.3
461 verbose npm  v6.14.6
462 error code ETARGET
463 error notarget No matching version found for @types/language-tags@ts3.6.
464 error notarget In most cases you or one of your dependencies are requesting
464 error notarget a package version that doesn't exist.
465 verbose exit [ 1, true ]
