0 info it worked if it ends with ok
1 verbose cli [
1 verbose cli   '/usr/local/bin/node',
1 verbose cli   '/usr/local/bin/npm',
1 verbose cli   'install',
1 verbose cli   '--ignore-scripts',
1 verbose cli   '@types/craco__craco@ts3.6',
1 verbose cli   '@types/react@ts3.6',
1 verbose cli   '@types/react-dom@ts3.6',
1 verbose cli   '@types/styled-components@ts3.6',
1 verbose cli   '@types/eslint-config-prettier@ts3.6',
1 verbose cli   '@types/eslint-plugin-prettier@ts3.6',
1 verbose cli   '@types/lint-staged@ts3.6',
1 verbose cli   '@types/accepts@ts3.6',
1 verbose cli   '@types/ansi-html@ts3.6',
1 verbose cli   '@types/argparse@ts3.6',
1 verbose cli   '@types/aria-query@ts3.6',
1 verbose cli   '@types/arr-diff@ts3.6',
1 verbose cli   '@types/arr-union@ts3.6',
1 verbose cli   '@types/array-unique@ts3.6',
1 verbose cli   '@types/array.prototype.flat@ts3.6',
1 verbose cli   '@types/array.prototype.flatmap@ts3.6',
1 verbose cli   '@types/asap@ts3.6',
1 verbose cli   '@types/assert@ts3.6',
1 verbose cli   '@types/async@ts3.6',
1 verbose cli   '@types/at-least-node@ts3.6',
1 verbose cli   '@types/atob@ts3.6',
1 verbose cli   '@types/babel-plugin-macros@ts3.6',
1 verbose cli   '@types/babel-plugin-syntax-jsx@ts3.6',
1 verbose cli   '@types/babylon@ts3.6',
1 verbose cli   '@types/balanced-match@ts3.6',
1 verbose cli   '@types/big.js@ts3.6',
1 verbose cli   '@types/bluebird@ts3.6',
1 verbose cli   '@types/bn.js@ts3.6',
1 verbose cli   '@types/body-parser@ts3.6',
1 verbose cli   '@types/bonjour@ts3.6',
1 verbose cli   '@types/boolbase@ts3.6',
1 verbose cli   '@types/brace-expansion@ts3.6',
1 verbose cli   '@types/braces@ts3.6',
1 verbose cli   '@types/brorand@ts3.6',
1 verbose cli   '@types/bser@ts3.6',
1 verbose cli   '@types/buffer-from@ts3.6',
1 verbose cli   '@types/buffer-xor@ts3.6',
1 verbose cli   '@types/bytes@ts3.6',
1 verbose cli   '@types/cacache@ts3.6',
1 verbose cli   '@types/call-bind@ts3.6',
1 verbose cli   '@types/camelize@ts3.6',
1 verbose cli   '@types/caniuse-api@ts3.6',
1 verbose cli   '@types/caniuse-lite@ts3.6',
1 verbose cli   '@types/case-sensitive-paths-webpack-plugin@ts3.6',
1 verbose cli   '@types/check-types@ts3.6',
1 verbose cli   '@types/chownr@ts3.6',
1 verbose cli   '@types/cipher-base@ts3.6',
1 verbose cli   '@types/clean-css@ts3.6',
1 verbose cli   '@types/co@ts3.6',
1 verbose cli   '@types/color@ts3.6',
1 verbose cli   '@types/color-convert@ts3.6',
1 verbose cli   '@types/color-name@ts3.6',
1 verbose cli   '@types/color-string@ts3.6',
1 verbose cli   '@types/combined-stream@ts3.6',
1 verbose cli   '@types/common-tags@ts3.6',
1 verbose cli   '@types/commondir@ts3.6',
1 verbose cli   '@types/component-emitter@ts3.6',
1 verbose cli   '@types/compose-function@ts3.6',
1 verbose cli   '@types/compressible@ts3.6',
1 verbose cli   '@types/compression@ts3.6',
1 verbose cli   '@types/concat-map@ts3.6',
1 verbose cli   '@types/concat-stream@ts3.6',
1 verbose cli   '@types/confusing-browser-globals@ts3.6',
1 verbose cli   '@types/connect-history-api-fallback@ts3.6',
1 verbose cli   '@types/content-disposition@ts3.6',
1 verbose cli   '@types/content-type@ts3.6',
1 verbose cli   '@types/convert-source-map@ts3.6',
1 verbose cli   '@types/cookie@ts3.6',
1 verbose cli   '@types/cookie-signature@ts3.6',
1 verbose cli   '@types/core-js@ts3.6',
1 verbose cli   '@types/core-util-is@ts3.6',
1 verbose cli   '@types/create-hash@ts3.6',
1 verbose cli   '@types/create-hmac@ts3.6',
1 verbose cli   '@types/cross-spawn@ts3.6',
1 verbose cli   '@types/css@ts3.6',
1 verbose cli   '@types/css-declaration-sorter@ts3.6',
1 verbose cli   '@types/css-tree@ts3.6',
1 verbose cli   '@types/css.escape@ts3.6',
1 verbose cli   '@types/cssesc@ts3.6',
1 verbose cli   '@types/csso@ts3.6',
1 verbose cli   '@types/cssom@ts3.6',
1 verbose cli   '@types/cssstyle@ts3.6',
1 verbose cli   '@types/d@ts3.6',
1 verbose cli   '@types/damerau-levenshtein@ts3.6',
1 verbose cli   '@types/data-urls@ts3.6',
1 verbose cli   '@types/debug@ts3.6',
1 verbose cli   '@types/decode-uri-component@ts3.6',
1 verbose cli   '@types/dedent@ts3.6',
1 verbose cli   '@types/deep-equal@ts3.6',
1 verbose cli   '@types/default-gateway@ts3.6',
1 verbose cli   '@types/define-properties@ts3.6',
1 verbose cli   '@types/depd@ts3.6',
1 verbose cli   '@types/destroy@ts3.6',
1 verbose cli   '@types/detect-node@ts3.6',
1 verbose cli   '@types/diffie-hellman@ts3.6',
1 verbose cli   '@types/dir-glob@ts3.6',
1 verbose cli   ... 120 more items
1 verbose cli ]
2 info using npm@6.14.6
3 info using node@v12.18.3
4 verbose npm-session ac9fc46ce5687d3b
5 silly install loadCurrentTree
6 silly install readLocalPackageData
7 http fetch GET 200 https://registry.npmjs.org/@types%2fansi-html 635ms
8 silly fetchPackageMetaData error for @types/ansi-html@ts3.6 No matching version found for @types/ansi-html@ts3.6.
9 http fetch GET 200 https://registry.npmjs.org/@types%2fcraco__craco 665ms
10 silly fetchPackageMetaData error for @types/craco__craco@ts3.6 No matching version found for @types/craco__craco@ts3.6.
11 http fetch GET 304 https://registry.npmjs.org/@types%2fstyled-components 729ms (from cache)
12 http fetch GET 304 https://registry.npmjs.org/@types%2flint-staged 725ms (from cache)
13 silly registry:manifest no matching version for @types/lint-staged@ts3.6 in the cache. Forcing revalidation.
14 http fetch GET 304 https://registry.npmjs.org/@types%2freact-dom 743ms (from cache)
15 silly pacote tag manifest for @types/styled-components@ts3.6 fetched in 748ms
16 http fetch GET 304 https://registry.npmjs.org/@types%2feslint-plugin-prettier 744ms (from cache)
17 http fetch GET 304 https://registry.npmjs.org/@types%2feslint-config-prettier 751ms (from cache)
18 silly pacote tag manifest for @types/react-dom@ts3.6 fetched in 760ms
19 http fetch GET 304 https://registry.npmjs.org/@types%2fargparse 758ms (from cache)
20 http fetch GET 304 https://registry.npmjs.org/@types%2faccepts 768ms (from cache)
21 silly pacote tag manifest for @types/eslint-config-prettier@ts3.6 fetched in 781ms
22 silly pacote tag manifest for @types/eslint-plugin-prettier@ts3.6 fetched in 778ms
23 silly pacote tag manifest for @types/argparse@ts3.6 fetched in 801ms
24 silly pacote tag manifest for @types/accepts@ts3.6 fetched in 831ms
25 http fetch GET 304 https://registry.npmjs.org/@types%2freact 975ms (from cache)
26 silly pacote tag manifest for @types/react@ts3.6 fetched in 1046ms
27 http fetch GET 200 https://registry.npmjs.org/@types%2flint-staged 378ms
28 silly fetchPackageMetaData error for @types/lint-staged@ts3.6 No matching version found for @types/lint-staged@ts3.6.
29 http fetch GET 304 https://registry.npmjs.org/@types%2faria-query 486ms (from cache)
30 http fetch GET 304 https://registry.npmjs.org/@types%2farr-diff 487ms (from cache)
31 silly pacote tag manifest for @types/aria-query@ts3.6 fetched in 499ms
32 silly pacote tag manifest for @types/arr-diff@ts3.6 fetched in 521ms
33 http fetch GET 304 https://registry.npmjs.org/@types%2farr-union 448ms (from cache)
34 http fetch GET 304 https://registry.npmjs.org/@types%2farray-unique 426ms (from cache)
35 http fetch GET 304 https://registry.npmjs.org/@types%2farray.prototype.flatmap 444ms (from cache)
36 silly pacote tag manifest for @types/arr-union@ts3.6 fetched in 499ms
37 silly pacote tag manifest for @types/array-unique@ts3.6 fetched in 476ms
38 http fetch GET 304 https://registry.npmjs.org/@types%2farray.prototype.flat 471ms (from cache)
39 silly pacote tag manifest for @types/array.prototype.flatmap@ts3.6 fetched in 476ms
40 http fetch GET 304 https://registry.npmjs.org/@types%2fasap 457ms (from cache)
41 silly pacote tag manifest for @types/array.prototype.flat@ts3.6 fetched in 492ms
42 http fetch GET 304 https://registry.npmjs.org/@types%2fassert 466ms (from cache)
43 silly pacote tag manifest for @types/asap@ts3.6 fetched in 501ms
44 silly pacote tag manifest for @types/assert@ts3.6 fetched in 514ms
45 http fetch GET 200 https://registry.npmjs.org/@types%2fat-least-node 237ms
46 silly fetchPackageMetaData error for @types/at-least-node@ts3.6 No matching version found for @types/at-least-node@ts3.6.
47 http fetch GET 304 https://registry.npmjs.org/@types%2fasync 373ms (from cache)
48 silly pacote tag manifest for @types/async@ts3.6 fetched in 402ms
49 http fetch GET 304 https://registry.npmjs.org/@types%2fatob 300ms (from cache)
50 http fetch GET 304 https://registry.npmjs.org/@types%2fbabel-plugin-macros 274ms (from cache)
51 silly pacote tag manifest for @types/atob@ts3.6 fetched in 343ms
52 silly pacote tag manifest for @types/babel-plugin-macros@ts3.6 fetched in 314ms
53 http fetch GET 304 https://registry.npmjs.org/@types%2fbabylon 253ms (from cache)
54 silly pacote tag manifest for @types/babylon@ts3.6 fetched in 295ms
55 http fetch GET 304 https://registry.npmjs.org/@types%2fbalanced-match 298ms (from cache)
56 silly pacote tag manifest for @types/balanced-match@ts3.6 fetched in 306ms
57 http fetch GET 304 https://registry.npmjs.org/@types%2fbluebird 287ms (from cache)
58 http fetch GET 304 https://registry.npmjs.org/@types%2fbn.js 256ms (from cache)
59 http fetch GET 304 https://registry.npmjs.org/@types%2fbody-parser 224ms (from cache)
60 silly pacote tag manifest for @types/bluebird@ts3.6 fetched in 295ms
61 silly pacote tag manifest for @types/bn.js@ts3.6 fetched in 264ms
62 silly pacote tag manifest for @types/body-parser@ts3.6 fetched in 234ms
63 http fetch GET 304 https://registry.npmjs.org/@types%2fbonjour 198ms (from cache)
64 silly pacote tag manifest for @types/bonjour@ts3.6 fetched in 268ms
65 http fetch GET 304 https://registry.npmjs.org/@types%2fbrace-expansion 298ms (from cache)
66 http fetch GET 304 https://registry.npmjs.org/@types%2fboolbase 302ms (from cache)
67 http fetch GET 304 https://registry.npmjs.org/@types%2fbraces 245ms (from cache)
68 silly pacote tag manifest for @types/brace-expansion@ts3.6 fetched in 307ms
69 http fetch GET 304 https://registry.npmjs.org/@types%2fbrorand 227ms (from cache)
70 silly pacote tag manifest for @types/boolbase@ts3.6 fetched in 314ms
71 silly pacote tag manifest for @types/braces@ts3.6 fetched in 257ms
72 silly pacote tag manifest for @types/brorand@ts3.6 fetched in 238ms
73 http fetch GET 304 https://registry.npmjs.org/@types%2fbuffer-from 214ms (from cache)
74 silly pacote tag manifest for @types/buffer-from@ts3.6 fetched in 253ms
75 http fetch GET 304 https://registry.npmjs.org/@types%2fbuffer-xor 247ms (from cache)
76 silly pacote tag manifest for @types/buffer-xor@ts3.6 fetched in 253ms
77 http fetch GET 200 https://registry.npmjs.org/@types%2fcamelize 156ms
78 silly fetchPackageMetaData error for @types/camelize@ts3.6 No matching version found for @types/camelize@ts3.6.
79 http fetch GET 200 https://registry.npmjs.org/@types%2fcall-bind 170ms
80 silly fetchPackageMetaData error for @types/call-bind@ts3.6 No matching version found for @types/call-bind@ts3.6.
81 http fetch GET 304 https://registry.npmjs.org/@types%2fcacache 233ms (from cache)
82 http fetch GET 304 https://registry.npmjs.org/@types%2fcaniuse-api 231ms (from cache)
83 silly pacote tag manifest for @types/cacache@ts3.6 fetched in 256ms
84 silly pacote tag manifest for @types/caniuse-api@ts3.6 fetched in 237ms
85 http fetch GET 304 https://registry.npmjs.org/@types%2fcase-sensitive-paths-webpack-plugin 219ms (from cache)
86 silly pacote tag manifest for @types/case-sensitive-paths-webpack-plugin@ts3.6 fetched in 234ms
87 http fetch GET 304 https://registry.npmjs.org/@types%2fcheck-types 187ms (from cache)
88 http fetch GET 304 https://registry.npmjs.org/@types%2fchownr 175ms (from cache)
89 silly pacote tag manifest for @types/check-types@ts3.6 fetched in 199ms
90 silly pacote tag manifest for @types/chownr@ts3.6 fetched in 182ms
91 http fetch GET 304 https://registry.npmjs.org/@types%2fcipher-base 193ms (from cache)
92 silly pacote tag manifest for @types/cipher-base@ts3.6 fetched in 211ms
93 http fetch GET 304 https://registry.npmjs.org/@types%2fclean-css 226ms (from cache)
94 silly pacote tag manifest for @types/clean-css@ts3.6 fetched in 233ms
95 http fetch GET 304 https://registry.npmjs.org/@types%2fco 239ms (from cache)
96 silly pacote tag manifest for @types/co@ts3.6 fetched in 244ms
97 http fetch GET 304 https://registry.npmjs.org/@types%2fcolor 200ms (from cache)
98 silly pacote tag manifest for @types/color@ts3.6 fetched in 206ms
99 http fetch GET 304 https://registry.npmjs.org/@types%2fcolor-convert 223ms (from cache)
100 silly pacote tag manifest for @types/color-convert@ts3.6 fetched in 255ms
101 http fetch GET 304 https://registry.npmjs.org/@types%2fcolor-name 241ms (from cache)
102 http fetch GET 304 https://registry.npmjs.org/@types%2fcolor-string 219ms (from cache)
103 silly pacote tag manifest for @types/color-name@ts3.6 fetched in 246ms
104 silly pacote tag manifest for @types/color-string@ts3.6 fetched in 225ms
105 http fetch GET 304 https://registry.npmjs.org/@types%2fcommon-tags 177ms (from cache)
106 http fetch GET 304 https://registry.npmjs.org/@types%2fcombined-stream 191ms (from cache)
107 silly pacote tag manifest for @types/common-tags@ts3.6 fetched in 182ms
108 silly pacote tag manifest for @types/combined-stream@ts3.6 fetched in 195ms
109 http fetch GET 304 https://registry.npmjs.org/@types%2fcommondir 145ms (from cache)
110 silly pacote tag manifest for @types/commondir@ts3.6 fetched in 159ms
111 http fetch GET 304 https://registry.npmjs.org/@types%2fcompose-function 156ms (from cache)
112 http fetch GET 304 https://registry.npmjs.org/@types%2fcomponent-emitter 161ms (from cache)
113 silly pacote tag manifest for @types/compose-function@ts3.6 fetched in 163ms
114 silly pacote tag manifest for @types/component-emitter@ts3.6 fetched in 172ms
115 http fetch GET 304 https://registry.npmjs.org/@types%2fcompressible 129ms (from cache)
116 silly pacote tag manifest for @types/compressible@ts3.6 fetched in 156ms
117 http fetch GET 304 https://registry.npmjs.org/@types%2fcompression 161ms (from cache)
118 silly pacote tag manifest for @types/compression@ts3.6 fetched in 183ms
119 http fetch GET 304 https://registry.npmjs.org/@types%2fconcat-map 162ms (from cache)
120 silly pacote tag manifest for @types/concat-map@ts3.6 fetched in 182ms
121 http fetch GET 304 https://registry.npmjs.org/@types%2fbig.js 1604ms (from cache)
122 http fetch GET 304 https://registry.npmjs.org/@types%2fconfusing-browser-globals 187ms (from cache)
123 http fetch GET 304 https://registry.npmjs.org/@types%2fconcat-stream 190ms (from cache)
124 silly pacote tag manifest for @types/big.js@ts3.6 fetched in 1611ms
125 silly pacote tag manifest for @types/confusing-browser-globals@ts3.6 fetched in 192ms
126 silly pacote tag manifest for @types/concat-stream@ts3.6 fetched in 202ms
127 http fetch GET 304 https://registry.npmjs.org/@types%2fbytes 1188ms (from cache)
128 http fetch GET 304 https://registry.npmjs.org/@types%2fconnect-history-api-fallback 172ms (from cache)
129 http fetch GET 304 https://registry.npmjs.org/@types%2fcontent-disposition 155ms (from cache)
130 silly pacote tag manifest for @types/bytes@ts3.6 fetched in 1201ms
131 silly pacote tag manifest for @types/connect-history-api-fallback@ts3.6 fetched in 206ms
132 silly pacote tag manifest for @types/content-disposition@ts3.6 fetched in 186ms
133 http fetch GET 304 https://registry.npmjs.org/@types%2fcookie 174ms (from cache)
134 http fetch GET 304 https://registry.npmjs.org/@types%2fcookie-signature 190ms (from cache)
135 silly pacote tag manifest for @types/cookie@ts3.6 fetched in 194ms
136 http fetch GET 304 https://registry.npmjs.org/@types%2fconvert-source-map 208ms (from cache)
137 silly pacote tag manifest for @types/cookie-signature@ts3.6 fetched in 207ms
138 http fetch GET 304 https://registry.npmjs.org/@types%2fcore-js 194ms (from cache)
139 silly pacote tag manifest for @types/convert-source-map@ts3.6 fetched in 216ms
140 http fetch GET 304 https://registry.npmjs.org/@types%2fbser 1499ms (from cache)
141 silly pacote tag manifest for @types/core-js@ts3.6 fetched in 223ms
142 silly pacote tag manifest for @types/bser@ts3.6 fetched in 1526ms
143 http fetch GET 304 https://registry.npmjs.org/@types%2fcore-util-is 218ms (from cache)
144 silly registry:manifest no matching version for @types/core-util-is@ts3.6 in the cache. Forcing revalidation.
145 http fetch GET 304 https://registry.npmjs.org/@types%2fcaniuse-lite 1319ms (from cache)
146 silly pacote tag manifest for @types/caniuse-lite@ts3.6 fetched in 1336ms
147 http fetch GET 304 https://registry.npmjs.org/@types%2fcreate-hmac 172ms (from cache)
148 silly pacote tag manifest for @types/create-hmac@ts3.6 fetched in 174ms
149 http fetch GET 304 https://registry.npmjs.org/@types%2fcss 157ms (from cache)
150 http fetch GET 304 https://registry.npmjs.org/@types%2fcss-declaration-sorter 131ms (from cache)
151 silly pacote tag manifest for @types/css@ts3.6 fetched in 160ms
152 silly pacote tag manifest for @types/css-declaration-sorter@ts3.6 fetched in 141ms
153 http fetch GET 200 https://registry.npmjs.org/@types%2fcss.escape 124ms
154 silly fetchPackageMetaData error for @types/css.escape@ts3.6 No matching version found for @types/css.escape@ts3.6.
155 http fetch GET 304 https://registry.npmjs.org/@types%2fcssesc 97ms (from cache)
156 silly pacote tag manifest for @types/cssesc@ts3.6 fetched in 103ms
157 http fetch GET 304 https://registry.npmjs.org/@types%2fcsso 103ms (from cache)
158 silly pacote tag manifest for @types/csso@ts3.6 fetched in 105ms
159 http fetch GET 304 https://registry.npmjs.org/@types%2fcssstyle 98ms (from cache)
160 http fetch GET 304 https://registry.npmjs.org/@types%2fbabel-plugin-syntax-jsx 2195ms (from cache)
161 silly pacote tag manifest for @types/cssstyle@ts3.6 fetched in 102ms
162 silly pacote tag manifest for @types/babel-plugin-syntax-jsx@ts3.6 fetched in 2198ms
163 http fetch GET 304 https://registry.npmjs.org/@types%2fdebug 80ms (from cache)
164 silly pacote tag manifest for @types/debug@ts3.6 fetched in 83ms
165 http fetch GET 304 https://registry.npmjs.org/@types%2fcreate-hash 641ms (from cache)
166 silly pacote tag manifest for @types/create-hash@ts3.6 fetched in 643ms
167 http fetch GET 304 https://registry.npmjs.org/@types%2fdedent 74ms (from cache)
168 silly pacote tag manifest for @types/dedent@ts3.6 fetched in 76ms
169 http fetch GET 304 https://registry.npmjs.org/@types%2fdamerau-levenshtein 355ms (from cache)
170 silly pacote tag manifest for @types/damerau-levenshtein@ts3.6 fetched in 358ms
171 http fetch GET 304 https://registry.npmjs.org/@types%2fcross-spawn 672ms (from cache)
172 silly pacote tag manifest for @types/cross-spawn@ts3.6 fetched in 675ms
173 http fetch GET 304 https://registry.npmjs.org/@types%2fdefault-gateway 95ms (from cache)
174 silly pacote tag manifest for @types/default-gateway@ts3.6 fetched in 98ms
175 http fetch GET 304 https://registry.npmjs.org/@types%2fdefine-properties 108ms (from cache)
176 silly pacote tag manifest for @types/define-properties@ts3.6 fetched in 111ms
177 http fetch GET 304 https://registry.npmjs.org/@types%2fdestroy 72ms (from cache)
178 silly pacote tag manifest for @types/destroy@ts3.6 fetched in 74ms
179 http fetch GET 304 https://registry.npmjs.org/@types%2fdetect-node 71ms (from cache)
180 silly pacote tag manifest for @types/detect-node@ts3.6 fetched in 73ms
181 http fetch GET 304 https://registry.npmjs.org/@types%2fdiffie-hellman 87ms (from cache)
182 silly pacote tag manifest for @types/diffie-hellman@ts3.6 fetched in 89ms
183 http fetch GET 304 https://registry.npmjs.org/@types%2fdir-glob 76ms (from cache)
184 silly pacote tag manifest for @types/dir-glob@ts3.6 fetched in 79ms
185 http fetch GET 304 https://registry.npmjs.org/@types%2fdns-packet 98ms (from cache)
186 silly pacote tag manifest for @types/dns-packet@ts3.6 fetched in 101ms
187 http fetch GET 304 https://registry.npmjs.org/@types%2fcss-tree 1164ms (from cache)
188 silly pacote tag manifest for @types/css-tree@ts3.6 fetched in 1168ms
189 http fetch GET 304 https://registry.npmjs.org/@types%2fdeep-equal 704ms (from cache)
190 silly pacote tag manifest for @types/deep-equal@ts3.6 fetched in 708ms
191 http fetch GET 200 https://registry.npmjs.org/@types%2fdns-txt 92ms
192 silly fetchPackageMetaData error for @types/dns-txt@ts3.6 No matching version found for @types/dns-txt@ts3.6.
193 http fetch GET 304 https://registry.npmjs.org/@types%2fdoctrine 137ms (from cache)
194 silly pacote tag manifest for @types/doctrine@ts3.6 fetched in 139ms
195 http fetch GET 304 https://registry.npmjs.org/@types%2fdomutils 91ms (from cache)
196 silly pacote tag manifest for @types/domutils@ts3.6 fetched in 94ms
197 http fetch GET 304 https://registry.npmjs.org/@types%2fduplexify 124ms (from cache)
198 silly pacote tag manifest for @types/duplexify@ts3.6 fetched in 128ms
199 http fetch GET 304 https://registry.npmjs.org/@types%2fee-first 89ms (from cache)
200 silly pacote tag manifest for @types/ee-first@ts3.6 fetched in 91ms
201 http fetch GET 200 https://registry.npmjs.org/@types%2fcore-util-is 1486ms
202 silly fetchPackageMetaData error for @types/core-util-is@ts3.6 No matching version found for @types/core-util-is@ts3.6.
203 http fetch GET 304 https://registry.npmjs.org/@types%2felliptic 120ms (from cache)
204 silly pacote tag manifest for @types/elliptic@ts3.6 fetched in 132ms
205 http fetch GET 304 https://registry.npmjs.org/@types%2fejs 156ms (from cache)
206 silly pacote tag manifest for @types/ejs@ts3.6 fetched in 164ms
207 http fetch GET 304 https://registry.npmjs.org/@types%2fencodeurl 109ms (from cache)
208 silly pacote tag manifest for @types/encodeurl@ts3.6 fetched in 111ms
209 http fetch GET 304 https://registry.npmjs.org/@types%2fend-of-stream 87ms (from cache)
210 silly pacote tag manifest for @types/end-of-stream@ts3.6 fetched in 88ms
211 http fetch GET 304 https://registry.npmjs.org/@types%2fescape-html 72ms (from cache)
212 silly pacote tag manifest for @types/escape-html@ts3.6 fetched in 74ms
213 http fetch GET 304 https://registry.npmjs.org/@types%2fdecode-uri-component 1407ms (from cache)
214 silly pacote tag manifest for @types/decode-uri-component@ts3.6 fetched in 1409ms
215 http fetch GET 304 https://registry.npmjs.org/@types%2fescodegen 88ms (from cache)
216 silly pacote tag manifest for @types/escodegen@ts3.6 fetched in 90ms
217 http fetch GET 304 https://registry.npmjs.org/@types%2fcontent-type 2241ms (from cache)
218 silly pacote tag manifest for @types/content-type@ts3.6 fetched in 2243ms
219 http fetch GET 304 https://registry.npmjs.org/@types%2feslint 89ms (from cache)
220 silly pacote tag manifest for @types/eslint@ts3.6 fetched in 95ms
221 http fetch GET 304 https://registry.npmjs.org/@types%2feslint-scope 101ms (from cache)
222 silly pacote tag manifest for @types/eslint-scope@ts3.6 fetched in 103ms
223 http fetch GET 304 https://registry.npmjs.org/@types%2feslint-utils 88ms (from cache)
224 silly pacote tag manifest for @types/eslint-utils@ts3.6 fetched in 91ms
225 http fetch GET 304 https://registry.npmjs.org/@types%2fesprima 115ms (from cache)
226 silly pacote tag manifest for @types/esprima@ts3.6 fetched in 117ms
227 http fetch GET 304 https://registry.npmjs.org/@types%2fesquery 100ms (from cache)
228 silly pacote tag manifest for @types/esquery@ts3.6 fetched in 103ms
229 http fetch GET 304 https://registry.npmjs.org/@types%2festraverse 106ms (from cache)
230 silly pacote tag manifest for @types/estraverse@ts3.6 fetched in 110ms
231 http fetch GET 304 https://registry.npmjs.org/@types%2fesutils 106ms (from cache)
232 silly pacote tag manifest for @types/esutils@ts3.6 fetched in 108ms
233 http fetch GET 304 https://registry.npmjs.org/@types%2fetag 111ms (from cache)
234 silly pacote tag manifest for @types/etag@ts3.6 fetched in 113ms
235 http fetch GET 304 https://registry.npmjs.org/@types%2fevents 124ms (from cache)
236 silly pacote tag manifest for @types/events@ts3.6 fetched in 127ms
237 http fetch GET 304 https://registry.npmjs.org/@types%2feventsource 94ms (from cache)
238 silly pacote tag manifest for @types/eventsource@ts3.6 fetched in 96ms
239 http fetch GET 304 https://registry.npmjs.org/@types%2fexit 164ms (from cache)
240 silly pacote tag manifest for @types/exit@ts3.6 fetched in 171ms
241 http fetch GET 304 https://registry.npmjs.org/@types%2fcssom 2195ms (from cache)
242 silly pacote tag manifest for @types/cssom@ts3.6 fetched in 2199ms
243 http fetch GET 304 https://registry.npmjs.org/@types%2fexpress 136ms (from cache)
244 silly pacote tag manifest for @types/express@ts3.6 fetched in 160ms
245 http fetch GET 304 https://registry.npmjs.org/@types%2ffast-levenshtein 160ms (from cache)
246 http fetch GET 304 https://registry.npmjs.org/@types%2fes-abstract 769ms (from cache)
247 silly pacote tag manifest for @types/fast-levenshtein@ts3.6 fetched in 163ms
248 silly pacote tag manifest for @types/es-abstract@ts3.6 fetched in 774ms
249 http fetch GET 304 https://registry.npmjs.org/@types%2ffb-watchman 194ms (from cache)
250 http fetch GET 304 https://registry.npmjs.org/@types%2fdata-urls 2224ms (from cache)
251 silly pacote tag manifest for @types/fb-watchman@ts3.6 fetched in 208ms
252 http fetch GET 304 https://registry.npmjs.org/@types%2ffile-loader 168ms (from cache)
253 silly pacote tag manifest for @types/data-urls@ts3.6 fetched in 2240ms
254 silly pacote tag manifest for @types/file-loader@ts3.6 fetched in 175ms
255 http fetch GET 304 https://registry.npmjs.org/@types%2ffill-range 195ms (from cache)
256 silly registry:manifest no matching version for @types/fill-range@ts3.6 in the cache. Forcing revalidation.
257 http fetch GET 304 https://registry.npmjs.org/@types%2ffile-entry-cache 244ms (from cache)
258 silly pacote tag manifest for @types/file-entry-cache@ts3.6 fetched in 274ms
259 http fetch GET 304 https://registry.npmjs.org/@types%2ffinalhandler 229ms (from cache)
260 silly pacote tag manifest for @types/finalhandler@ts3.6 fetched in 235ms
261 http fetch GET 304 https://registry.npmjs.org/@types%2fd 2401ms (from cache)
262 silly pacote tag manifest for @types/d@ts3.6 fetched in 2428ms
263 http fetch GET 200 https://registry.npmjs.org/@types%2ffill-range 142ms
264 silly fetchPackageMetaData error for @types/fill-range@ts3.6 No matching version found for @types/fill-range@ts3.6.
265 http fetch GET 304 https://registry.npmjs.org/@types%2fflat-cache 184ms (from cache)
266 silly pacote tag manifest for @types/flat-cache@ts3.6 fetched in 202ms
267 http fetch GET 304 https://registry.npmjs.org/@types%2fflush-write-stream 229ms (from cache)
268 http fetch GET 304 https://registry.npmjs.org/@types%2ffollow-redirects 227ms (from cache)
269 silly pacote tag manifest for @types/flush-write-stream@ts3.6 fetched in 247ms
270 silly pacote tag manifest for @types/follow-redirects@ts3.6 fetched in 252ms
271 http fetch GET 304 https://registry.npmjs.org/@types%2fforwarded 209ms (from cache)
272 silly pacote tag manifest for @types/forwarded@ts3.6 fetched in 233ms
273 http fetch GET 304 https://registry.npmjs.org/@types%2ffor-each 243ms (from cache)
274 silly registry:manifest no matching version for @types/for-each@ts3.6 in the cache. Forcing revalidation.
275 http fetch GET 304 https://registry.npmjs.org/@types%2ffresh 245ms (from cache)
276 silly pacote tag manifest for @types/fresh@ts3.6 fetched in 260ms
277 http fetch GET 304 https://registry.npmjs.org/@types%2ffrom2 201ms (from cache)
278 http fetch GET 200 https://registry.npmjs.org/@types%2ffs-minipass 137ms
279 silly fetchPackageMetaData error for @types/fs-minipass@ts3.6 No matching version found for @types/fs-minipass@ts3.6.
280 silly pacote tag manifest for @types/from2@ts3.6 fetched in 218ms
281 http fetch GET 304 https://registry.npmjs.org/@types%2ffs-extra 203ms (from cache)
282 silly pacote tag manifest for @types/fs-extra@ts3.6 fetched in 259ms
283 http fetch GET 304 https://registry.npmjs.org/@types%2ffunction-bind 208ms (from cache)
284 silly pacote tag manifest for @types/function-bind@ts3.6 fetched in 226ms
285 http fetch GET 200 https://registry.npmjs.org/@types%2ffor-each 208ms
286 silly fetchPackageMetaData error for @types/for-each@ts3.6 No matching version found for @types/for-each@ts3.6.
287 http fetch GET 304 https://registry.npmjs.org/@types%2fdepd 2395ms (from cache)
288 silly pacote tag manifest for @types/depd@ts3.6 fetched in 2401ms
289 http fetch GET 304 https://registry.npmjs.org/@types%2ffunctional-red-black-tree 209ms (from cache)
290 silly pacote tag manifest for @types/functional-red-black-tree@ts3.6 fetched in 226ms
291 http fetch GET 304 https://registry.npmjs.org/@types%2ffunctions-have-names 242ms (from cache)
292 silly registry:manifest no matching version for @types/functions-have-names@ts3.6 in the cache. Forcing revalidation.
293 http fetch GET 304 https://registry.npmjs.org/@types%2fgensync 275ms (from cache)
294 silly registry:manifest no matching version for @types/gensync@ts3.6 in the cache. Forcing revalidation.
295 http fetch GET 200 https://registry.npmjs.org/@types%2fget-symbol-description 200ms
296 silly fetchPackageMetaData error for @types/get-symbol-description@ts3.6 No matching version found for @types/get-symbol-description@ts3.6.
297 http fetch GET 304 https://registry.npmjs.org/@types%2fget-intrinsic 306ms (from cache)
298 silly registry:manifest no matching version for @types/get-intrinsic@ts3.6 in the cache. Forcing revalidation.
299 http fetch GET 200 https://registry.npmjs.org/@types%2ffunctions-have-names 199ms
300 silly fetchPackageMetaData error for @types/functions-have-names@ts3.6 No matching version found for @types/functions-have-names@ts3.6.
301 http fetch GET 304 https://registry.npmjs.org/@types%2fglob-parent 312ms (from cache)
302 http fetch GET 304 https://registry.npmjs.org/@types%2fglobal-modules 291ms (from cache)
303 http fetch GET 200 https://registry.npmjs.org/@types%2fgensync 221ms
304 silly pacote tag manifest for @types/glob-parent@ts3.6 fetched in 334ms
305 silly fetchPackageMetaData error for @types/gensync@ts3.6 No matching version found for @types/gensync@ts3.6.
306 silly pacote tag manifest for @types/global-modules@ts3.6 fetched in 305ms
307 http fetch GET 304 https://registry.npmjs.org/@types%2fdomexception 2235ms (from cache)
308 http fetch GET 200 https://registry.npmjs.org/@types%2fget-intrinsic 179ms
309 silly fetchPackageMetaData error for @types/get-intrinsic@ts3.6 No matching version found for @types/get-intrinsic@ts3.6.
310 silly pacote tag manifest for @types/domexception@ts3.6 fetched in 2277ms
311 http fetch GET 304 https://registry.npmjs.org/@types%2fglobal-prefix 271ms (from cache)
312 silly pacote tag manifest for @types/global-prefix@ts3.6 fetched in 315ms
313 http fetch GET 200 https://registry.npmjs.org/@types%2fgopd 173ms
314 silly fetchPackageMetaData error for @types/gopd@ts3.6 No matching version found for @types/gopd@ts3.6.
315 http fetch GET 304 https://registry.npmjs.org/@types%2fglobalthis 232ms (from cache)
316 http fetch GET 304 https://registry.npmjs.org/@types%2fget-value 538ms (from cache)
317 silly pacote tag manifest for @types/globalthis@ts3.6 fetched in 236ms
318 silly pacote tag manifest for @types/get-value@ts3.6 fetched in 547ms
319 http fetch GET 304 https://registry.npmjs.org/@types%2fhas 199ms (from cache)
320 http fetch GET 304 https://registry.npmjs.org/@types%2fgraceful-fs 232ms (from cache)
321 silly pacote tag manifest for @types/has@ts3.6 fetched in 233ms
322 silly pacote tag manifest for @types/graceful-fs@ts3.6 fetched in 259ms
323 http fetch GET 304 https://registry.npmjs.org/@types%2fhas-property-descriptors 261ms (from cache)
324 silly registry:manifest no matching version for @types/has-property-descriptors@ts3.6 in the cache. Forcing revalidation.
325 http fetch GET 304 https://registry.npmjs.org/@types%2fhas-symbols 216ms (from cache)
326 silly pacote tag manifest for @types/has-symbols@ts3.6 fetched in 250ms
327 http fetch GET 304 https://registry.npmjs.org/@types%2fhas-values 207ms (from cache)
328 silly registry:manifest no matching version for @types/has-values@ts3.6 in the cache. Forcing revalidation.
329 http fetch GET 304 https://registry.npmjs.org/@types%2fhe 223ms (from cache)
330 silly pacote tag manifest for @types/he@ts3.6 fetched in 254ms
331 http fetch GET 304 https://registry.npmjs.org/@types%2fhoist-non-react-statics 198ms (from cache)
332 silly pacote tag manifest for @types/hoist-non-react-statics@ts3.6 fetched in 220ms
333 http fetch GET 304 https://registry.npmjs.org/@types%2fhosted-git-info 225ms (from cache)
334 http fetch GET 200 https://registry.npmjs.org/@types%2fhas-property-descriptors 166ms
335 silly fetchPackageMetaData error for @types/has-property-descriptors@ts3.6 No matching version found for @types/has-property-descriptors@ts3.6.
336 silly pacote tag manifest for @types/hosted-git-info@ts3.6 fetched in 234ms
337 http fetch GET 304 https://registry.npmjs.org/@types%2fhex-color-regex 310ms (from cache)
338 silly pacote tag manifest for @types/hex-color-regex@ts3.6 fetched in 324ms
339 http fetch GET 200 https://registry.npmjs.org/@types%2fhas-values 168ms
340 silly fetchPackageMetaData error for @types/has-values@ts3.6 No matching version found for @types/has-values@ts3.6.
341 http fetch GET 304 https://registry.npmjs.org/@types%2fhtml-escaper 212ms (from cache)
342 http fetch GET 304 https://registry.npmjs.org/@types%2fes-to-primitive 2484ms (from cache)
343 silly pacote tag manifest for @types/html-escaper@ts3.6 fetched in 218ms
344 silly pacote tag manifest for @types/es-to-primitive@ts3.6 fetched in 2491ms
345 http fetch GET 304 https://registry.npmjs.org/@types%2fhtml-minifier-terser 180ms (from cache)
346 silly pacote tag manifest for @types/html-minifier-terser@ts3.6 fetched in 186ms
347 http fetch GET 304 https://registry.npmjs.org/@types%2fhttp-errors 211ms (from cache)
348 http fetch GET 304 https://registry.npmjs.org/@types%2fhttp-proxy 214ms (from cache)
349 http fetch GET 304 https://registry.npmjs.org/@types%2ficss-utils 216ms (from cache)
350 silly pacote tag manifest for @types/http-errors@ts3.6 fetched in 236ms
351 silly pacote tag manifest for @types/http-proxy@ts3.6 fetched in 237ms
352 silly pacote tag manifest for @types/icss-utils@ts3.6 fetched in 227ms
353 http fetch GET 200 https://registry.npmjs.org/@types%2fimport-local 140ms
354 silly fetchPackageMetaData error for @types/import-local@ts3.6 No matching version found for @types/import-local@ts3.6.
355 http fetch GET 304 https://registry.npmjs.org/@types%2fidentity-obj-proxy 250ms (from cache)
356 silly registry:manifest no matching version for @types/identity-obj-proxy@ts3.6 in the cache. Forcing revalidation.
357 http fetch GET 200 https://registry.npmjs.org/@types%2ffunction.prototype.name 1467ms
358 silly fetchPackageMetaData error for @types/function.prototype.name@ts3.6 No matching version found for @types/function.prototype.name@ts3.6.
359 http fetch GET 304 https://registry.npmjs.org/@types%2fimurmurhash 215ms (from cache)
360 silly pacote tag manifest for @types/imurmurhash@ts3.6 fetched in 220ms
361 http fetch GET 304 https://registry.npmjs.org/@types%2fini 179ms (from cache)
362 http fetch GET 304 https://registry.npmjs.org/@types%2finflight 193ms (from cache)
363 http fetch GET 304 https://registry.npmjs.org/@types%2finherits 192ms (from cache)
364 silly registry:manifest no matching version for @types/inflight@ts3.6 in the cache. Forcing revalidation.
365 silly pacote tag manifest for @types/ini@ts3.6 fetched in 222ms
366 silly pacote tag manifest for @types/inherits@ts3.6 fetched in 232ms
367 http fetch GET 200 https://registry.npmjs.org/@types%2fidentity-obj-proxy 164ms
368 silly fetchPackageMetaData error for @types/identity-obj-proxy@ts3.6 No matching version found for @types/identity-obj-proxy@ts3.6.
369 http fetch GET 200 https://registry.npmjs.org/@types%2finflight 134ms
370 silly fetchPackageMetaData error for @types/inflight@ts3.6 No matching version found for @types/inflight@ts3.6.
371 http fetch GET 304 https://registry.npmjs.org/@types%2fip 199ms (from cache)
372 http fetch GET 200 https://registry.npmjs.org/@types%2fis-bigint 114ms
373 silly fetchPackageMetaData error for @types/is-bigint@ts3.6 No matching version found for @types/is-bigint@ts3.6.
374 http fetch GET 200 https://registry.npmjs.org/@types%2fis-async-function 120ms
375 silly fetchPackageMetaData error for @types/is-async-function@ts3.6 No matching version found for @types/is-async-function@ts3.6.
376 silly pacote tag manifest for @types/ip@ts3.6 fetched in 214ms
377 http fetch GET 304 https://registry.npmjs.org/@types%2fis-boolean-object 225ms (from cache)
378 silly registry:manifest no matching version for @types/is-boolean-object@ts3.6 in the cache. Forcing revalidation.
379 http fetch GET 304 https://registry.npmjs.org/@types%2fis-callable 146ms (from cache)
380 http fetch GET 304 https://registry.npmjs.org/@types%2fis-buffer 157ms (from cache)
381 silly pacote tag manifest for @types/is-callable@ts3.6 fetched in 151ms
382 silly pacote tag manifest for @types/is-buffer@ts3.6 fetched in 162ms
383 http fetch GET 304 https://registry.npmjs.org/@types%2fis-core-module 144ms (from cache)
384 http fetch GET 304 https://registry.npmjs.org/@types%2fis-ci 147ms (from cache)
385 silly pacote tag manifest for @types/is-core-module@ts3.6 fetched in 149ms
386 silly pacote tag manifest for @types/is-ci@ts3.6 fetched in 161ms
387 http fetch GET 200 https://registry.npmjs.org/@types%2fis-boolean-object 100ms
388 silly fetchPackageMetaData error for @types/is-boolean-object@ts3.6 No matching version found for @types/is-boolean-object@ts3.6.
389 http fetch GET 304 https://registry.npmjs.org/@types%2fis-date-object 119ms (from cache)
390 silly pacote tag manifest for @types/is-date-object@ts3.6 fetched in 131ms
391 http fetch GET 304 https://registry.npmjs.org/@types%2fiferr 715ms (from cache)
392 http fetch GET 200 https://registry.npmjs.org/@types%2fis-extglob 132ms
393 silly fetchPackageMetaData error for @types/is-extglob@ts3.6 No matching version found for @types/is-extglob@ts3.6.
394 http fetch GET 200 https://registry.npmjs.org/@types%2fis-data-descriptor 147ms
395 silly pacote tag manifest for @types/iferr@ts3.6 fetched in 724ms
396 silly fetchPackageMetaData error for @types/is-data-descriptor@ts3.6 No matching version found for @types/is-data-descriptor@ts3.6.
397 http fetch GET 304 https://registry.npmjs.org/@types%2fis-generator-function 179ms (from cache)
398 silly pacote tag manifest for @types/is-generator-function@ts3.6 fetched in 192ms
399 http fetch GET 304 https://registry.npmjs.org/@types%2fis-glob 162ms (from cache)
400 silly pacote tag manifest for @types/is-glob@ts3.6 fetched in 166ms
401 http fetch GET 200 https://registry.npmjs.org/@types%2fis-map 109ms
402 silly fetchPackageMetaData error for @types/is-map@ts3.6 No matching version found for @types/is-map@ts3.6.
403 http fetch GET 304 https://registry.npmjs.org/@types%2finternal-slot 737ms (from cache)
404 silly pacote tag manifest for @types/internal-slot@ts3.6 fetched in 753ms
405 http fetch GET 200 https://registry.npmjs.org/@types%2fis-negative-zero 196ms
406 silly fetchPackageMetaData error for @types/is-negative-zero@ts3.6 No matching version found for @types/is-negative-zero@ts3.6.
407 http fetch GET 304 https://registry.npmjs.org/@types%2fis-number 226ms (from cache)
408 http fetch GET 200 https://registry.npmjs.org/@types%2fis-string 163ms
409 silly fetchPackageMetaData error for @types/is-string@ts3.6 No matching version found for @types/is-string@ts3.6.
410 http fetch GET 304 https://registry.npmjs.org/@types%2fis-regex 245ms (from cache)
411 silly pacote tag manifest for @types/is-number@ts3.6 fetched in 251ms
412 silly pacote tag manifest for @types/is-regex@ts3.6 fetched in 256ms
413 http fetch GET 304 https://registry.npmjs.org/@types%2fis-set 201ms (from cache)
414 silly registry:manifest no matching version for @types/is-set@ts3.6 in the cache. Forcing revalidation.
415 http fetch GET 304 https://registry.npmjs.org/@types%2fis-symbol 240ms (from cache)
416 silly registry:manifest no matching version for @types/is-symbol@ts3.6 in the cache. Forcing revalidation.
417 http fetch GET 304 https://registry.npmjs.org/@types%2fis-typedarray 181ms (from cache)
418 silly pacote tag manifest for @types/is-typedarray@ts3.6 fetched in 186ms
419 http fetch GET 200 https://registry.npmjs.org/@types%2fis-symbol 96ms
420 http fetch GET 304 https://registry.npmjs.org/@types%2fisarray 180ms (from cache)
421 silly fetchPackageMetaData error for @types/is-symbol@ts3.6 No matching version found for @types/is-symbol@ts3.6.
422 silly pacote tag manifest for @types/isarray@ts3.6 fetched in 187ms
423 http fetch GET 304 https://registry.npmjs.org/@types%2fis-windows 199ms (from cache)
424 http fetch GET 304 https://registry.npmjs.org/@types%2fisexe 197ms (from cache)
425 http fetch GET 200 https://registry.npmjs.org/@types%2fis-set 195ms
426 silly fetchPackageMetaData error for @types/is-set@ts3.6 No matching version found for @types/is-set@ts3.6.
427 silly pacote tag manifest for @types/is-windows@ts3.6 fetched in 223ms
428 silly pacote tag manifest for @types/isexe@ts3.6 fetched in 229ms
429 http fetch GET 304 https://registry.npmjs.org/@types%2fistanbul-lib-coverage 184ms (from cache)
430 silly pacote tag manifest for @types/istanbul-lib-coverage@ts3.6 fetched in 186ms
431 http fetch GET 304 https://registry.npmjs.org/@types%2fhtml-encoding-sniffer 1568ms (from cache)
432 silly pacote tag manifest for @types/html-encoding-sniffer@ts3.6 fetched in 1577ms
433 http fetch GET 304 https://registry.npmjs.org/@types%2fistanbul-lib-report 202ms (from cache)
434 silly pacote tag manifest for @types/istanbul-lib-report@ts3.6 fetched in 207ms
435 http fetch GET 304 https://registry.npmjs.org/@types%2fjs-yaml 159ms (from cache)
436 http fetch GET 304 https://registry.npmjs.org/@types%2fistanbul-lib-source-maps 167ms (from cache)
437 silly pacote tag manifest for @types/js-yaml@ts3.6 fetched in 164ms
438 http fetch GET 304 https://registry.npmjs.org/@types%2fistanbul-reports 185ms (from cache)
439 silly pacote tag manifest for @types/istanbul-lib-source-maps@ts3.6 fetched in 188ms
440 silly pacote tag manifest for @types/istanbul-reports@ts3.6 fetched in 200ms
441 http fetch GET 304 https://registry.npmjs.org/@types%2fjsdom 164ms (from cache)
442 silly pacote tag manifest for @types/jsdom@ts3.6 fetched in 168ms
443 http fetch GET 304 https://registry.npmjs.org/@types%2fjsesc 193ms (from cache)
444 silly pacote tag manifest for @types/jsesc@ts3.6 fetched in 196ms
445 http fetch GET 304 https://registry.npmjs.org/@types%2fjson-buffer 122ms (from cache)
446 silly pacote tag manifest for @types/json-buffer@ts3.6 fetched in 129ms
447 http fetch GET 304 https://registry.npmjs.org/@types%2fjson-parse-better-errors 134ms (from cache)
448 silly pacote tag manifest for @types/json-parse-better-errors@ts3.6 fetched in 164ms
449 http fetch GET 200 https://registry.npmjs.org/@types%2fjson-stable-stringify-without-jsonify 157ms
450 silly fetchPackageMetaData error for @types/json-stable-stringify-without-jsonify@ts3.6 No matching version found for @types/json-stable-stringify-without-jsonify@ts3.6.
451 http fetch GET 304 https://registry.npmjs.org/@types%2fjsonfile 146ms (from cache)
452 http fetch GET 304 https://registry.npmjs.org/@types%2fhas-bigints 2176ms (from cache)
453 silly registry:manifest no matching version for @types/has-bigints@ts3.6 in the cache. Forcing revalidation.
454 silly pacote tag manifest for @types/jsonfile@ts3.6 fetched in 152ms
455 http fetch GET 200 https://registry.npmjs.org/@types%2fhas-bigints 73ms
456 silly fetchPackageMetaData error for @types/has-bigints@ts3.6 No matching version found for @types/has-bigints@ts3.6.
457 http fetch GET 304 https://registry.npmjs.org/@types%2fistanbul-lib-instrument 675ms (from cache)
458 silly pacote tag manifest for @types/istanbul-lib-instrument@ts3.6 fetched in 678ms
459 http fetch GET 304 https://registry.npmjs.org/@types%2fis-arguments 2154ms (from cache)
460 http fetch GET 304 https://registry.npmjs.org/@types%2fis-weakref 1459ms (from cache)
461 silly registry:manifest no matching version for @types/is-weakref@ts3.6 in the cache. Forcing revalidation.
462 silly pacote tag manifest for @types/is-arguments@ts3.6 fetched in 2158ms
463 http fetch GET 200 https://registry.npmjs.org/@types%2fis-weakref 86ms
464 silly fetchPackageMetaData error for @types/is-weakref@ts3.6 No matching version found for @types/is-weakref@ts3.6.
465 http fetch GET 304 https://registry.npmjs.org/@types%2fjsonpath 1642ms (from cache)
466 silly pacote tag manifest for @types/jsonpath@ts3.6 fetched in 1645ms
467 timing stage:rollbackFailedOptional Completed in 1ms
468 timing stage:runTopLevelLifecycles Completed in 10465ms
469 verbose type tag
470 verbose stack @types/ansi-html: No matching version found for @types/ansi-html@ts3.6.
470 verbose stack     at pickManifest (/usr/local/lib/node_modules/npm/node_modules/npm-pick-manifest/index.js:122:13)
470 verbose stack     at /usr/local/lib/node_modules/npm/node_modules/pacote/lib/fetchers/registry/manifest.js:24:14
470 verbose stack     at tryCatcher (/usr/local/lib/node_modules/npm/node_modules/bluebird/js/release/util.js:16:23)
470 verbose stack     at Promise._settlePromiseFromHandler (/usr/local/lib/node_modules/npm/node_modules/bluebird/js/release/promise.js:517:31)
470 verbose stack     at Promise._settlePromise (/usr/local/lib/node_modules/npm/node_modules/bluebird/js/release/promise.js:574:18)
470 verbose stack     at Promise._settlePromise0 (/usr/local/lib/node_modules/npm/node_modules/bluebird/js/release/promise.js:619:10)
470 verbose stack     at Promise._settlePromises (/usr/local/lib/node_modules/npm/node_modules/bluebird/js/release/promise.js:699:18)
470 verbose stack     at _drainQueueStep (/usr/local/lib/node_modules/npm/node_modules/bluebird/js/release/async.js:138:12)
470 verbose stack     at _drainQueue (/usr/local/lib/node_modules/npm/node_modules/bluebird/js/release/async.js:131:9)
470 verbose stack     at Async._drainQueues (/usr/local/lib/node_modules/npm/node_modules/bluebird/js/release/async.js:147:5)
470 verbose stack     at Immediate.Async.drainQueues [as _onImmediate] (/usr/local/lib/node_modules/npm/node_modules/bluebird/js/release/async.js:17:14)
470 verbose stack     at processImmediate (internal/timers.js:456:21)
471 verbose cwd /home/theia/.cache/typescript/3.6
472 verbose Linux 5.10.16.3-microsoft-standard-WSL2
473 verbose argv "/usr/local/bin/node" "/usr/local/bin/npm" "install" "--ignore-scripts" "@types/craco__craco@ts3.6" "@types/react@ts3.6" "@types/react-dom@ts3.6" "@types/styled-components@ts3.6" "@types/eslint-config-prettier@ts3.6" "@types/eslint-plugin-prettier@ts3.6" "@types/lint-staged@ts3.6" "@types/accepts@ts3.6" "@types/ansi-html@ts3.6" "@types/argparse@ts3.6" "@types/aria-query@ts3.6" "@types/arr-diff@ts3.6" "@types/arr-union@ts3.6" "@types/array-unique@ts3.6" "@types/array.prototype.flat@ts3.6" "@types/array.prototype.flatmap@ts3.6" "@types/asap@ts3.6" "@types/assert@ts3.6" "@types/async@ts3.6" "@types/at-least-node@ts3.6" "@types/atob@ts3.6" "@types/babel-plugin-macros@ts3.6" "@types/babel-plugin-syntax-jsx@ts3.6" "@types/babylon@ts3.6" "@types/balanced-match@ts3.6" "@types/big.js@ts3.6" "@types/bluebird@ts3.6" "@types/bn.js@ts3.6" "@types/body-parser@ts3.6" "@types/bonjour@ts3.6" "@types/boolbase@ts3.6" "@types/brace-expansion@ts3.6" "@types/braces@ts3.6" "@types/brorand@ts3.6" "@types/bser@ts3.6" "@types/buffer-from@ts3.6" "@types/buffer-xor@ts3.6" "@types/bytes@ts3.6" "@types/cacache@ts3.6" "@types/call-bind@ts3.6" "@types/camelize@ts3.6" "@types/caniuse-api@ts3.6" "@types/caniuse-lite@ts3.6" "@types/case-sensitive-paths-webpack-plugin@ts3.6" "@types/check-types@ts3.6" "@types/chownr@ts3.6" "@types/cipher-base@ts3.6" "@types/clean-css@ts3.6" "@types/co@ts3.6" "@types/color@ts3.6" "@types/color-convert@ts3.6" "@types/color-name@ts3.6" "@types/color-string@ts3.6" "@types/combined-stream@ts3.6" "@types/common-tags@ts3.6" "@types/commondir@ts3.6" "@types/component-emitter@ts3.6" "@types/compose-function@ts3.6" "@types/compressible@ts3.6" "@types/compression@ts3.6" "@types/concat-map@ts3.6" "@types/concat-stream@ts3.6" "@types/confusing-browser-globals@ts3.6" "@types/connect-history-api-fallback@ts3.6" "@types/content-disposition@ts3.6" "@types/content-type@ts3.6" "@types/convert-source-map@ts3.6" "@types/cookie@ts3.6" "@types/cookie-signature@ts3.6" "@types/core-js@ts3.6" "@types/core-util-is@ts3.6" "@types/create-hash@ts3.6" "@types/create-hmac@ts3.6" "@types/cross-spawn@ts3.6" "@types/css@ts3.6" "@types/css-declaration-sorter@ts3.6" "@types/css-tree@ts3.6" "@types/css.escape@ts3.6" "@types/cssesc@ts3.6" "@types/csso@ts3.6" "@types/cssom@ts3.6" "@types/cssstyle@ts3.6" "@types/d@ts3.6" "@types/damerau-levenshtein@ts3.6" "@types/data-urls@ts3.6" "@types/debug@ts3.6" "@types/decode-uri-component@ts3.6" "@types/dedent@ts3.6" "@types/deep-equal@ts3.6" "@types/default-gateway@ts3.6" "@types/define-properties@ts3.6" "@types/depd@ts3.6" "@types/destroy@ts3.6" "@types/detect-node@ts3.6" "@types/diffie-hellman@ts3.6" "@types/dir-glob@ts3.6" "@types/dns-packet@ts3.6" "@types/dns-txt@ts3.6" "@types/doctrine@ts3.6" "@types/domexception@ts3.6" "@types/domutils@ts3.6" "@types/duplexify@ts3.6" "@types/ee-first@ts3.6" "@types/ejs@ts3.6" "@types/elliptic@ts3.6" "@types/encodeurl@ts3.6" "@types/end-of-stream@ts3.6" "@types/es-abstract@ts3.6" "@types/es-to-primitive@ts3.6" "@types/escape-html@ts3.6" "@types/escodegen@ts3.6" "@types/eslint@ts3.6" "@types/eslint-scope@ts3.6" "@types/eslint-utils@ts3.6" "@types/esprima@ts3.6" "@types/esquery@ts3.6" "@types/estraverse@ts3.6" "@types/esutils@ts3.6" "@types/etag@ts3.6" "@types/events@ts3.6" "@types/eventsource@ts3.6" "@types/exit@ts3.6" "@types/express@ts3.6" "@types/fast-levenshtein@ts3.6" "@types/fb-watchman@ts3.6" "@types/file-entry-cache@ts3.6" "@types/file-loader@ts3.6" "@types/fill-range@ts3.6" "@types/finalhandler@ts3.6" "@types/flat-cache@ts3.6" "@types/flush-write-stream@ts3.6" "@types/follow-redirects@ts3.6" "@types/for-each@ts3.6" "@types/forwarded@ts3.6" "@types/fresh@ts3.6" "@types/from2@ts3.6" "@types/fs-extra@ts3.6" "@types/fs-minipass@ts3.6" "@types/function-bind@ts3.6" "@types/function.prototype.name@ts3.6" "@types/functional-red-black-tree@ts3.6" "@types/functions-have-names@ts3.6" "@types/gensync@ts3.6" "@types/get-intrinsic@ts3.6" "@types/get-symbol-description@ts3.6" "@types/get-value@ts3.6" "@types/glob-parent@ts3.6" "@types/global-modules@ts3.6" "@types/global-prefix@ts3.6" "@types/globalthis@ts3.6" "@types/gopd@ts3.6" "@types/graceful-fs@ts3.6" "@types/has@ts3.6" "@types/has-bigints@ts3.6" "@types/has-property-descriptors@ts3.6" "@types/has-symbols@ts3.6" "@types/has-values@ts3.6" "@types/he@ts3.6" "@types/hex-color-regex@ts3.6" "@types/hoist-non-react-statics@ts3.6" "@types/hosted-git-info@ts3.6" "@types/html-encoding-sniffer@ts3.6" "@types/html-escaper@ts3.6" "@types/html-minifier-terser@ts3.6" "@types/http-errors@ts3.6" "@types/http-proxy@ts3.6" "@types/icss-utils@ts3.6" "@types/identity-obj-proxy@ts3.6" "@types/iferr@ts3.6" "@types/import-local@ts3.6" "@types/imurmurhash@ts3.6" "@types/inflight@ts3.6" "@types/inherits@ts3.6" "@types/ini@ts3.6" "@types/internal-slot@ts3.6" "@types/ip@ts3.6" "@types/is-arguments@ts3.6" "@types/is-async-function@ts3.6" "@types/is-bigint@ts3.6" "@types/is-boolean-object@ts3.6" "@types/is-buffer@ts3.6" "@types/is-callable@ts3.6" "@types/is-ci@ts3.6" "@types/is-core-module@ts3.6" "@types/is-data-descriptor@ts3.6" "@types/is-date-object@ts3.6" "@types/is-extglob@ts3.6" "@types/is-generator-function@ts3.6" "@types/is-glob@ts3.6" "@types/is-map@ts3.6" "@types/is-negative-zero@ts3.6" "@types/is-number@ts3.6" "@types/is-regex@ts3.6" "@types/is-set@ts3.6" "@types/is-string@ts3.6" "@types/is-symbol@ts3.6" "@types/is-typedarray@ts3.6" "@types/is-weakref@ts3.6" "@types/is-windows@ts3.6" "@types/isarray@ts3.6" "@types/isexe@ts3.6" "@types/istanbul-lib-coverage@ts3.6" "@types/istanbul-lib-instrument@ts3.6" "@types/istanbul-lib-report@ts3.6" "@types/istanbul-lib-source-maps@ts3.6" "@types/istanbul-reports@ts3.6" "@types/js-yaml@ts3.6" "@types/jsdom@ts3.6" "@types/jsesc@ts3.6" "@types/json-buffer@ts3.6" "@types/json-parse-better-errors@ts3.6" "@types/json-stable-stringify-without-jsonify@ts3.6" "@types/jsonfile@ts3.6" "@types/jsonpath@ts3.6" "--save-dev" "--user-agent=typesInstaller/3.6.3"
474 verbose node v12.18.3
475 verbose npm  v6.14.6
476 error code ETARGET
477 error notarget No matching version found for @types/ansi-html@ts3.6.
478 error notarget In most cases you or one of your dependencies are requesting
478 error notarget a package version that doesn't exist.
479 verbose exit [ 1, true ]
