0 info it worked if it ends with ok
1 verbose cli [
1 verbose cli   '/usr/local/bin/node',
1 verbose cli   '/usr/local/bin/npm',
1 verbose cli   'install',
1 verbose cli   '--ignore-scripts',
1 verbose cli   '@types/jsx-ast-utils@ts3.6',
1 verbose cli   '@types/kind-of@ts3.6',
1 verbose cli   '@types/language-tags@ts3.6',
1 verbose cli   '@types/loader-runner@ts3.6',
1 verbose cli   '@types/loader-utils@ts3.6',
1 verbose cli   '@types/lodash@ts3.6',
1 verbose cli   '@types/lodash.debounce@ts3.6',
1 verbose cli   '@types/lodash.memoize@ts3.6',
1 verbose cli   '@types/lodash.merge@ts3.6',
1 verbose cli   '@types/lodash.template@ts3.6',
1 verbose cli   '@types/lodash.truncate@ts3.6',
1 verbose cli   '@types/lodash.uniq@ts3.6',
1 verbose cli   '@types/makeerror@ts3.6',
1 verbose cli   '@types/media-typer@ts3.6',
1 verbose cli   '@types/memory-fs@ts3.6',
1 verbose cli   '@types/memorystream@ts3.6',
1 verbose cli   '@types/merge-descriptors@ts3.6',
1 verbose cli   '@types/merge-stream@ts3.6',
1 verbose cli   '@types/merge2@ts3.6',
1 verbose cli   '@types/methods@ts3.6',
1 verbose cli   '@types/micromatch@ts3.6',
1 verbose cli   '@types/mime@ts3.6',
1 verbose cli   '@types/mime-db@ts3.6',
1 verbose cli   '@types/mime-types@ts3.6',
1 verbose cli   '@types/min-indent@ts3.6',
1 verbose cli   '@types/minimalistic-assert@ts3.6',
1 verbose cli   '@types/minimist@ts3.6',
1 verbose cli   '@types/minizlib@ts3.6',
1 verbose cli   '@types/move-concurrently@ts3.6',
1 verbose cli   '@types/ms@ts3.6',
1 verbose cli   '@types/multicast-dns@ts3.6',
1 verbose cli   '@types/natural-compare@ts3.6',
1 verbose cli   '@types/negotiator@ts3.6',
1 verbose cli   '@types/neo-async@ts3.6',
1 verbose cli   '@types/next-tick@ts3.6',
1 verbose cli   '@types/nice-try@ts3.6',
1 verbose cli   '@types/node-forge@ts3.6',
1 verbose cli   '@types/node-int64@ts3.6',
1 verbose cli   '@types/node-notifier@ts3.6',
1 verbose cli   '@types/normalize-package-data@ts3.6',
1 verbose cli   '@types/normalize-path@ts3.6',
1 verbose cli   '@types/num2fraction@ts3.6',
1 verbose cli   '@types/nwsapi@ts3.6',
1 verbose cli   '@types/object-assign@ts3.6',
1 verbose cli   '@types/object-inspect@ts3.6',
1 verbose cli   '@types/object-keys@ts3.6',
1 verbose cli   '@types/object.fromentries@ts3.6',
1 verbose cli   '@types/object.getownpropertydescriptors@ts3.6',
1 verbose cli   '@types/object.groupby@ts3.6',
1 verbose cli   '@types/object.pick@ts3.6',
1 verbose cli   '@types/on-finished@ts3.6',
1 verbose cli   '@types/on-headers@ts3.6',
1 verbose cli   '@types/once@ts3.6',
1 verbose cli   '@types/optimize-css-assets-webpack-plugin@ts3.6',
1 verbose cli   '@types/pako@ts3.6',
1 verbose cli   '@types/parallel-transform@ts3.6',
1 verbose cli   '@types/parse-json@ts3.6',
1 verbose cli   '@types/parseurl@ts3.6',
1 verbose cli   '@types/pascalcase@ts3.6',
1 verbose cli   '@types/path-browserify@ts3.6',
1 verbose cli   '@types/path-is-absolute@ts3.6',
1 verbose cli   '@types/path-is-inside@ts3.6',
1 verbose cli   '@types/path-parse@ts3.6',
1 verbose cli   '@types/pbkdf2@ts3.6',
1 verbose cli   '@types/picomatch@ts3.6',
1 verbose cli   '@types/pify@ts3.6',
1 verbose cli   '@types/postcss-color-gray@ts3.6',
1 verbose cli   '@types/postcss-flexbugs-fixes@ts3.6',
1 verbose cli   '@types/postcss-font-variant@ts3.6',
1 verbose cli   '@types/postcss-gap-properties@ts3.6',
1 verbose cli   '@types/postcss-modules-extract-imports@ts3.6',
1 verbose cli   '@types/postcss-modules-local-by-default@ts3.6',
1 verbose cli   '@types/postcss-modules-scope@ts3.6',
1 verbose cli   '@types/postcss-modules-values@ts3.6',
1 verbose cli   '@types/postcss-normalize@ts3.6',
1 verbose cli   '@types/postcss-page-break@ts3.6',
1 verbose cli   '@types/postcss-safe-parser@ts3.6',
1 verbose cli   '@types/prelude-ls@ts3.6',
1 verbose cli   '@types/prettier-linter-helpers@ts3.6',
1 verbose cli   '@types/progress@ts3.6',
1 verbose cli   '@types/promise-inflight@ts3.6',
1 verbose cli   '@types/prompts@ts3.6',
1 verbose cli   '@types/prop-types@ts3.6',
1 verbose cli   '@types/proxy-addr@ts3.6',
1 verbose cli   '@types/psl@ts3.6',
1 verbose cli   '@types/pump@ts3.6',
1 verbose cli   '@types/pumpify@ts3.6',
1 verbose cli   '@types/punycode@ts3.6',
1 verbose cli   '@types/q@ts3.6',
1 verbose cli   '@types/qs@ts3.6',
1 verbose cli   '@types/querystringify@ts3.6',
1 verbose cli   '@types/raf@ts3.6',
1 verbose cli   '@types/randombytes@ts3.6',
1 verbose cli   '@types/range-parser@ts3.6',
1 verbose cli   '@types/react-dev-utils@ts3.6',
1 verbose cli   '@types/react-is@ts3.6',
1 verbose cli   ... 120 more items
1 verbose cli ]
2 info using npm@6.14.6
3 info using node@v12.18.3
4 verbose npm-session b1e8c09d4f5a98e1
5 silly install loadCurrentTree
6 silly install readLocalPackageData
7 http fetch GET 304 https://registry.npmjs.org/@types%2flodash.merge 655ms (from cache)
8 http fetch GET 304 https://registry.npmjs.org/@types%2flanguage-tags 673ms (from cache)
9 silly registry:manifest no matching version for @types/language-tags@ts3.6 in the cache. Forcing revalidation.
10 silly pacote tag manifest for @types/lodash.merge@ts3.6 fetched in 664ms
11 http fetch GET 304 https://registry.npmjs.org/@types%2flodash.template 675ms (from cache)
12 silly pacote tag manifest for @types/lodash.template@ts3.6 fetched in 695ms
13 http fetch GET 200 https://registry.npmjs.org/@types%2flanguage-tags 138ms
14 silly fetchPackageMetaData error for @types/language-tags@ts3.6 No matching version found for @types/language-tags@ts3.6.
15 http fetch GET 304 https://registry.npmjs.org/@types%2fkind-of 961ms (from cache)
16 silly pacote tag manifest for @types/kind-of@ts3.6 fetched in 968ms
17 http fetch GET 304 https://registry.npmjs.org/@types%2floader-runner 967ms (from cache)
18 silly pacote tag manifest for @types/loader-runner@ts3.6 fetched in 985ms
19 http fetch GET 304 https://registry.npmjs.org/@types%2flodash.debounce 981ms (from cache)
20 silly pacote tag manifest for @types/lodash.debounce@ts3.6 fetched in 984ms
21 http fetch GET 304 https://registry.npmjs.org/@types%2fmedia-typer 128ms (from cache)
22 silly pacote tag manifest for @types/media-typer@ts3.6 fetched in 130ms
23 http fetch GET 304 https://registry.npmjs.org/@types%2flodash.truncate 458ms (from cache)
24 silly pacote tag manifest for @types/lodash.truncate@ts3.6 fetched in 462ms
25 http fetch GET 304 https://registry.npmjs.org/@types%2flodash.memoize 1254ms (from cache)
26 silly pacote tag manifest for @types/lodash.memoize@ts3.6 fetched in 1259ms
27 http fetch GET 304 https://registry.npmjs.org/@types%2fmakeerror 457ms (from cache)
28 silly registry:manifest no matching version for @types/makeerror@ts3.6 in the cache. Forcing revalidation.
29 http fetch GET 304 https://registry.npmjs.org/@types%2fmerge-stream 168ms (from cache)
30 silly pacote tag manifest for @types/merge-stream@ts3.6 fetched in 174ms
31 http fetch GET 304 https://registry.npmjs.org/@types%2fmerge2 84ms (from cache)
32 silly pacote tag manifest for @types/merge2@ts3.6 fetched in 87ms
33 http fetch GET 200 https://registry.npmjs.org/@types%2fmakeerror 111ms
34 silly fetchPackageMetaData error for @types/makeerror@ts3.6 No matching version found for @types/makeerror@ts3.6.
35 http fetch GET 304 https://registry.npmjs.org/@types%2fmethods 113ms (from cache)
36 silly pacote tag manifest for @types/methods@ts3.6 fetched in 116ms
37 http fetch GET 304 https://registry.npmjs.org/@types%2fmicromatch 113ms (from cache)
38 silly pacote tag manifest for @types/micromatch@ts3.6 fetched in 133ms
39 http fetch GET 304 https://registry.npmjs.org/@types%2fmerge-descriptors 449ms (from cache)
40 http fetch GET 304 https://registry.npmjs.org/@types%2fmime 157ms (from cache)
41 silly pacote tag manifest for @types/merge-descriptors@ts3.6 fetched in 454ms
42 silly pacote tag manifest for @types/mime@ts3.6 fetched in 163ms
43 http fetch GET 304 https://registry.npmjs.org/@types%2fmemorystream 588ms (from cache)
44 silly pacote tag manifest for @types/memorystream@ts3.6 fetched in 594ms
45 http fetch GET 304 https://registry.npmjs.org/@types%2fminimalistic-assert 114ms (from cache)
46 silly pacote tag manifest for @types/minimalistic-assert@ts3.6 fetched in 118ms
47 http fetch GET 304 https://registry.npmjs.org/@types%2flodash 1719ms (from cache)
48 silly pacote tag manifest for @types/lodash@ts3.6 fetched in 1724ms
49 http fetch GET 200 https://registry.npmjs.org/@types%2fjsx-ast-utils 1796ms
50 silly fetchPackageMetaData error for @types/jsx-ast-utils@ts3.6 No matching version found for @types/jsx-ast-utils@ts3.6.
51 http fetch GET 304 https://registry.npmjs.org/@types%2fminizlib 122ms (from cache)
52 silly pacote tag manifest for @types/minizlib@ts3.6 fetched in 124ms
53 http fetch GET 304 https://registry.npmjs.org/@types%2fmove-concurrently 107ms (from cache)
54 silly pacote tag manifest for @types/move-concurrently@ts3.6 fetched in 109ms
55 http fetch GET 304 https://registry.npmjs.org/@types%2fms 88ms (from cache)
56 silly pacote tag manifest for @types/ms@ts3.6 fetched in 90ms
57 http fetch GET 304 https://registry.npmjs.org/@types%2fmulticast-dns 119ms (from cache)
58 silly pacote tag manifest for @types/multicast-dns@ts3.6 fetched in 121ms
59 http fetch GET 304 https://registry.npmjs.org/@types%2fnegotiator 117ms (from cache)
60 silly pacote tag manifest for @types/negotiator@ts3.6 fetched in 119ms
61 http fetch GET 304 https://registry.npmjs.org/@types%2fnatural-compare 165ms (from cache)
62 silly pacote tag manifest for @types/natural-compare@ts3.6 fetched in 167ms
63 http fetch GET 304 https://registry.npmjs.org/@types%2flodash.uniq 1336ms (from cache)
64 silly pacote tag manifest for @types/lodash.uniq@ts3.6 fetched in 1339ms
65 http fetch GET 304 https://registry.npmjs.org/@types%2fnice-try 89ms (from cache)
66 silly pacote tag manifest for @types/nice-try@ts3.6 fetched in 91ms
67 http fetch GET 304 https://registry.npmjs.org/@types%2fnode-forge 78ms (from cache)
68 silly pacote tag manifest for @types/node-forge@ts3.6 fetched in 81ms
69 http fetch GET 304 https://registry.npmjs.org/@types%2fneo-async 373ms (from cache)
70 silly registry:manifest no matching version for @types/neo-async@ts3.6 in the cache. Forcing revalidation.
71 http fetch GET 304 https://registry.npmjs.org/@types%2fnode-notifier 160ms (from cache)
72 http fetch GET 304 https://registry.npmjs.org/@types%2floader-utils 2294ms (from cache)
73 silly pacote tag manifest for @types/node-notifier@ts3.6 fetched in 176ms
74 silly pacote tag manifest for @types/loader-utils@ts3.6 fetched in 2311ms
75 http fetch GET 304 https://registry.npmjs.org/@types%2fminimist 814ms (from cache)
76 http fetch GET 200 https://registry.npmjs.org/@types%2fneo-async 116ms
77 silly fetchPackageMetaData error for @types/neo-async@ts3.6 No matching version found for @types/neo-async@ts3.6.
78 silly pacote tag manifest for @types/minimist@ts3.6 fetched in 829ms
79 http fetch GET 304 https://registry.npmjs.org/@types%2fmime-db 988ms (from cache)
80 silly pacote tag manifest for @types/mime-db@ts3.6 fetched in 1031ms
81 http fetch GET 304 https://registry.npmjs.org/@types%2fmemory-fs 1522ms (from cache)
82 silly pacote tag manifest for @types/memory-fs@ts3.6 fetched in 1527ms
83 http fetch GET 304 https://registry.npmjs.org/@types%2fnormalize-package-data 210ms (from cache)
84 http fetch GET 304 https://registry.npmjs.org/@types%2fnode-int64 440ms (from cache)
85 silly pacote tag manifest for @types/normalize-package-data@ts3.6 fetched in 232ms
86 http fetch GET 304 https://registry.npmjs.org/@types%2fnormalize-path 231ms (from cache)
87 silly pacote tag manifest for @types/node-int64@ts3.6 fetched in 454ms
88 silly pacote tag manifest for @types/normalize-path@ts3.6 fetched in 250ms
89 http fetch GET 304 https://registry.npmjs.org/@types%2fnwsapi 262ms (from cache)
90 http fetch GET 304 https://registry.npmjs.org/@types%2fnum2fraction 271ms (from cache)
91 silly pacote tag manifest for @types/nwsapi@ts3.6 fetched in 270ms
92 http fetch GET 304 https://registry.npmjs.org/@types%2fmin-indent 1142ms (from cache)
93 silly pacote tag manifest for @types/num2fraction@ts3.6 fetched in 278ms
94 http fetch GET 304 https://registry.npmjs.org/@types%2fobject-inspect 180ms (from cache)
95 silly pacote tag manifest for @types/min-indent@ts3.6 fetched in 1155ms
96 silly pacote tag manifest for @types/object-inspect@ts3.6 fetched in 195ms
97 http fetch GET 304 https://registry.npmjs.org/@types%2fobject-keys 181ms (from cache)
98 silly pacote tag manifest for @types/object-keys@ts3.6 fetched in 197ms
99 http fetch GET 304 https://registry.npmjs.org/@types%2fobject.groupby 100ms (from cache)
100 silly registry:manifest no matching version for @types/object.groupby@ts3.6 in the cache. Forcing revalidation.
101 http fetch GET 304 https://registry.npmjs.org/@types%2fon-finished 145ms (from cache)
102 silly pacote tag manifest for @types/on-finished@ts3.6 fetched in 149ms
103 http fetch GET 304 https://registry.npmjs.org/@types%2fon-headers 136ms (from cache)
104 silly pacote tag manifest for @types/on-headers@ts3.6 fetched in 147ms
105 http fetch GET 304 https://registry.npmjs.org/@types%2fonce 142ms (from cache)
106 silly pacote tag manifest for @types/once@ts3.6 fetched in 153ms
107 http fetch GET 200 https://registry.npmjs.org/@types%2fobject.groupby 110ms
108 silly fetchPackageMetaData error for @types/object.groupby@ts3.6 No matching version found for @types/object.groupby@ts3.6.
109 http fetch GET 304 https://registry.npmjs.org/@types%2fobject-assign 529ms (from cache)
110 silly pacote tag manifest for @types/object-assign@ts3.6 fetched in 537ms
111 http fetch GET 304 https://registry.npmjs.org/@types%2fmime-types 1532ms (from cache)
112 http fetch GET 304 https://registry.npmjs.org/@types%2foptimize-css-assets-webpack-plugin 175ms (from cache)
113 silly pacote tag manifest for @types/mime-types@ts3.6 fetched in 1550ms
114 silly pacote tag manifest for @types/optimize-css-assets-webpack-plugin@ts3.6 fetched in 205ms
115 http fetch GET 304 https://registry.npmjs.org/@types%2fnext-tick 1063ms (from cache)
116 silly pacote tag manifest for @types/next-tick@ts3.6 fetched in 1071ms
117 http fetch GET 304 https://registry.npmjs.org/@types%2fparallel-transform 201ms (from cache)
118 silly pacote tag manifest for @types/parallel-transform@ts3.6 fetched in 240ms
119 http fetch GET 304 https://registry.npmjs.org/@types%2fobject.fromentries 602ms (from cache)
120 silly pacote tag manifest for @types/object.fromentries@ts3.6 fetched in 611ms
121 http fetch GET 304 https://registry.npmjs.org/@types%2fobject.pick 509ms (from cache)
122 http fetch GET 200 https://registry.npmjs.org/@types%2fpath-browserify 144ms
123 silly fetchPackageMetaData error for @types/path-browserify@ts3.6 No matching version found for @types/path-browserify@ts3.6.
124 http fetch GET 304 https://registry.npmjs.org/@types%2fparseurl 189ms (from cache)
125 silly pacote tag manifest for @types/object.pick@ts3.6 fetched in 521ms
126 silly pacote tag manifest for @types/parseurl@ts3.6 fetched in 214ms
127 http fetch GET 304 https://registry.npmjs.org/@types%2fpascalcase 210ms (from cache)
128 silly pacote tag manifest for @types/pascalcase@ts3.6 fetched in 225ms
129 http fetch GET 304 https://registry.npmjs.org/@types%2fpath-is-inside 185ms (from cache)
130 silly pacote tag manifest for @types/path-is-inside@ts3.6 fetched in 196ms
131 http fetch GET 304 https://registry.npmjs.org/@types%2fpako 473ms (from cache)
132 silly pacote tag manifest for @types/pako@ts3.6 fetched in 488ms
133 http fetch GET 304 https://registry.npmjs.org/@types%2fpicomatch 153ms (from cache)
134 http fetch GET 304 https://registry.npmjs.org/@types%2fpify 160ms (from cache)
135 silly pacote tag manifest for @types/picomatch@ts3.6 fetched in 169ms
136 http fetch GET 304 https://registry.npmjs.org/@types%2fparse-json 483ms (from cache)
137 silly pacote tag manifest for @types/pify@ts3.6 fetched in 170ms
138 silly pacote tag manifest for @types/parse-json@ts3.6 fetched in 488ms
139 http fetch GET 304 https://registry.npmjs.org/@types%2fpostcss-flexbugs-fixes 125ms (from cache)
140 silly pacote tag manifest for @types/postcss-flexbugs-fixes@ts3.6 fetched in 128ms
141 http fetch GET 304 https://registry.npmjs.org/@types%2fpostcss-modules-extract-imports 119ms (from cache)
142 silly pacote tag manifest for @types/postcss-modules-extract-imports@ts3.6 fetched in 123ms
143 http fetch GET 304 https://registry.npmjs.org/@types%2fpostcss-gap-properties 128ms (from cache)
144 silly pacote tag manifest for @types/postcss-gap-properties@ts3.6 fetched in 130ms
145 http fetch GET 304 https://registry.npmjs.org/@types%2fpbkdf2 358ms (from cache)
146 http fetch GET 304 https://registry.npmjs.org/@types%2fpostcss-modules-scope 106ms (from cache)
147 silly pacote tag manifest for @types/pbkdf2@ts3.6 fetched in 362ms
148 silly pacote tag manifest for @types/postcss-modules-scope@ts3.6 fetched in 109ms
149 http fetch GET 304 https://registry.npmjs.org/@types%2fpostcss-modules-values 115ms (from cache)
150 http fetch GET 304 https://registry.npmjs.org/@types%2fpostcss-normalize 112ms (from cache)
151 silly pacote tag manifest for @types/postcss-modules-values@ts3.6 fetched in 117ms
152 silly pacote tag manifest for @types/postcss-normalize@ts3.6 fetched in 116ms
153 http fetch GET 200 https://registry.npmjs.org/@types%2fpostcss-page-break 112ms
154 silly fetchPackageMetaData error for @types/postcss-page-break@ts3.6 No matching version found for @types/postcss-page-break@ts3.6.
155 http fetch GET 304 https://registry.npmjs.org/@types%2fpostcss-safe-parser 115ms (from cache)
156 silly pacote tag manifest for @types/postcss-safe-parser@ts3.6 fetched in 118ms
157 http fetch GET 304 https://registry.npmjs.org/@types%2fprogress 93ms (from cache)
158 silly pacote tag manifest for @types/progress@ts3.6 fetched in 95ms
159 http fetch GET 304 https://registry.npmjs.org/@types%2fprompts 98ms (from cache)
160 silly pacote tag manifest for @types/prompts@ts3.6 fetched in 101ms
161 http fetch GET 200 https://registry.npmjs.org/@types%2fpostcss-color-gray 684ms
162 silly fetchPackageMetaData error for @types/postcss-color-gray@ts3.6 No matching version found for @types/postcss-color-gray@ts3.6.
163 http fetch GET 304 https://registry.npmjs.org/@types%2fprop-types 82ms (from cache)
164 silly pacote tag manifest for @types/prop-types@ts3.6 fetched in 85ms
165 http fetch GET 304 https://registry.npmjs.org/@types%2fpostcss-font-variant 705ms (from cache)
166 silly registry:manifest no matching version for @types/postcss-font-variant@ts3.6 in the cache. Forcing revalidation.
167 http fetch GET 304 https://registry.npmjs.org/@types%2fpsl 117ms (from cache)
168 silly pacote tag manifest for @types/psl@ts3.6 fetched in 120ms
169 http fetch GET 200 https://registry.npmjs.org/@types%2fpostcss-font-variant 112ms
170 silly fetchPackageMetaData error for @types/postcss-font-variant@ts3.6 No matching version found for @types/postcss-font-variant@ts3.6.
171 http fetch GET 304 https://registry.npmjs.org/@types%2fpumpify 130ms (from cache)
172 silly pacote tag manifest for @types/pumpify@ts3.6 fetched in 132ms
173 http fetch GET 304 https://registry.npmjs.org/@types%2fproxy-addr 430ms (from cache)
174 silly pacote tag manifest for @types/proxy-addr@ts3.6 fetched in 432ms
175 http fetch GET 304 https://registry.npmjs.org/@types%2fpunycode 113ms (from cache)
176 silly pacote tag manifest for @types/punycode@ts3.6 fetched in 115ms
177 http fetch GET 304 https://registry.npmjs.org/@types%2fpath-is-absolute 1411ms (from cache)
178 silly pacote tag manifest for @types/path-is-absolute@ts3.6 fetched in 1413ms
179 http fetch GET 304 https://registry.npmjs.org/@types%2fq 99ms (from cache)
180 silly pacote tag manifest for @types/q@ts3.6 fetched in 102ms
181 http fetch GET 304 https://registry.npmjs.org/@types%2fqs 122ms (from cache)
182 http fetch GET 304 https://registry.npmjs.org/@types%2fpump 466ms (from cache)
183 silly pacote tag manifest for @types/qs@ts3.6 fetched in 125ms
184 silly pacote tag manifest for @types/pump@ts3.6 fetched in 471ms
185 http fetch GET 304 https://registry.npmjs.org/@types%2fobject.getownpropertydescriptors 2079ms (from cache)
186 silly pacote tag manifest for @types/object.getownpropertydescriptors@ts3.6 fetched in 2082ms
187 http fetch GET 304 https://registry.npmjs.org/@types%2frange-parser 147ms (from cache)
188 silly pacote tag manifest for @types/range-parser@ts3.6 fetched in 150ms
189 http fetch GET 304 https://registry.npmjs.org/@types%2frandombytes 159ms (from cache)
190 silly pacote tag manifest for @types/randombytes@ts3.6 fetched in 161ms
191 http fetch GET 304 https://registry.npmjs.org/@types%2freact-is 86ms (from cache)
192 silly pacote tag manifest for @types/react-is@ts3.6 fetched in 88ms
193 http fetch GET 200 https://registry.npmjs.org/@types%2freact-refresh 110ms
194 silly fetchPackageMetaData error for @types/react-refresh@ts3.6 No matching version found for @types/react-refresh@ts3.6.
195 http fetch GET 304 https://registry.npmjs.org/@types%2freadable-stream 95ms (from cache)
196 silly pacote tag manifest for @types/readable-stream@ts3.6 fetched in 98ms
197 http fetch GET 304 https://registry.npmjs.org/@types%2frecursive-readdir 105ms (from cache)
198 silly pacote tag manifest for @types/recursive-readdir@ts3.6 fetched in 108ms
199 http fetch GET 304 https://registry.npmjs.org/@types%2fprelude-ls 1345ms (from cache)
200 silly pacote tag manifest for @types/prelude-ls@ts3.6 fetched in 1348ms
201 http fetch GET 304 https://registry.npmjs.org/@types%2fpromise-inflight 1373ms (from cache)
202 silly pacote tag manifest for @types/promise-inflight@ts3.6 fetched in 1375ms
203 http fetch GET 304 https://registry.npmjs.org/@types%2fpostcss-modules-local-by-default 1707ms (from cache)
204 silly pacote tag manifest for @types/postcss-modules-local-by-default@ts3.6 fetched in 1709ms
205 http fetch GET 304 https://registry.npmjs.org/@types%2freact-dev-utils 518ms (from cache)
206 http fetch GET 304 https://registry.npmjs.org/@types%2frelateurl 103ms (from cache)
207 silly pacote tag manifest for @types/react-dev-utils@ts3.6 fetched in 521ms
208 silly pacote tag manifest for @types/relateurl@ts3.6 fetched in 107ms
209 http fetch GET 304 https://registry.npmjs.org/@types%2frepeat-element 115ms (from cache)
210 silly pacote tag manifest for @types/repeat-element@ts3.6 fetched in 118ms
211 http fetch GET 304 https://registry.npmjs.org/@types%2fprettier-linter-helpers 1627ms (from cache)
212 silly pacote tag manifest for @types/prettier-linter-helpers@ts3.6 fetched in 1629ms
213 http fetch GET 304 https://registry.npmjs.org/@types%2frequires-port 78ms (from cache)
214 silly pacote tag manifest for @types/requires-port@ts3.6 fetched in 81ms
215 http fetch GET 304 https://registry.npmjs.org/@types%2frequire-from-string 150ms (from cache)
216 silly pacote tag manifest for @types/require-from-string@ts3.6 fetched in 153ms
217 http fetch GET 304 https://registry.npmjs.org/@types%2fpath-parse 2229ms (from cache)
218 silly pacote tag manifest for @types/path-parse@ts3.6 fetched in 2232ms
219 http fetch GET 304 https://registry.npmjs.org/@types%2fresolve 100ms (from cache)
220 silly pacote tag manifest for @types/resolve@ts3.6 fetched in 104ms
221 http fetch GET 304 https://registry.npmjs.org/@types%2fretry 108ms (from cache)
222 silly pacote tag manifest for @types/retry@ts3.6 fetched in 112ms
223 http fetch GET 304 https://registry.npmjs.org/@types%2frsvp 88ms (from cache)
224 silly pacote tag manifest for @types/rsvp@ts3.6 fetched in 91ms
225 http fetch GET 304 https://registry.npmjs.org/@types%2fregenerator-runtime 659ms (from cache)
226 silly pacote tag manifest for @types/regenerator-runtime@ts3.6 fetched in 662ms
227 http fetch GET 304 https://registry.npmjs.org/@types%2fregenerate 711ms (from cache)
228 silly registry:manifest no matching version for @types/regenerate@ts3.6 in the cache. Forcing revalidation.
229 http fetch GET 304 https://registry.npmjs.org/@types%2fsafe-regex 118ms (from cache)
230 silly pacote tag manifest for @types/safe-regex@ts3.6 fetched in 120ms
231 http fetch GET 304 https://registry.npmjs.org/@types%2fsafe-regex-test 99ms (from cache)
232 silly registry:manifest no matching version for @types/safe-regex-test@ts3.6 in the cache. Forcing revalidation.
233 http fetch GET 200 https://registry.npmjs.org/@types%2fregenerate 120ms
234 silly fetchPackageMetaData error for @types/regenerate@ts3.6 No matching version found for @types/regenerate@ts3.6.
235 http fetch GET 304 https://registry.npmjs.org/@types%2fsafer-buffer 106ms (from cache)
236 silly pacote tag manifest for @types/safer-buffer@ts3.6 fetched in 108ms
237 http fetch GET 304 https://registry.npmjs.org/@types%2fsane 97ms (from cache)
238 silly pacote tag manifest for @types/sane@ts3.6 fetched in 100ms
239 http fetch GET 304 https://registry.npmjs.org/@types%2fripemd160 424ms (from cache)
240 silly pacote tag manifest for @types/ripemd160@ts3.6 fetched in 426ms
241 http fetch GET 304 https://registry.npmjs.org/@types%2fraf 1390ms (from cache)
242 silly pacote tag manifest for @types/raf@ts3.6 fetched in 1393ms
243 http fetch GET 304 https://registry.npmjs.org/@types%2fscheduler 91ms (from cache)
244 silly pacote tag manifest for @types/scheduler@ts3.6 fetched in 93ms
245 http fetch GET 304 https://registry.npmjs.org/@types%2fsax 149ms (from cache)
246 silly pacote tag manifest for @types/sax@ts3.6 fetched in 151ms
247 http fetch GET 304 https://registry.npmjs.org/@types%2fsemver 95ms (from cache)
248 silly pacote tag manifest for @types/semver@ts3.6 fetched in 98ms
249 http fetch GET 304 https://registry.npmjs.org/@types%2fquerystringify 1626ms (from cache)
250 silly pacote tag manifest for @types/querystringify@ts3.6 fetched in 1629ms
251 http fetch GET 304 https://registry.npmjs.org/@types%2fsass-loader 352ms (from cache)
252 http fetch GET 304 https://registry.npmjs.org/@types%2fsend 96ms (from cache)
253 silly pacote tag manifest for @types/sass-loader@ts3.6 fetched in 356ms
254 silly pacote tag manifest for @types/send@ts3.6 fetched in 98ms
255 http fetch GET 304 https://registry.npmjs.org/@types%2fserialize-javascript 132ms (from cache)
256 http fetch GET 304 https://registry.npmjs.org/@types%2fserve-static 130ms (from cache)
257 silly pacote tag manifest for @types/serialize-javascript@ts3.6 fetched in 139ms
258 silly pacote tag manifest for @types/serve-static@ts3.6 fetched in 136ms
259 http fetch GET 304 https://registry.npmjs.org/@types%2fserve-index 140ms (from cache)
260 silly pacote tag manifest for @types/serve-index@ts3.6 fetched in 154ms
261 http fetch GET 304 https://registry.npmjs.org/@types%2fselfsigned 443ms (from cache)
262 silly registry:manifest no matching version for @types/selfsigned@ts3.6 in the cache. Forcing revalidation.
263 http fetch GET 200 https://registry.npmjs.org/@types%2fselfsigned 93ms
264 silly fetchPackageMetaData error for @types/selfsigned@ts3.6 No matching version found for @types/selfsigned@ts3.6.
265 http fetch GET 304 https://registry.npmjs.org/@types%2frun-parallel 938ms (from cache)
266 silly pacote tag manifest for @types/run-parallel@ts3.6 fetched in 940ms
267 http fetch GET 304 https://registry.npmjs.org/@types%2fshallowequal 83ms (from cache)
268 silly pacote tag manifest for @types/shallowequal@ts3.6 fetched in 85ms
269 http fetch GET 304 https://registry.npmjs.org/@types%2fsemver-compare 577ms (from cache)
270 silly pacote tag manifest for @types/semver-compare@ts3.6 fetched in 578ms
271 http fetch GET 304 https://registry.npmjs.org/@types%2frequire-directory 1445ms (from cache)
272 http fetch GET 304 https://registry.npmjs.org/@types%2fshebang-command 104ms (from cache)
273 silly pacote tag manifest for @types/require-directory@ts3.6 fetched in 1448ms
274 silly pacote tag manifest for @types/shebang-command@ts3.6 fetched in 108ms
275 http fetch GET 304 https://registry.npmjs.org/@types%2frepeat-string 1506ms (from cache)
276 silly pacote tag manifest for @types/repeat-string@ts3.6 fetched in 1509ms
277 http fetch GET 304 https://registry.npmjs.org/@types%2fsignal-exit 118ms (from cache)
278 silly pacote tag manifest for @types/signal-exit@ts3.6 fetched in 123ms
279 http fetch GET 304 https://registry.npmjs.org/@types%2fsimple-swizzle 124ms (from cache)
280 silly registry:manifest no matching version for @types/simple-swizzle@ts3.6 in the cache. Forcing revalidation.
281 http fetch GET 304 https://registry.npmjs.org/@types%2fsockjs 120ms (from cache)
282 silly pacote tag manifest for @types/sockjs@ts3.6 fetched in 122ms
283 http fetch GET 200 https://registry.npmjs.org/@types%2fsimple-swizzle 85ms
284 silly fetchPackageMetaData error for @types/simple-swizzle@ts3.6 No matching version found for @types/simple-swizzle@ts3.6.
285 http fetch GET 304 https://registry.npmjs.org/@types%2fsetimmediate 595ms (from cache)
286 http fetch GET 304 https://registry.npmjs.org/@types%2fsockjs-client 141ms (from cache)
287 silly pacote tag manifest for @types/setimmediate@ts3.6 fetched in 599ms
288 silly pacote tag manifest for @types/sockjs-client@ts3.6 fetched in 146ms
289 http fetch GET 304 https://registry.npmjs.org/@types%2fsource-map-support 95ms (from cache)
290 silly pacote tag manifest for @types/source-map-support@ts3.6 fetched in 97ms
291 http fetch GET 304 https://registry.npmjs.org/@types%2fsha.js 613ms (from cache)
292 silly pacote tag manifest for @types/sha.js@ts3.6 fetched in 616ms
293 http fetch GET 200 https://registry.npmjs.org/@types%2fregex-not 2066ms
294 silly fetchPackageMetaData error for @types/regex-not@ts3.6 No matching version found for @types/regex-not@ts3.6.
295 http fetch GET 304 https://registry.npmjs.org/@types%2fspdy 114ms (from cache)
296 silly pacote tag manifest for @types/spdy@ts3.6 fetched in 127ms
297 http fetch GET 304 https://registry.npmjs.org/@types%2fsprintf 86ms (from cache)
298 silly pacote tag manifest for @types/sprintf@ts3.6 fetched in 99ms
299 http fetch GET 304 https://registry.npmjs.org/@types%2fsprintf-js 110ms (from cache)
300 silly pacote tag manifest for @types/sprintf-js@ts3.6 fetched in 114ms
301 http fetch GET 304 https://registry.npmjs.org/@types%2fstack-utils 110ms (from cache)
302 silly pacote tag manifest for @types/stack-utils@ts3.6 fetched in 113ms
303 http fetch GET 304 https://registry.npmjs.org/@types%2fshell-quote 695ms (from cache)
304 silly pacote tag manifest for @types/shell-quote@ts3.6 fetched in 697ms
305 http fetch GET 304 https://registry.npmjs.org/@types%2fstatic-eval 131ms (from cache)
306 silly pacote tag manifest for @types/static-eval@ts3.6 fetched in 138ms
307 http fetch GET 304 https://registry.npmjs.org/@types%2fsource-list-map 558ms (from cache)
308 http fetch GET 304 https://registry.npmjs.org/@types%2fstatuses 109ms (from cache)
309 silly pacote tag manifest for @types/source-list-map@ts3.6 fetched in 563ms
310 silly pacote tag manifest for @types/statuses@ts3.6 fetched in 122ms
311 http fetch GET 304 https://registry.npmjs.org/@types%2fstream-each 161ms (from cache)
312 silly pacote tag manifest for @types/stream-each@ts3.6 fetched in 164ms
313 http fetch GET 304 https://registry.npmjs.org/@types%2fstream-shift 125ms (from cache)
314 silly pacote tag manifest for @types/stream-shift@ts3.6 fetched in 128ms
315 http fetch GET 304 https://registry.npmjs.org/@types%2fstrict-uri-encode 102ms (from cache)
316 silly pacote tag manifest for @types/strict-uri-encode@ts3.6 fetched in 105ms
317 http fetch GET 304 https://registry.npmjs.org/@types%2fstring.prototype.matchall 79ms (from cache)
318 silly pacote tag manifest for @types/string.prototype.matchall@ts3.6 fetched in 81ms
319 http fetch GET 304 https://registry.npmjs.org/@types%2fspdx-correct 666ms (from cache)
320 http fetch GET 304 https://registry.npmjs.org/@types%2fstringify-object 126ms (from cache)
321 silly pacote tag manifest for @types/spdx-correct@ts3.6 fetched in 668ms
322 silly pacote tag manifest for @types/stringify-object@ts3.6 fetched in 131ms
323 http fetch GET 304 https://registry.npmjs.org/@types%2fsupports-color 97ms (from cache)
324 silly pacote tag manifest for @types/supports-color@ts3.6 fetched in 100ms
325 http fetch GET 304 https://registry.npmjs.org/@types%2fsvg-parser 118ms (from cache)
326 http fetch GET 304 https://registry.npmjs.org/@types%2fset-value 1416ms (from cache)
327 silly pacote tag manifest for @types/svg-parser@ts3.6 fetched in 123ms
328 silly pacote tag manifest for @types/set-value@ts3.6 fetched in 1424ms
329 http fetch GET 304 https://registry.npmjs.org/@types%2ftar 121ms (from cache)
330 silly pacote tag manifest for @types/tar@ts3.6 fetched in 125ms
331 http fetch GET 200 https://registry.npmjs.org/@types%2fsafe-regex-test 2225ms
332 silly fetchPackageMetaData error for @types/safe-regex-test@ts3.6 No matching version found for @types/safe-regex-test@ts3.6.
333 http fetch GET 304 https://registry.npmjs.org/@types%2ftext-table 171ms (from cache)
334 silly pacote tag manifest for @types/text-table@ts3.6 fetched in 173ms
335 http fetch GET 304 https://registry.npmjs.org/@types%2fthrough 128ms (from cache)
336 silly pacote tag manifest for @types/through@ts3.6 fetched in 130ms
337 http fetch GET 304 https://registry.npmjs.org/@types%2fthrough2 82ms (from cache)
338 silly pacote tag manifest for @types/through2@ts3.6 fetched in 85ms
339 http fetch GET 304 https://registry.npmjs.org/@types%2ftimsort 90ms (from cache)
340 silly pacote tag manifest for @types/timsort@ts3.6 fetched in 93ms
341 http fetch GET 304 https://registry.npmjs.org/@types%2fspdx-expression-parse 1382ms (from cache)
342 silly pacote tag manifest for @types/spdx-expression-parse@ts3.6 fetched in 1385ms
343 http fetch GET 200 https://registry.npmjs.org/@types%2fto-object-path 108ms
344 silly fetchPackageMetaData error for @types/to-object-path@ts3.6 No matching version found for @types/to-object-path@ts3.6.
345 http fetch GET 304 https://registry.npmjs.org/@types%2fssri 1329ms (from cache)
346 silly pacote tag manifest for @types/ssri@ts3.6 fetched in 1335ms
347 http fetch GET 200 https://registry.npmjs.org/@types%2fset-blocking 2162ms
348 silly fetchPackageMetaData error for @types/set-blocking@ts3.6 No matching version found for @types/set-blocking@ts3.6.
349 http fetch GET 304 https://registry.npmjs.org/@types%2ftapable 918ms (from cache)
350 http fetch GET 304 https://registry.npmjs.org/@types%2fto-regex 141ms (from cache)
351 silly registry:manifest no matching version for @types/to-regex@ts3.6 in the cache. Forcing revalidation.
352 silly pacote tag manifest for @types/tapable@ts3.6 fetched in 924ms
353 http fetch GET 304 https://registry.npmjs.org/@types%2fto-regex-range 166ms (from cache)
354 silly registry:manifest no matching version for @types/to-regex-range@ts3.6 in the cache. Forcing revalidation.
355 http fetch GET 200 https://registry.npmjs.org/@types%2fto-regex-range 112ms
356 silly fetchPackageMetaData error for @types/to-regex-range@ts3.6 No matching version found for @types/to-regex-range@ts3.6.
357 http fetch GET 304 https://registry.npmjs.org/@types%2ftough-cookie 155ms (from cache)
358 silly pacote tag manifest for @types/tough-cookie@ts3.6 fetched in 158ms
359 http fetch GET 304 https://registry.npmjs.org/@types%2fthunky 644ms (from cache)
360 silly pacote tag manifest for @types/thunky@ts3.6 fetched in 649ms
361 http fetch GET 304 https://registry.npmjs.org/@types%2ftr46 153ms (from cache)
362 silly registry:manifest no matching version for @types/tr46@ts3.6 in the cache. Forcing revalidation.
363 http fetch GET 304 https://registry.npmjs.org/@types%2ftoidentifier 402ms (from cache)
364 silly registry:manifest no matching version for @types/toidentifier@ts3.6 in the cache. Forcing revalidation.
365 http fetch GET 304 https://registry.npmjs.org/@types%2ftype-check 158ms (from cache)
366 http fetch GET 304 https://registry.npmjs.org/@types%2fstrip-comments 1412ms (from cache)
367 silly pacote tag manifest for @types/type-check@ts3.6 fetched in 178ms
368 silly pacote tag manifest for @types/strip-comments@ts3.6 fetched in 1418ms
369 http fetch GET 200 https://registry.npmjs.org/@types%2ftoidentifier 89ms
370 silly fetchPackageMetaData error for @types/toidentifier@ts3.6 No matching version found for @types/toidentifier@ts3.6.
371 http fetch GET 200 https://registry.npmjs.org/@types%2ftr46 145ms
372 silly fetchPackageMetaData error for @types/tr46@ts3.6 No matching version found for @types/tr46@ts3.6.
373 http fetch GET 304 https://registry.npmjs.org/@types%2ftype-detect 138ms (from cache)
374 silly pacote tag manifest for @types/type-detect@ts3.6 fetched in 155ms
375 http fetch GET 304 https://registry.npmjs.org/@types%2ftest-exclude 1385ms (from cache)
376 silly registry:manifest no matching version for @types/test-exclude@ts3.6 in the cache. Forcing revalidation.
377 http fetch GET 304 https://registry.npmjs.org/@types%2ftypedarray-to-buffer 127ms (from cache)
378 silly registry:manifest no matching version for @types/typedarray-to-buffer@ts3.6 in the cache. Forcing revalidation.
379 http fetch GET 304 https://registry.npmjs.org/@types%2ftype-is 252ms (from cache)
380 http fetch GET 304 https://registry.npmjs.org/@types%2funbox-primitive 156ms (from cache)
381 silly registry:manifest no matching version for @types/unbox-primitive@ts3.6 in the cache. Forcing revalidation.
382 silly pacote tag manifest for @types/type-is@ts3.6 fetched in 258ms
383 http fetch GET 200 https://registry.npmjs.org/@types%2ftest-exclude 105ms
384 silly fetchPackageMetaData error for @types/test-exclude@ts3.6 No matching version found for @types/test-exclude@ts3.6.
385 http fetch GET 200 https://registry.npmjs.org/@types%2funbox-primitive 95ms
386 silly fetchPackageMetaData error for @types/unbox-primitive@ts3.6 No matching version found for @types/unbox-primitive@ts3.6.
387 http fetch GET 304 https://registry.npmjs.org/@types%2funique-slug 129ms (from cache)
388 silly registry:manifest no matching version for @types/unique-slug@ts3.6 in the cache. Forcing revalidation.
389 http fetch GET 304 https://registry.npmjs.org/@types%2funiq 169ms (from cache)
390 silly pacote tag manifest for @types/uniq@ts3.6 fetched in 193ms
391 http fetch GET 304 https://registry.npmjs.org/@types%2fsymbol-tree 1784ms (from cache)
392 silly pacote tag manifest for @types/symbol-tree@ts3.6 fetched in 1790ms
393 http fetch GET 304 https://registry.npmjs.org/@types%2funiversalify 136ms (from cache)
394 silly pacote tag manifest for @types/universalify@ts3.6 fetched in 139ms
395 http fetch GET 200 https://registry.npmjs.org/@types%2ftypedarray-to-buffer 333ms
396 silly fetchPackageMetaData error for @types/typedarray-to-buffer@ts3.6 No matching version found for @types/typedarray-to-buffer@ts3.6.
397 http fetch GET 304 https://registry.npmjs.org/@types%2funderscore 449ms (from cache)
398 http fetch GET 304 https://registry.npmjs.org/@types%2funquote 151ms (from cache)
399 silly registry:manifest no matching version for @types/unquote@ts3.6 in the cache. Forcing revalidation.
400 http fetch GET 304 https://registry.npmjs.org/@types%2furix 145ms (from cache)
401 http fetch GET 304 https://registry.npmjs.org/@types%2furl-parse 117ms (from cache)
402 silly pacote tag manifest for @types/underscore@ts3.6 fetched in 456ms
403 silly pacote tag manifest for @types/urix@ts3.6 fetched in 159ms
404 silly pacote tag manifest for @types/url-parse@ts3.6 fetched in 135ms
405 http fetch GET 200 https://registry.npmjs.org/@types%2ftmpl 1416ms
406 silly fetchPackageMetaData error for @types/tmpl@ts3.6 No matching version found for @types/tmpl@ts3.6.
407 http fetch GET 304 https://registry.npmjs.org/@types%2futil-deprecate 165ms (from cache)
408 silly pacote tag manifest for @types/util-deprecate@ts3.6 fetched in 167ms
409 http fetch GET 304 https://registry.npmjs.org/@types%2futil.promisify 144ms (from cache)
410 silly pacote tag manifest for @types/util.promisify@ts3.6 fetched in 146ms
411 http fetch GET 304 https://registry.npmjs.org/@types%2fuuid 129ms (from cache)
412 silly pacote tag manifest for @types/uuid@ts3.6 fetched in 133ms
413 http fetch GET 304 https://registry.npmjs.org/@types%2fvary 148ms (from cache)
414 http fetch GET 304 https://registry.npmjs.org/@types%2fvalidate-npm-package-license 152ms (from cache)
415 silly pacote tag manifest for @types/vary@ts3.6 fetched in 151ms
416 http fetch GET 304 https://registry.npmjs.org/@types%2fstring-natural-compare 2353ms (from cache)
417 silly pacote tag manifest for @types/validate-npm-package-license@ts3.6 fetched in 157ms
418 silly pacote tag manifest for @types/string-natural-compare@ts3.6 fetched in 2357ms
419 http fetch GET 304 https://registry.npmjs.org/@types%2futils-merge 363ms (from cache)
420 silly pacote tag manifest for @types/utils-merge@ts3.6 fetched in 366ms
421 http fetch GET 304 https://registry.npmjs.org/@types%2fwebpack 147ms (from cache)
422 silly pacote tag manifest for @types/webpack@ts3.6 fetched in 151ms
423 http fetch GET 200 https://registry.npmjs.org/@types%2funique-slug 605ms
424 silly fetchPackageMetaData error for @types/unique-slug@ts3.6 No matching version found for @types/unique-slug@ts3.6.
425 http fetch GET 200 https://registry.npmjs.org/@types%2fto-regex 1412ms
426 silly fetchPackageMetaData error for @types/to-regex@ts3.6 No matching version found for @types/to-regex@ts3.6.
427 http fetch GET 304 https://registry.npmjs.org/@types%2fwebpack-sources 111ms (from cache)
428 silly pacote tag manifest for @types/webpack-sources@ts3.6 fetched in 126ms
429 http fetch GET 304 https://registry.npmjs.org/@types%2fwhatwg-encoding 113ms (from cache)
430 silly pacote tag manifest for @types/whatwg-encoding@ts3.6 fetched in 119ms
431 http fetch GET 304 https://registry.npmjs.org/@types%2fwhatwg-mimetype 124ms (from cache)
432 silly pacote tag manifest for @types/whatwg-mimetype@ts3.6 fetched in 128ms
433 http fetch GET 200 https://registry.npmjs.org/@types%2funquote 612ms
434 silly fetchPackageMetaData error for @types/unquote@ts3.6 No matching version found for @types/unquote@ts3.6.
435 http fetch GET 304 https://registry.npmjs.org/@types%2fwhich 101ms (from cache)
436 silly pacote tag manifest for @types/which@ts3.6 fetched in 104ms
437 http fetch GET 304 https://registry.npmjs.org/@types%2fwhich-pm-runs 104ms (from cache)
438 silly pacote tag manifest for @types/which-pm-runs@ts3.6 fetched in 106ms
439 http fetch GET 304 https://registry.npmjs.org/@types%2fworkbox-sw 108ms (from cache)
440 silly pacote tag manifest for @types/workbox-sw@ts3.6 fetched in 111ms
441 http fetch GET 304 https://registry.npmjs.org/@types%2fwrite-file-atomic 86ms (from cache)
442 silly pacote tag manifest for @types/write-file-atomic@ts3.6 fetched in 89ms
443 http fetch GET 304 https://registry.npmjs.org/@types%2fws 95ms (from cache)
444 silly pacote tag manifest for @types/ws@ts3.6 fetched in 98ms
445 http fetch GET 304 https://registry.npmjs.org/@types%2fxml-name-validator 405ms (from cache)
446 silly registry:manifest no matching version for @types/xml-name-validator@ts3.6 in the cache. Forcing revalidation.
447 http fetch GET 304 https://registry.npmjs.org/@types%2fxtend 359ms (from cache)
448 http fetch GET 304 https://registry.npmjs.org/@types%2fw3c-hr-time 1085ms (from cache)
449 silly pacote tag manifest for @types/xtend@ts3.6 fetched in 379ms
450 silly pacote tag manifest for @types/w3c-hr-time@ts3.6 fetched in 1090ms
451 http fetch GET 304 https://registry.npmjs.org/@types%2fwatchpack 1056ms (from cache)
452 silly pacote tag manifest for @types/watchpack@ts3.6 fetched in 1074ms
453 http fetch GET 200 https://registry.npmjs.org/@types%2fxml-name-validator 140ms
454 silly fetchPackageMetaData error for @types/xml-name-validator@ts3.6 No matching version found for @types/xml-name-validator@ts3.6.
455 http fetch GET 304 https://registry.npmjs.org/@types%2fwebidl-conversions 1124ms (from cache)
456 silly pacote tag manifest for @types/webidl-conversions@ts3.6 fetched in 1127ms
457 http fetch GET 304 https://registry.npmjs.org/@types%2fyallist 128ms (from cache)
458 silly pacote tag manifest for @types/yallist@ts3.6 fetched in 130ms
459 http fetch GET 304 https://registry.npmjs.org/@types%2fyargs 127ms (from cache)
460 silly pacote tag manifest for @types/yargs@ts3.6 fetched in 133ms
461 http fetch GET 304 https://registry.npmjs.org/@types%2fyargs-parser 112ms (from cache)
462 silly pacote tag manifest for @types/yargs-parser@ts3.6 fetched in 114ms
463 http fetch GET 304 https://registry.npmjs.org/@types%2fw3c-xmlserializer 1381ms (from cache)
464 silly pacote tag manifest for @types/w3c-xmlserializer@ts3.6 fetched in 1383ms
465 http fetch GET 304 https://registry.npmjs.org/@types%2ftryer 2440ms (from cache)
466 silly pacote tag manifest for @types/tryer@ts3.6 fetched in 2442ms
467 http fetch GET 304 https://registry.npmjs.org/@types%2fwhatwg-url 1465ms (from cache)
468 silly pacote tag manifest for @types/whatwg-url@ts3.6 fetched in 1468ms
469 http fetch GET 304 https://registry.npmjs.org/@types%2fwhich-boxed-primitive 1712ms (from cache)
470 silly registry:manifest no matching version for @types/which-boxed-primitive@ts3.6 in the cache. Forcing revalidation.
471 http fetch GET 200 https://registry.npmjs.org/@types%2fwhich-boxed-primitive 82ms
472 silly fetchPackageMetaData error for @types/which-boxed-primitive@ts3.6 No matching version found for @types/which-boxed-primitive@ts3.6.
473 http fetch GET 304 https://registry.npmjs.org/@types%2fwebpack-manifest-plugin 2214ms (from cache)
474 silly pacote tag manifest for @types/webpack-manifest-plugin@ts3.6 fetched in 2216ms
475 timing stage:rollbackFailedOptional Completed in 1ms
476 timing stage:runTopLevelLifecycles Completed in 12220ms
477 verbose type tag
478 verbose stack @types/language-tags: No matching version found for @types/language-tags@ts3.6.
478 verbose stack     at pickManifest (/usr/local/lib/node_modules/npm/node_modules/npm-pick-manifest/index.js:122:13)
478 verbose stack     at /usr/local/lib/node_modules/npm/node_modules/pacote/lib/fetchers/registry/manifest.js:43:18
478 verbose stack     at tryCatcher (/usr/local/lib/node_modules/npm/node_modules/bluebird/js/release/util.js:16:23)
478 verbose stack     at Promise._settlePromiseFromHandler (/usr/local/lib/node_modules/npm/node_modules/bluebird/js/release/promise.js:517:31)
478 verbose stack     at Promise._settlePromise (/usr/local/lib/node_modules/npm/node_modules/bluebird/js/release/promise.js:574:18)
478 verbose stack     at Promise._settlePromise0 (/usr/local/lib/node_modules/npm/node_modules/bluebird/js/release/promise.js:619:10)
478 verbose stack     at Promise._settlePromises (/usr/local/lib/node_modules/npm/node_modules/bluebird/js/release/promise.js:699:18)
478 verbose stack     at _drainQueueStep (/usr/local/lib/node_modules/npm/node_modules/bluebird/js/release/async.js:138:12)
478 verbose stack     at _drainQueue (/usr/local/lib/node_modules/npm/node_modules/bluebird/js/release/async.js:131:9)
478 verbose stack     at Async._drainQueues (/usr/local/lib/node_modules/npm/node_modules/bluebird/js/release/async.js:147:5)
478 verbose stack     at Immediate.Async.drainQueues [as _onImmediate] (/usr/local/lib/node_modules/npm/node_modules/bluebird/js/release/async.js:17:14)
478 verbose stack     at processImmediate (internal/timers.js:456:21)
479 verbose cwd /home/theia/.cache/typescript/3.6
480 verbose Linux 5.10.16.3-microsoft-standard-WSL2
481 verbose argv "/usr/local/bin/node" "/usr/local/bin/npm" "install" "--ignore-scripts" "@types/jsx-ast-utils@ts3.6" "@types/kind-of@ts3.6" "@types/language-tags@ts3.6" "@types/loader-runner@ts3.6" "@types/loader-utils@ts3.6" "@types/lodash@ts3.6" "@types/lodash.debounce@ts3.6" "@types/lodash.memoize@ts3.6" "@types/lodash.merge@ts3.6" "@types/lodash.template@ts3.6" "@types/lodash.truncate@ts3.6" "@types/lodash.uniq@ts3.6" "@types/makeerror@ts3.6" "@types/media-typer@ts3.6" "@types/memory-fs@ts3.6" "@types/memorystream@ts3.6" "@types/merge-descriptors@ts3.6" "@types/merge-stream@ts3.6" "@types/merge2@ts3.6" "@types/methods@ts3.6" "@types/micromatch@ts3.6" "@types/mime@ts3.6" "@types/mime-db@ts3.6" "@types/mime-types@ts3.6" "@types/min-indent@ts3.6" "@types/minimalistic-assert@ts3.6" "@types/minimist@ts3.6" "@types/minizlib@ts3.6" "@types/move-concurrently@ts3.6" "@types/ms@ts3.6" "@types/multicast-dns@ts3.6" "@types/natural-compare@ts3.6" "@types/negotiator@ts3.6" "@types/neo-async@ts3.6" "@types/next-tick@ts3.6" "@types/nice-try@ts3.6" "@types/node-forge@ts3.6" "@types/node-int64@ts3.6" "@types/node-notifier@ts3.6" "@types/normalize-package-data@ts3.6" "@types/normalize-path@ts3.6" "@types/num2fraction@ts3.6" "@types/nwsapi@ts3.6" "@types/object-assign@ts3.6" "@types/object-inspect@ts3.6" "@types/object-keys@ts3.6" "@types/object.fromentries@ts3.6" "@types/object.getownpropertydescriptors@ts3.6" "@types/object.groupby@ts3.6" "@types/object.pick@ts3.6" "@types/on-finished@ts3.6" "@types/on-headers@ts3.6" "@types/once@ts3.6" "@types/optimize-css-assets-webpack-plugin@ts3.6" "@types/pako@ts3.6" "@types/parallel-transform@ts3.6" "@types/parse-json@ts3.6" "@types/parseurl@ts3.6" "@types/pascalcase@ts3.6" "@types/path-browserify@ts3.6" "@types/path-is-absolute@ts3.6" "@types/path-is-inside@ts3.6" "@types/path-parse@ts3.6" "@types/pbkdf2@ts3.6" "@types/picomatch@ts3.6" "@types/pify@ts3.6" "@types/postcss-color-gray@ts3.6" "@types/postcss-flexbugs-fixes@ts3.6" "@types/postcss-font-variant@ts3.6" "@types/postcss-gap-properties@ts3.6" "@types/postcss-modules-extract-imports@ts3.6" "@types/postcss-modules-local-by-default@ts3.6" "@types/postcss-modules-scope@ts3.6" "@types/postcss-modules-values@ts3.6" "@types/postcss-normalize@ts3.6" "@types/postcss-page-break@ts3.6" "@types/postcss-safe-parser@ts3.6" "@types/prelude-ls@ts3.6" "@types/prettier-linter-helpers@ts3.6" "@types/progress@ts3.6" "@types/promise-inflight@ts3.6" "@types/prompts@ts3.6" "@types/prop-types@ts3.6" "@types/proxy-addr@ts3.6" "@types/psl@ts3.6" "@types/pump@ts3.6" "@types/pumpify@ts3.6" "@types/punycode@ts3.6" "@types/q@ts3.6" "@types/qs@ts3.6" "@types/querystringify@ts3.6" "@types/raf@ts3.6" "@types/randombytes@ts3.6" "@types/range-parser@ts3.6" "@types/react-dev-utils@ts3.6" "@types/react-is@ts3.6" "@types/react-refresh@ts3.6" "@types/readable-stream@ts3.6" "@types/recursive-readdir@ts3.6" "@types/regenerate@ts3.6" "@types/regenerator-runtime@ts3.6" "@types/regex-not@ts3.6" "@types/relateurl@ts3.6" "@types/repeat-element@ts3.6" "@types/repeat-string@ts3.6" "@types/require-directory@ts3.6" "@types/require-from-string@ts3.6" "@types/requires-port@ts3.6" "@types/resolve@ts3.6" "@types/retry@ts3.6" "@types/ripemd160@ts3.6" "@types/rsvp@ts3.6" "@types/run-parallel@ts3.6" "@types/safe-regex@ts3.6" "@types/safe-regex-test@ts3.6" "@types/safer-buffer@ts3.6" "@types/sane@ts3.6" "@types/sass-loader@ts3.6" "@types/sax@ts3.6" "@types/scheduler@ts3.6" "@types/selfsigned@ts3.6" "@types/semver@ts3.6" "@types/semver-compare@ts3.6" "@types/send@ts3.6" "@types/serialize-javascript@ts3.6" "@types/serve-index@ts3.6" "@types/serve-static@ts3.6" "@types/set-blocking@ts3.6" "@types/set-value@ts3.6" "@types/setimmediate@ts3.6" "@types/sha.js@ts3.6" "@types/shallowequal@ts3.6" "@types/shebang-command@ts3.6" "@types/shell-quote@ts3.6" "@types/signal-exit@ts3.6" "@types/simple-swizzle@ts3.6" "@types/sockjs@ts3.6" "@types/sockjs-client@ts3.6" "@types/source-list-map@ts3.6" "@types/source-map-support@ts3.6" "@types/spdx-correct@ts3.6" "@types/spdx-expression-parse@ts3.6" "@types/spdy@ts3.6" "@types/sprintf@ts3.6" "@types/sprintf-js@ts3.6" "@types/ssri@ts3.6" "@types/stack-utils@ts3.6" "@types/static-eval@ts3.6" "@types/statuses@ts3.6" "@types/stream-each@ts3.6" "@types/stream-shift@ts3.6" "@types/strict-uri-encode@ts3.6" "@types/string-natural-compare@ts3.6" "@types/string.prototype.matchall@ts3.6" "@types/stringify-object@ts3.6" "@types/strip-comments@ts3.6" "@types/supports-color@ts3.6" "@types/svg-parser@ts3.6" "@types/symbol-tree@ts3.6" "@types/tapable@ts3.6" "@types/tar@ts3.6" "@types/test-exclude@ts3.6" "@types/text-table@ts3.6" "@types/through@ts3.6" "@types/through2@ts3.6" "@types/thunky@ts3.6" "@types/timsort@ts3.6" "@types/tmpl@ts3.6" "@types/to-object-path@ts3.6" "@types/to-regex@ts3.6" "@types/to-regex-range@ts3.6" "@types/toidentifier@ts3.6" "@types/tough-cookie@ts3.6" "@types/tr46@ts3.6" "@types/tryer@ts3.6" "@types/type-check@ts3.6" "@types/type-detect@ts3.6" "@types/type-is@ts3.6" "@types/typedarray-to-buffer@ts3.6" "@types/unbox-primitive@ts3.6" "@types/underscore@ts3.6" "@types/uniq@ts3.6" "@types/unique-slug@ts3.6" "@types/universalify@ts3.6" "@types/unquote@ts3.6" "@types/urix@ts3.6" "@types/url-parse@ts3.6" "@types/util-deprecate@ts3.6" "@types/util.promisify@ts3.6" "@types/utils-merge@ts3.6" "@types/uuid@ts3.6" "@types/validate-npm-package-license@ts3.6" "@types/vary@ts3.6" "@types/w3c-hr-time@ts3.6" "@types/w3c-xmlserializer@ts3.6" "@types/watchpack@ts3.6" "@types/webidl-conversions@ts3.6" "@types/webpack@ts3.6" "@types/webpack-manifest-plugin@ts3.6" "@types/webpack-sources@ts3.6" "@types/whatwg-encoding@ts3.6" "@types/whatwg-mimetype@ts3.6" "@types/whatwg-url@ts3.6" "@types/which@ts3.6" "@types/which-boxed-primitive@ts3.6" "@types/which-pm-runs@ts3.6" "@types/workbox-sw@ts3.6" "@types/write-file-atomic@ts3.6" "@types/ws@ts3.6" "@types/xml-name-validator@ts3.6" "@types/xtend@ts3.6" "@types/yallist@ts3.6" "@types/yargs@ts3.6" "@types/yargs-parser@ts3.6" "--save-dev" "--user-agent=typesInstaller/3.6.3"
482 verbose node v12.18.3
483 verbose npm  v6.14.6
484 error code ETARGET
485 error notarget No matching version found for @types/language-tags@ts3.6.
486 error notarget In most cases you or one of your dependencies are requesting
486 error notarget a package version that doesn't exist.
487 verbose exit [ 1, true ]
