0 info it worked if it ends with ok
1 verbose cli [
1 verbose cli   '/usr/local/bin/node',
1 verbose cli   '/usr/local/bin/npm',
1 verbose cli   'install',
1 verbose cli   '--ignore-scripts',
1 verbose cli   '@types/kind-of@ts3.6',
1 verbose cli   '@types/language-tags@ts3.6',
1 verbose cli   '@types/loader-runner@ts3.6',
1 verbose cli   '@types/loader-utils@ts3.6',
1 verbose cli   '@types/lodash@ts3.6',
1 verbose cli   '@types/lodash.debounce@ts3.6',
1 verbose cli   '@types/lodash.memoize@ts3.6',
1 verbose cli   '@types/lodash.merge@ts3.6',
1 verbose cli   '@types/lodash.template@ts3.6',
1 verbose cli   '@types/lodash.truncate@ts3.6',
1 verbose cli   '@types/lodash.uniq@ts3.6',
1 verbose cli   '@types/makeerror@ts3.6',
1 verbose cli   '@types/media-typer@ts3.6',
1 verbose cli   '@types/memory-fs@ts3.6',
1 verbose cli   '@types/memorystream@ts3.6',
1 verbose cli   '@types/merge-descriptors@ts3.6',
1 verbose cli   '@types/merge-stream@ts3.6',
1 verbose cli   '@types/merge2@ts3.6',
1 verbose cli   '@types/methods@ts3.6',
1 verbose cli   '@types/micromatch@ts3.6',
1 verbose cli   '@types/mime@ts3.6',
1 verbose cli   '@types/mime-db@ts3.6',
1 verbose cli   '@types/mime-types@ts3.6',
1 verbose cli   '@types/min-indent@ts3.6',
1 verbose cli   '@types/minimalistic-assert@ts3.6',
1 verbose cli   '@types/minimist@ts3.6',
1 verbose cli   '@types/minizlib@ts3.6',
1 verbose cli   '@types/move-concurrently@ts3.6',
1 verbose cli   '@types/ms@ts3.6',
1 verbose cli   '@types/multicast-dns@ts3.6',
1 verbose cli   '@types/mute-stream@ts3.6',
1 verbose cli   '@types/natural-compare@ts3.6',
1 verbose cli   '@types/negotiator@ts3.6',
1 verbose cli   '@types/neo-async@ts3.6',
1 verbose cli   '@types/next-tick@ts3.6',
1 verbose cli   '@types/nice-try@ts3.6',
1 verbose cli   '@types/node-fetch@ts3.6',
1 verbose cli   '@types/node-forge@ts3.6',
1 verbose cli   '@types/node-int64@ts3.6',
1 verbose cli   '@types/node-notifier@ts3.6',
1 verbose cli   '@types/normalize-package-data@ts3.6',
1 verbose cli   '@types/normalize-path@ts3.6',
1 verbose cli   '@types/num2fraction@ts3.6',
1 verbose cli   '@types/nwsapi@ts3.6',
1 verbose cli   '@types/object-assign@ts3.6',
1 verbose cli   '@types/object-inspect@ts3.6',
1 verbose cli   '@types/object-keys@ts3.6',
1 verbose cli   '@types/object.fromentries@ts3.6',
1 verbose cli   '@types/object.getownpropertydescriptors@ts3.6',
1 verbose cli   '@types/object.groupby@ts3.6',
1 verbose cli   '@types/object.pick@ts3.6',
1 verbose cli   '@types/on-finished@ts3.6',
1 verbose cli   '@types/on-headers@ts3.6',
1 verbose cli   '@types/once@ts3.6',
1 verbose cli   '@types/optimize-css-assets-webpack-plugin@ts3.6',
1 verbose cli   '@types/os-tmpdir@ts3.6',
1 verbose cli   '@types/pako@ts3.6',
1 verbose cli   '@types/parallel-transform@ts3.6',
1 verbose cli   '@types/parse-json@ts3.6',
1 verbose cli   '@types/parseurl@ts3.6',
1 verbose cli   '@types/pascalcase@ts3.6',
1 verbose cli   '@types/path-browserify@ts3.6',
1 verbose cli   '@types/path-is-absolute@ts3.6',
1 verbose cli   '@types/path-is-inside@ts3.6',
1 verbose cli   '@types/path-parse@ts3.6',
1 verbose cli   '@types/pbkdf2@ts3.6',
1 verbose cli   '@types/picomatch@ts3.6',
1 verbose cli   '@types/pify@ts3.6',
1 verbose cli   '@types/postcss-color-gray@ts3.6',
1 verbose cli   '@types/postcss-flexbugs-fixes@ts3.6',
1 verbose cli   '@types/postcss-font-variant@ts3.6',
1 verbose cli   '@types/postcss-gap-properties@ts3.6',
1 verbose cli   '@types/postcss-modules-extract-imports@ts3.6',
1 verbose cli   '@types/postcss-modules-local-by-default@ts3.6',
1 verbose cli   '@types/postcss-modules-scope@ts3.6',
1 verbose cli   '@types/postcss-modules-values@ts3.6',
1 verbose cli   '@types/postcss-normalize@ts3.6',
1 verbose cli   '@types/postcss-page-break@ts3.6',
1 verbose cli   '@types/postcss-safe-parser@ts3.6',
1 verbose cli   '@types/prelude-ls@ts3.6',
1 verbose cli   '@types/prettier-linter-helpers@ts3.6',
1 verbose cli   '@types/progress@ts3.6',
1 verbose cli   '@types/promise-inflight@ts3.6',
1 verbose cli   '@types/prompts@ts3.6',
1 verbose cli   '@types/prop-types@ts3.6',
1 verbose cli   '@types/proxy-addr@ts3.6',
1 verbose cli   '@types/psl@ts3.6',
1 verbose cli   '@types/pump@ts3.6',
1 verbose cli   '@types/pumpify@ts3.6',
1 verbose cli   '@types/punycode@ts3.6',
1 verbose cli   '@types/q@ts3.6',
1 verbose cli   '@types/qs@ts3.6',
1 verbose cli   '@types/querystringify@ts3.6',
1 verbose cli   '@types/raf@ts3.6',
1 verbose cli   '@types/randombytes@ts3.6',
1 verbose cli   '@types/range-parser@ts3.6',
1 verbose cli   ... 124 more items
1 verbose cli ]
2 info using npm@6.14.6
3 info using node@v12.18.3
4 verbose npm-session 8b9ff4507b4634f2
5 silly install loadCurrentTree
6 silly install readLocalPackageData
7 http fetch GET 304 https://registry.npmjs.org/@types%2floader-utils 1021ms (from cache)
8 http fetch GET 304 https://registry.npmjs.org/@types%2floader-runner 1027ms (from cache)
9 http fetch GET 304 https://registry.npmjs.org/@types%2flodash.template 1009ms (from cache)
10 http fetch GET 304 https://registry.npmjs.org/@types%2flanguage-tags 1032ms (from cache)
11 http fetch GET 304 https://registry.npmjs.org/@types%2flodash.memoize 1016ms (from cache)
12 silly registry:manifest no matching version for @types/language-tags@ts3.6 in the cache. Forcing revalidation.
13 http fetch GET 304 https://registry.npmjs.org/@types%2flodash.merge 1026ms (from cache)
14 http fetch GET 304 https://registry.npmjs.org/@types%2fkind-of 1055ms (from cache)
15 http fetch GET 304 https://registry.npmjs.org/@types%2flodash 1045ms (from cache)
16 http fetch GET 304 https://registry.npmjs.org/@types%2flodash.truncate 1029ms (from cache)
17 silly pacote tag manifest for @types/loader-runner@ts3.6 fetched in 1077ms
18 silly pacote tag manifest for @types/loader-utils@ts3.6 fetched in 1106ms
19 silly pacote tag manifest for @types/lodash.merge@ts3.6 fetched in 1093ms
20 silly pacote tag manifest for @types/lodash.template@ts3.6 fetched in 1093ms
21 silly pacote tag manifest for @types/lodash.memoize@ts3.6 fetched in 1098ms
22 silly pacote tag manifest for @types/kind-of@ts3.6 fetched in 1155ms
23 silly pacote tag manifest for @types/lodash@ts3.6 fetched in 1144ms
24 silly pacote tag manifest for @types/lodash.truncate@ts3.6 fetched in 1135ms
25 http fetch GET 200 https://registry.npmjs.org/@types%2flanguage-tags 2074ms
26 silly fetchPackageMetaData error for @types/language-tags@ts3.6 No matching version found for @types/language-tags@ts3.6.
27 http fetch GET 304 https://registry.npmjs.org/@types%2flodash.debounce 3151ms (from cache)
28 http fetch GET 304 https://registry.npmjs.org/@types%2fmedia-typer 2050ms (from cache)
29 http fetch GET 304 https://registry.npmjs.org/@types%2fmemorystream 2052ms (from cache)
30 silly pacote tag manifest for @types/lodash.debounce@ts3.6 fetched in 3163ms
31 http fetch GET 304 https://registry.npmjs.org/@types%2fmemory-fs 2062ms (from cache)
32 silly pacote tag manifest for @types/media-typer@ts3.6 fetched in 2070ms
33 http fetch GET 304 https://registry.npmjs.org/@types%2fmerge2 2023ms (from cache)
34 http fetch GET 304 https://registry.npmjs.org/@types%2fmerge-descriptors 2051ms (from cache)
35 http fetch GET 304 https://registry.npmjs.org/@types%2fmerge-stream 2032ms (from cache)
36 silly pacote tag manifest for @types/memorystream@ts3.6 fetched in 2079ms
37 silly pacote tag manifest for @types/memory-fs@ts3.6 fetched in 2106ms
38 silly pacote tag manifest for @types/merge-descriptors@ts3.6 fetched in 2107ms
39 silly pacote tag manifest for @types/merge2@ts3.6 fetched in 2083ms
40 silly pacote tag manifest for @types/merge-stream@ts3.6 fetched in 2087ms
41 http fetch GET 304 https://registry.npmjs.org/@types%2fmethods 350ms (from cache)
42 http fetch GET 304 https://registry.npmjs.org/@types%2fmime-db 276ms (from cache)
43 http fetch GET 304 https://registry.npmjs.org/@types%2fmime-types 254ms (from cache)
44 silly pacote tag manifest for @types/mime-types@ts3.6 fetched in 289ms
45 silly pacote tag manifest for @types/mime-db@ts3.6 fetched in 318ms
46 silly pacote tag manifest for @types/methods@ts3.6 fetched in 2051ms
47 http fetch GET 304 https://registry.npmjs.org/@types%2fminimist 2190ms (from cache)
48 silly pacote tag manifest for @types/minimist@ts3.6 fetched in 2212ms
49 http fetch GET 304 https://registry.npmjs.org/@types%2fminimalistic-assert 2218ms (from cache)
50 http fetch GET 304 https://registry.npmjs.org/@types%2fmakeerror 4371ms (from cache)
51 http fetch GET 304 https://registry.npmjs.org/@types%2flodash.uniq 4373ms (from cache)
52 silly registry:manifest no matching version for @types/makeerror@ts3.6 in the cache. Forcing revalidation.
53 http fetch GET 304 https://registry.npmjs.org/@types%2fmime 2299ms (from cache)
54 http fetch GET 304 https://registry.npmjs.org/@types%2fmin-indent 2256ms (from cache)
55 silly pacote tag manifest for @types/minimalistic-assert@ts3.6 fetched in 2264ms
56 silly pacote tag manifest for @types/lodash.uniq@ts3.6 fetched in 4408ms
57 http fetch GET 304 https://registry.npmjs.org/@types%2fmove-concurrently 2025ms (from cache)
58 http fetch GET 304 https://registry.npmjs.org/@types%2fmicromatch 2372ms (from cache)
59 http fetch GET 304 https://registry.npmjs.org/@types%2fminizlib 2029ms (from cache)
60 silly pacote tag manifest for @types/mime@ts3.6 fetched in 2362ms
61 silly pacote tag manifest for @types/min-indent@ts3.6 fetched in 2307ms
62 silly pacote tag manifest for @types/move-concurrently@ts3.6 fetched in 2075ms
63 silly pacote tag manifest for @types/micromatch@ts3.6 fetched in 2422ms
64 silly pacote tag manifest for @types/minizlib@ts3.6 fetched in 2081ms
65 http fetch GET 304 https://registry.npmjs.org/@types%2fms 642ms (from cache)
66 http fetch GET 200 https://registry.npmjs.org/@types%2fmakeerror 349ms
67 silly fetchPackageMetaData error for @types/makeerror@ts3.6 No matching version found for @types/makeerror@ts3.6.
68 silly pacote tag manifest for @types/ms@ts3.6 fetched in 677ms
69 http fetch GET 304 https://registry.npmjs.org/@types%2fmulticast-dns 381ms (from cache)
70 silly pacote tag manifest for @types/multicast-dns@ts3.6 fetched in 402ms
71 http fetch GET 304 https://registry.npmjs.org/@types%2fmute-stream 354ms (from cache)
72 http fetch GET 304 https://registry.npmjs.org/@types%2fnegotiator 317ms (from cache)
73 http fetch GET 304 https://registry.npmjs.org/@types%2fnode-fetch 290ms (from cache)
74 http fetch GET 304 https://registry.npmjs.org/@types%2fnext-tick 300ms (from cache)
75 silly pacote tag manifest for @types/negotiator@ts3.6 fetched in 349ms
76 http fetch GET 304 https://registry.npmjs.org/@types%2fnice-try 302ms (from cache)
77 silly pacote tag manifest for @types/mute-stream@ts3.6 fetched in 401ms
78 silly pacote tag manifest for @types/node-fetch@ts3.6 fetched in 335ms
79 silly pacote tag manifest for @types/next-tick@ts3.6 fetched in 340ms
80 silly pacote tag manifest for @types/nice-try@ts3.6 fetched in 361ms
81 http fetch GET 304 https://registry.npmjs.org/@types%2fnode-forge 3605ms (from cache)
82 http fetch GET 304 https://registry.npmjs.org/@types%2fnode-int64 3605ms (from cache)
83 http fetch GET 304 https://registry.npmjs.org/@types%2fnatural-compare 3920ms (from cache)
84 http fetch GET 304 https://registry.npmjs.org/@types%2fnode-notifier 3592ms (from cache)
85 http fetch GET 304 https://registry.npmjs.org/@types%2fneo-async 4132ms (from cache)
86 silly registry:manifest no matching version for @types/neo-async@ts3.6 in the cache. Forcing revalidation.
87 http fetch GET 304 https://registry.npmjs.org/@types%2fnormalize-package-data 3807ms (from cache)
88 silly pacote tag manifest for @types/node-forge@ts3.6 fetched in 3882ms
89 silly pacote tag manifest for @types/node-int64@ts3.6 fetched in 3877ms
90 silly pacote tag manifest for @types/natural-compare@ts3.6 fetched in 4184ms
91 silly pacote tag manifest for @types/node-notifier@ts3.6 fetched in 3863ms
92 http fetch GET 304 https://registry.npmjs.org/@types%2fnormalize-path 3815ms (from cache)
93 silly pacote tag manifest for @types/normalize-package-data@ts3.6 fetched in 3851ms
94 http fetch GET 304 https://registry.npmjs.org/@types%2fnum2fraction 3847ms (from cache)
95 silly pacote tag manifest for @types/normalize-path@ts3.6 fetched in 3881ms
96 silly pacote tag manifest for @types/num2fraction@ts3.6 fetched in 5324ms
97 http fetch GET 304 https://registry.npmjs.org/@types%2fobject-assign 5335ms (from cache)
98 http fetch GET 304 https://registry.npmjs.org/@types%2fnwsapi 5371ms (from cache)
99 silly pacote tag manifest for @types/object-assign@ts3.6 fetched in 5368ms
100 silly pacote tag manifest for @types/nwsapi@ts3.6 fetched in 5405ms
101 http fetch GET 200 https://registry.npmjs.org/@types%2fneo-async 1678ms
102 silly fetchPackageMetaData error for @types/neo-async@ts3.6 No matching version found for @types/neo-async@ts3.6.
103 http fetch GET 304 https://registry.npmjs.org/@types%2fobject-keys 1785ms (from cache)
104 silly pacote tag manifest for @types/object-keys@ts3.6 fetched in 1835ms
105 http fetch GET 304 https://registry.npmjs.org/@types%2fobject.groupby 1808ms (from cache)
106 silly registry:manifest no matching version for @types/object.groupby@ts3.6 in the cache. Forcing revalidation.
107 http fetch GET 304 https://registry.npmjs.org/@types%2fobject.getownpropertydescriptors 1848ms (from cache)
108 http fetch GET 304 https://registry.npmjs.org/@types%2fobject.pick 1868ms (from cache)
109 silly pacote tag manifest for @types/object.getownpropertydescriptors@ts3.6 fetched in 1950ms
110 http fetch GET 304 https://registry.npmjs.org/@types%2fon-finished 472ms (from cache)
111 silly pacote tag manifest for @types/object.pick@ts3.6 fetched in 1949ms
112 silly pacote tag manifest for @types/on-finished@ts3.6 fetched in 547ms
113 http fetch GET 304 https://registry.npmjs.org/@types%2fonce 506ms (from cache)
114 http fetch GET 304 https://registry.npmjs.org/@types%2fon-headers 524ms (from cache)
115 silly pacote tag manifest for @types/once@ts3.6 fetched in 534ms
116 silly pacote tag manifest for @types/on-headers@ts3.6 fetched in 538ms
117 http fetch GET 304 https://registry.npmjs.org/@types%2foptimize-css-assets-webpack-plugin 493ms (from cache)
118 http fetch GET 200 https://registry.npmjs.org/@types%2fobject.groupby 323ms
119 silly fetchPackageMetaData error for @types/object.groupby@ts3.6 No matching version found for @types/object.groupby@ts3.6.
120 silly pacote tag manifest for @types/optimize-css-assets-webpack-plugin@ts3.6 fetched in 531ms
121 http fetch GET 304 https://registry.npmjs.org/@types%2fos-tmpdir 372ms (from cache)
122 http fetch GET 304 https://registry.npmjs.org/@types%2fobject-inspect 2795ms (from cache)
123 silly pacote tag manifest for @types/os-tmpdir@ts3.6 fetched in 1005ms
124 silly pacote tag manifest for @types/object-inspect@ts3.6 fetched in 2869ms
125 http fetch GET 304 https://registry.npmjs.org/@types%2fpako 960ms (from cache)
126 silly pacote tag manifest for @types/pako@ts3.6 fetched in 974ms
127 http fetch GET 304 https://registry.npmjs.org/@types%2fparse-json 863ms (from cache)
128 http fetch GET 304 https://registry.npmjs.org/@types%2fparallel-transform 925ms (from cache)
129 http fetch GET 304 https://registry.npmjs.org/@types%2fparseurl 820ms (from cache)
130 http fetch GET 304 https://registry.npmjs.org/@types%2fpascalcase 820ms (from cache)
131 silly pacote tag manifest for @types/parse-json@ts3.6 fetched in 895ms
132 http fetch GET 304 https://registry.npmjs.org/@types%2fobject.fromentries 3016ms (from cache)
133 silly pacote tag manifest for @types/parallel-transform@ts3.6 fetched in 993ms
134 silly pacote tag manifest for @types/parseurl@ts3.6 fetched in 875ms
135 silly pacote tag manifest for @types/pascalcase@ts3.6 fetched in 876ms
136 silly pacote tag manifest for @types/object.fromentries@ts3.6 fetched in 3064ms
137 http fetch GET 304 https://registry.npmjs.org/@types%2fpath-is-absolute 974ms (from cache)
138 silly pacote tag manifest for @types/path-is-absolute@ts3.6 fetched in 1018ms
139 http fetch GET 304 https://registry.npmjs.org/@types%2fpath-is-inside 404ms (from cache)
140 http fetch GET 200 https://registry.npmjs.org/@types%2fpath-browserify 1080ms
141 silly fetchPackageMetaData error for @types/path-browserify@ts3.6 No matching version found for @types/path-browserify@ts3.6.
142 silly pacote tag manifest for @types/path-is-inside@ts3.6 fetched in 426ms
143 http fetch GET 304 https://registry.npmjs.org/@types%2fpath-parse 412ms (from cache)
144 http fetch GET 304 https://registry.npmjs.org/@types%2fpbkdf2 369ms (from cache)
145 silly pacote tag manifest for @types/path-parse@ts3.6 fetched in 436ms
146 silly pacote tag manifest for @types/pbkdf2@ts3.6 fetched in 395ms
147 http fetch GET 304 https://registry.npmjs.org/@types%2fpicomatch 347ms (from cache)
148 http fetch GET 304 https://registry.npmjs.org/@types%2fpify 341ms (from cache)
149 silly pacote tag manifest for @types/picomatch@ts3.6 fetched in 375ms
150 http fetch GET 304 https://registry.npmjs.org/@types%2fpostcss-flexbugs-fixes 350ms (from cache)
151 silly pacote tag manifest for @types/pify@ts3.6 fetched in 384ms
152 silly pacote tag manifest for @types/postcss-flexbugs-fixes@ts3.6 fetched in 379ms
153 http fetch GET 304 https://registry.npmjs.org/@types%2fpostcss-gap-properties 270ms (from cache)
154 silly pacote tag manifest for @types/postcss-gap-properties@ts3.6 fetched in 274ms
155 http fetch GET 304 https://registry.npmjs.org/@types%2fpostcss-modules-extract-imports 240ms (from cache)
156 http fetch GET 304 https://registry.npmjs.org/@types%2fpostcss-modules-local-by-default 224ms (from cache)
157 silly pacote tag manifest for @types/postcss-modules-extract-imports@ts3.6 fetched in 268ms
158 silly pacote tag manifest for @types/postcss-modules-local-by-default@ts3.6 fetched in 253ms
159 http fetch GET 304 https://registry.npmjs.org/@types%2fpostcss-modules-values 239ms (from cache)
160 http fetch GET 200 https://registry.npmjs.org/@types%2fpostcss-page-break 171ms
161 silly fetchPackageMetaData error for @types/postcss-page-break@ts3.6 No matching version found for @types/postcss-page-break@ts3.6.
162 silly pacote tag manifest for @types/postcss-modules-values@ts3.6 fetched in 752ms
163 http fetch GET 304 https://registry.npmjs.org/@types%2fpostcss-normalize 767ms (from cache)
164 http fetch GET 200 https://registry.npmjs.org/@types%2fpostcss-color-gray 1139ms
165 silly pacote tag manifest for @types/postcss-normalize@ts3.6 fetched in 788ms
166 silly fetchPackageMetaData error for @types/postcss-color-gray@ts3.6 No matching version found for @types/postcss-color-gray@ts3.6.
167 http fetch GET 304 https://registry.npmjs.org/@types%2fpostcss-safe-parser 757ms (from cache)
168 silly pacote tag manifest for @types/postcss-safe-parser@ts3.6 fetched in 788ms
169 http fetch GET 304 https://registry.npmjs.org/@types%2fpostcss-font-variant 1152ms (from cache)
170 silly registry:manifest no matching version for @types/postcss-font-variant@ts3.6 in the cache. Forcing revalidation.
171 http fetch GET 304 https://registry.npmjs.org/@types%2fprelude-ls 728ms (from cache)
172 silly pacote tag manifest for @types/prelude-ls@ts3.6 fetched in 774ms
173 http fetch GET 304 https://registry.npmjs.org/@types%2fprogress 742ms (from cache)
174 silly pacote tag manifest for @types/progress@ts3.6 fetched in 768ms
175 http fetch GET 304 https://registry.npmjs.org/@types%2fpromise-inflight 726ms (from cache)
176 http fetch GET 304 https://registry.npmjs.org/@types%2fprop-types 152ms (from cache)
177 silly pacote tag manifest for @types/promise-inflight@ts3.6 fetched in 739ms
178 silly pacote tag manifest for @types/prop-types@ts3.6 fetched in 165ms
179 http fetch GET 200 https://registry.npmjs.org/@types%2fpostcss-font-variant 514ms
180 silly fetchPackageMetaData error for @types/postcss-font-variant@ts3.6 No matching version found for @types/postcss-font-variant@ts3.6.
181 http fetch GET 304 https://registry.npmjs.org/@types%2fpump 490ms (from cache)
182 http fetch GET 304 https://registry.npmjs.org/@types%2fproxy-addr 591ms (from cache)
183 http fetch GET 304 https://registry.npmjs.org/@types%2fpsl 559ms (from cache)
184 http fetch GET 304 https://registry.npmjs.org/@types%2fpunycode 454ms (from cache)
185 silly pacote tag manifest for @types/proxy-addr@ts3.6 fetched in 606ms
186 silly pacote tag manifest for @types/pump@ts3.6 fetched in 512ms
187 silly pacote tag manifest for @types/psl@ts3.6 fetched in 578ms
188 silly pacote tag manifest for @types/punycode@ts3.6 fetched in 466ms
189 http fetch GET 304 https://registry.npmjs.org/@types%2fprettier-linter-helpers 1262ms (from cache)
190 silly pacote tag manifest for @types/prettier-linter-helpers@ts3.6 fetched in 1302ms
191 http fetch GET 304 https://registry.npmjs.org/@types%2fq 545ms (from cache)
192 silly pacote tag manifest for @types/q@ts3.6 fetched in 551ms
193 http fetch GET 304 https://registry.npmjs.org/@types%2fqs 149ms (from cache)
194 silly pacote tag manifest for @types/qs@ts3.6 fetched in 165ms
195 http fetch GET 304 https://registry.npmjs.org/@types%2frandombytes 233ms (from cache)
196 http fetch GET 304 https://registry.npmjs.org/@types%2fquerystringify 239ms (from cache)
197 http fetch GET 304 https://registry.npmjs.org/@types%2fraf 236ms (from cache)
198 http fetch GET 304 https://registry.npmjs.org/@types%2frange-parser 237ms (from cache)
199 silly pacote tag manifest for @types/raf@ts3.6 fetched in 261ms
200 silly pacote tag manifest for @types/querystringify@ts3.6 fetched in 269ms
201 silly pacote tag manifest for @types/randombytes@ts3.6 fetched in 265ms
202 http fetch GET 304 https://registry.npmjs.org/@types%2freact-is 168ms (from cache)
203 silly pacote tag manifest for @types/range-parser@ts3.6 fetched in 265ms
204 silly pacote tag manifest for @types/react-is@ts3.6 fetched in 194ms
205 http fetch GET 200 https://registry.npmjs.org/@types%2freact-refresh 236ms
206 silly fetchPackageMetaData error for @types/react-refresh@ts3.6 No matching version found for @types/react-refresh@ts3.6.
207 http fetch GET 304 https://registry.npmjs.org/@types%2freact-dev-utils 317ms (from cache)
208 silly pacote tag manifest for @types/react-dev-utils@ts3.6 fetched in 506ms
209 http fetch GET 304 https://registry.npmjs.org/@types%2fregenerator-runtime 392ms (from cache)
210 http fetch GET 304 https://registry.npmjs.org/@types%2freadable-stream 403ms (from cache)
211 silly pacote tag manifest for @types/regenerator-runtime@ts3.6 fetched in 400ms
212 silly pacote tag manifest for @types/readable-stream@ts3.6 fetched in 412ms
213 http fetch GET 304 https://registry.npmjs.org/@types%2fregenerate 413ms (from cache)
214 silly registry:manifest no matching version for @types/regenerate@ts3.6 in the cache. Forcing revalidation.
215 http fetch GET 304 https://registry.npmjs.org/@types%2frelateurl 412ms (from cache)
216 silly pacote tag manifest for @types/relateurl@ts3.6 fetched in 433ms
217 http fetch GET 304 https://registry.npmjs.org/@types%2fpostcss-modules-scope 2360ms (from cache)
218 silly pacote tag manifest for @types/postcss-modules-scope@ts3.6 fetched in 2379ms
219 http fetch GET 304 https://registry.npmjs.org/@types%2fprompts 1612ms (from cache)
220 silly pacote tag manifest for @types/prompts@ts3.6 fetched in 1663ms
221 http fetch GET 304 https://registry.npmjs.org/@types%2frequire-directory 290ms (from cache)
222 http fetch GET 304 https://registry.npmjs.org/@types%2frepeat-string 294ms (from cache)
223 silly pacote tag manifest for @types/require-directory@ts3.6 fetched in 295ms
224 silly pacote tag manifest for @types/repeat-string@ts3.6 fetched in 299ms
225 http fetch GET 304 https://registry.npmjs.org/@types%2frequires-port 287ms (from cache)
226 http fetch GET 304 https://registry.npmjs.org/@types%2fresolve 237ms (from cache)
227 http fetch GET 304 https://registry.npmjs.org/@types%2fretry 232ms (from cache)
228 http fetch GET 304 https://registry.npmjs.org/@types%2frequire-from-string 403ms (from cache)
229 silly pacote tag manifest for @types/requires-port@ts3.6 fetched in 331ms
230 silly pacote tag manifest for @types/require-from-string@ts3.6 fetched in 439ms
231 silly pacote tag manifest for @types/retry@ts3.6 fetched in 271ms
232 silly pacote tag manifest for @types/resolve@ts3.6 fetched in 295ms
233 http fetch GET 200 https://registry.npmjs.org/@types%2fregex-not 1230ms
234 silly fetchPackageMetaData error for @types/regex-not@ts3.6 No matching version found for @types/regex-not@ts3.6.
235 http fetch GET 304 https://registry.npmjs.org/@types%2frepeat-element 1347ms (from cache)
236 http fetch GET 304 https://registry.npmjs.org/@types%2frsvp 733ms (from cache)
237 silly pacote tag manifest for @types/repeat-element@ts3.6 fetched in 1416ms
238 http fetch GET 304 https://registry.npmjs.org/@types%2frun-parallel 742ms (from cache)
239 silly pacote tag manifest for @types/rsvp@ts3.6 fetched in 807ms
240 http fetch GET 304 https://registry.npmjs.org/@types%2fpumpify 2519ms (from cache)
241 http fetch GET 304 https://registry.npmjs.org/@types%2fsafe-regex-test 780ms (from cache)
242 http fetch GET 304 https://registry.npmjs.org/@types%2frecursive-readdir 1774ms (from cache)
243 silly registry:manifest no matching version for @types/safe-regex-test@ts3.6 in the cache. Forcing revalidation.
244 http fetch GET 304 https://registry.npmjs.org/@types%2fripemd160 1095ms (from cache)
245 silly pacote tag manifest for @types/run-parallel@ts3.6 fetched in 827ms
246 silly pacote tag manifest for @types/pumpify@ts3.6 fetched in 2618ms
247 silly pacote tag manifest for @types/recursive-readdir@ts3.6 fetched in 1872ms
248 silly pacote tag manifest for @types/ripemd160@ts3.6 fetched in 1332ms
249 http fetch GET 304 https://registry.npmjs.org/@types%2fsafer-buffer 3343ms (from cache)
250 http fetch GET 200 https://registry.npmjs.org/@types%2fregenerate 4197ms
251 silly fetchPackageMetaData error for @types/regenerate@ts3.6 No matching version found for @types/regenerate@ts3.6.
252 http fetch GET 200 https://registry.npmjs.org/@types%2fsafe-regex-test 2875ms
253 silly fetchPackageMetaData error for @types/safe-regex-test@ts3.6 No matching version found for @types/safe-regex-test@ts3.6.
254 silly pacote tag manifest for @types/safer-buffer@ts3.6 fetched in 3399ms
255 http fetch GET 304 https://registry.npmjs.org/@types%2fsafe-regex 3756ms (from cache)
256 silly pacote tag manifest for @types/safe-regex@ts3.6 fetched in 3763ms
257 http fetch GET 304 https://registry.npmjs.org/@types%2fsane 3030ms (from cache)
258 http fetch GET 304 https://registry.npmjs.org/@types%2fsass-loader 2976ms (from cache)
259 http fetch GET 304 https://registry.npmjs.org/@types%2fsax 2946ms (from cache)
260 silly pacote tag manifest for @types/sane@ts3.6 fetched in 3040ms
261 silly pacote tag manifest for @types/sass-loader@ts3.6 fetched in 2987ms
262 http fetch GET 304 https://registry.npmjs.org/@types%2fscheduler 2848ms (from cache)
263 silly pacote tag manifest for @types/sax@ts3.6 fetched in 2977ms
264 http fetch GET 304 https://registry.npmjs.org/@types%2fsemver 2752ms (from cache)
265 silly pacote tag manifest for @types/scheduler@ts3.6 fetched in 2874ms
266 silly pacote tag manifest for @types/semver@ts3.6 fetched in 2827ms
267 http fetch GET 304 https://registry.npmjs.org/@types%2fsend 276ms (from cache)
268 http fetch GET 304 https://registry.npmjs.org/@types%2fserialize-javascript 279ms (from cache)
269 silly pacote tag manifest for @types/send@ts3.6 fetched in 284ms
270 http fetch GET 304 https://registry.npmjs.org/@types%2fserve-index 207ms (from cache)
271 http fetch GET 304 https://registry.npmjs.org/@types%2fserve-static 196ms (from cache)
272 silly pacote tag manifest for @types/serialize-javascript@ts3.6 fetched in 289ms
273 silly pacote tag manifest for @types/serve-index@ts3.6 fetched in 233ms
274 silly pacote tag manifest for @types/serve-static@ts3.6 fetched in 240ms
275 http fetch GET 304 https://registry.npmjs.org/@types%2fset-cookie-parser 417ms (from cache)
276 http fetch GET 304 https://registry.npmjs.org/@types%2fset-value 405ms (from cache)
277 http fetch GET 304 https://registry.npmjs.org/@types%2fsetimmediate 345ms (from cache)
278 http fetch GET 200 https://registry.npmjs.org/@types%2fset-blocking 463ms
279 silly pacote tag manifest for @types/set-cookie-parser@ts3.6 fetched in 437ms
280 silly fetchPackageMetaData error for @types/set-blocking@ts3.6 No matching version found for @types/set-blocking@ts3.6.
281 http fetch GET 304 https://registry.npmjs.org/@types%2fsha.js 279ms (from cache)
282 http fetch GET 304 https://registry.npmjs.org/@types%2fshebang-command 277ms (from cache)
283 silly pacote tag manifest for @types/set-value@ts3.6 fetched in 423ms
284 silly pacote tag manifest for @types/setimmediate@ts3.6 fetched in 364ms
285 silly pacote tag manifest for @types/sha.js@ts3.6 fetched in 316ms
286 silly pacote tag manifest for @types/shebang-command@ts3.6 fetched in 329ms
287 http fetch GET 304 https://registry.npmjs.org/@types%2fshell-quote 309ms (from cache)
288 silly pacote tag manifest for @types/shell-quote@ts3.6 fetched in 1334ms
289 http fetch GET 304 https://registry.npmjs.org/@types%2fsignal-exit 1351ms (from cache)
290 silly pacote tag manifest for @types/signal-exit@ts3.6 fetched in 1556ms
291 http fetch GET 304 https://registry.npmjs.org/@types%2fsemver-compare 1985ms (from cache)
292 silly pacote tag manifest for @types/semver-compare@ts3.6 fetched in 1994ms
293 http fetch GET 304 https://registry.npmjs.org/@types%2fsource-list-map 1408ms (from cache)
294 http fetch GET 304 https://registry.npmjs.org/@types%2fsockjs 1420ms (from cache)
295 http fetch GET 304 https://registry.npmjs.org/@types%2fselfsigned 4727ms (from cache)
296 http fetch GET 304 https://registry.npmjs.org/@types%2fsockjs-client 1413ms (from cache)
297 http fetch GET 304 https://registry.npmjs.org/@types%2fsimple-swizzle 1433ms (from cache)
298 silly registry:manifest no matching version for @types/selfsigned@ts3.6 in the cache. Forcing revalidation.
299 silly registry:manifest no matching version for @types/simple-swizzle@ts3.6 in the cache. Forcing revalidation.
300 silly pacote tag manifest for @types/source-list-map@ts3.6 fetched in 1492ms
301 silly pacote tag manifest for @types/sockjs@ts3.6 fetched in 1504ms
302 silly pacote tag manifest for @types/sockjs-client@ts3.6 fetched in 1499ms
303 http fetch GET 304 https://registry.npmjs.org/@types%2fsource-map-support 1470ms (from cache)
304 http fetch GET 304 https://registry.npmjs.org/@types%2fspdx-correct 1466ms (from cache)
305 silly pacote tag manifest for @types/source-map-support@ts3.6 fetched in 1503ms
306 silly pacote tag manifest for @types/spdx-correct@ts3.6 fetched in 1535ms
307 http fetch GET 200 https://registry.npmjs.org/@types%2fsimple-swizzle 506ms
308 silly fetchPackageMetaData error for @types/simple-swizzle@ts3.6 No matching version found for @types/simple-swizzle@ts3.6.
309 http fetch GET 304 https://registry.npmjs.org/@types%2fsprintf-js 573ms (from cache)
310 http fetch GET 304 https://registry.npmjs.org/@types%2fstack-utils 574ms (from cache)
311 http fetch GET 304 https://registry.npmjs.org/@types%2fssri 577ms (from cache)
312 silly pacote tag manifest for @types/sprintf-js@ts3.6 fetched in 582ms
313 http fetch GET 304 https://registry.npmjs.org/@types%2fstatuses 496ms (from cache)
314 http fetch GET 304 https://registry.npmjs.org/@types%2fsprintf 677ms (from cache)
315 silly pacote tag manifest for @types/stack-utils@ts3.6 fetched in 589ms
316 silly pacote tag manifest for @types/ssri@ts3.6 fetched in 596ms
317 http fetch GET 200 https://registry.npmjs.org/@types%2fselfsigned 675ms
318 silly fetchPackageMetaData error for @types/selfsigned@ts3.6 No matching version found for @types/selfsigned@ts3.6.
319 silly pacote tag manifest for @types/sprintf@ts3.6 fetched in 715ms
320 silly pacote tag manifest for @types/statuses@ts3.6 fetched in 536ms
321 http fetch GET 304 https://registry.npmjs.org/@types%2fstatic-eval 594ms (from cache)
322 silly pacote tag manifest for @types/static-eval@ts3.6 fetched in 668ms
323 http fetch GET 304 https://registry.npmjs.org/@types%2fstream-each 346ms (from cache)
324 http fetch GET 304 https://registry.npmjs.org/@types%2fstream-shift 255ms (from cache)
325 silly pacote tag manifest for @types/stream-each@ts3.6 fetched in 404ms
326 http fetch GET 304 https://registry.npmjs.org/@types%2fstring-natural-compare 278ms (from cache)
327 silly pacote tag manifest for @types/stream-shift@ts3.6 fetched in 294ms
328 silly pacote tag manifest for @types/string-natural-compare@ts3.6 fetched in 310ms
329 http fetch GET 304 https://registry.npmjs.org/@types%2fstrip-comments 328ms (from cache)
330 http fetch GET 304 https://registry.npmjs.org/@types%2fstring.prototype.matchall 339ms (from cache)
331 silly pacote tag manifest for @types/strip-comments@ts3.6 fetched in 348ms
332 silly pacote tag manifest for @types/string.prototype.matchall@ts3.6 fetched in 363ms
333 http fetch GET 304 https://registry.npmjs.org/@types%2fsymbol-tree 264ms (from cache)
334 http fetch GET 304 https://registry.npmjs.org/@types%2ftapable 228ms (from cache)
335 silly pacote tag manifest for @types/symbol-tree@ts3.6 fetched in 269ms
336 silly pacote tag manifest for @types/tapable@ts3.6 fetched in 241ms
337 http fetch GET 304 https://registry.npmjs.org/@types%2ftar 271ms (from cache)
338 http fetch GET 304 https://registry.npmjs.org/@types%2ftest-exclude 268ms (from cache)
339 silly registry:manifest no matching version for @types/test-exclude@ts3.6 in the cache. Forcing revalidation.
340 silly pacote tag manifest for @types/tar@ts3.6 fetched in 280ms
341 http fetch GET 304 https://registry.npmjs.org/@types%2fspdx-expression-parse 1680ms (from cache)
342 silly pacote tag manifest for @types/spdx-expression-parse@ts3.6 fetched in 1723ms
343 http fetch GET 304 https://registry.npmjs.org/@types%2ftext-table 189ms (from cache)
344 silly pacote tag manifest for @types/text-table@ts3.6 fetched in 204ms
345 http fetch GET 304 https://registry.npmjs.org/@types%2fstringify-object 765ms (from cache)
346 silly pacote tag manifest for @types/stringify-object@ts3.6 fetched in 771ms
347 http fetch GET 200 https://registry.npmjs.org/@types%2ftest-exclude 145ms
348 silly fetchPackageMetaData error for @types/test-exclude@ts3.6 No matching version found for @types/test-exclude@ts3.6.
349 http fetch GET 304 https://registry.npmjs.org/@types%2fthrough2 182ms (from cache)
350 silly pacote tag manifest for @types/through2@ts3.6 fetched in 186ms
351 http fetch GET 304 https://registry.npmjs.org/@types%2ftimsort 492ms (from cache)
352 http fetch GET 304 https://registry.npmjs.org/@types%2ftmp 452ms (from cache)
353 silly pacote tag manifest for @types/timsort@ts3.6 fetched in 499ms
354 silly pacote tag manifest for @types/tmp@ts3.6 fetched in 459ms
355 http fetch GET 200 https://registry.npmjs.org/@types%2fto-object-path 528ms
356 silly fetchPackageMetaData error for @types/to-object-path@ts3.6 No matching version found for @types/to-object-path@ts3.6.
357 http fetch GET 304 https://registry.npmjs.org/@types%2fspdy 2153ms (from cache)
358 silly pacote tag manifest for @types/spdy@ts3.6 fetched in 2189ms
359 http fetch GET 200 https://registry.npmjs.org/@types%2ftmpl 1676ms
360 silly fetchPackageMetaData error for @types/tmpl@ts3.6 No matching version found for @types/tmpl@ts3.6.
361 http fetch GET 304 https://registry.npmjs.org/@types%2fto-regex-range 1255ms (from cache)
362 silly registry:manifest no matching version for @types/to-regex-range@ts3.6 in the cache. Forcing revalidation.
363 http fetch GET 304 https://registry.npmjs.org/@types%2fthunky 1824ms (from cache)
364 http fetch GET 304 https://registry.npmjs.org/@types%2fto-regex 1275ms (from cache)
365 silly registry:manifest no matching version for @types/to-regex@ts3.6 in the cache. Forcing revalidation.
366 http fetch GET 304 https://registry.npmjs.org/@types%2fsupports-color 2381ms (from cache)
367 http fetch GET 304 https://registry.npmjs.org/@types%2fstrict-uri-encode 2619ms (from cache)
368 http fetch GET 304 https://registry.npmjs.org/@types%2ftough-cookie 1201ms (from cache)
369 http fetch GET 304 https://registry.npmjs.org/@types%2ftoidentifier 1232ms (from cache)
370 silly registry:manifest no matching version for @types/toidentifier@ts3.6 in the cache. Forcing revalidation.
371 http fetch GET 304 https://registry.npmjs.org/@types%2fsvg-parser 2897ms (from cache)
372 silly pacote tag manifest for @types/thunky@ts3.6 fetched in 2529ms
373 silly pacote tag manifest for @types/strict-uri-encode@ts3.6 fetched in 3264ms
374 silly pacote tag manifest for @types/tough-cookie@ts3.6 fetched in 1855ms
375 silly pacote tag manifest for @types/supports-color@ts3.6 fetched in 3113ms
376 silly pacote tag manifest for @types/svg-parser@ts3.6 fetched in 3026ms
377 http fetch GET 200 https://registry.npmjs.org/@types%2fto-regex 951ms
378 http fetch GET 200 https://registry.npmjs.org/@types%2fto-regex-range 959ms
379 silly fetchPackageMetaData error for @types/to-regex@ts3.6 No matching version found for @types/to-regex@ts3.6.
380 silly fetchPackageMetaData error for @types/to-regex-range@ts3.6 No matching version found for @types/to-regex-range@ts3.6.
381 http fetch GET 304 https://registry.npmjs.org/@types%2fthrough 2953ms (from cache)
382 silly pacote tag manifest for @types/through@ts3.6 fetched in 2986ms
383 http fetch GET 304 https://registry.npmjs.org/@types%2ftr46 1073ms (from cache)
384 silly registry:manifest no matching version for @types/tr46@ts3.6 in the cache. Forcing revalidation.
385 http fetch GET 304 https://registry.npmjs.org/@types%2ftryer 370ms (from cache)
386 http fetch GET 304 https://registry.npmjs.org/@types%2ftype-is 341ms (from cache)
387 http fetch GET 304 https://registry.npmjs.org/@types%2ftype-check 347ms (from cache)
388 http fetch GET 304 https://registry.npmjs.org/@types%2ftype-detect 1364ms (from cache)
389 silly pacote tag manifest for @types/tryer@ts3.6 fetched in 1421ms
390 silly pacote tag manifest for @types/type-check@ts3.6 fetched in 1387ms
391 silly pacote tag manifest for @types/type-is@ts3.6 fetched in 1389ms
392 silly pacote tag manifest for @types/type-detect@ts3.6 fetched in 1475ms
393 http fetch GET 200 https://registry.npmjs.org/@types%2ftoidentifier 2201ms
394 silly fetchPackageMetaData error for @types/toidentifier@ts3.6 No matching version found for @types/toidentifier@ts3.6.
395 http fetch GET 304 https://registry.npmjs.org/@types%2funbox-primitive 1351ms (from cache)
396 silly registry:manifest no matching version for @types/unbox-primitive@ts3.6 in the cache. Forcing revalidation.
397 http fetch GET 304 https://registry.npmjs.org/@types%2funderscore 1358ms (from cache)
398 silly pacote tag manifest for @types/underscore@ts3.6 fetched in 1404ms
399 http fetch GET 304 https://registry.npmjs.org/@types%2funique-slug 280ms (from cache)
400 silly registry:manifest no matching version for @types/unique-slug@ts3.6 in the cache. Forcing revalidation.
401 http fetch GET 304 https://registry.npmjs.org/@types%2furl-parse 155ms (from cache)
402 silly pacote tag manifest for @types/url-parse@ts3.6 fetched in 165ms
403 http fetch GET 200 https://registry.npmjs.org/@types%2funique-slug 127ms
404 silly fetchPackageMetaData error for @types/unique-slug@ts3.6 No matching version found for @types/unique-slug@ts3.6.
405 http fetch GET 200 https://registry.npmjs.org/@types%2ftr46 1506ms
406 silly fetchPackageMetaData error for @types/tr46@ts3.6 No matching version found for @types/tr46@ts3.6.
407 http fetch GET 304 https://registry.npmjs.org/@types%2futil-deprecate 175ms (from cache)
408 silly pacote tag manifest for @types/util-deprecate@ts3.6 fetched in 224ms
409 http fetch GET 304 https://registry.npmjs.org/@types%2futil.promisify 208ms (from cache)
410 silly pacote tag manifest for @types/util.promisify@ts3.6 fetched in 231ms
411 http fetch GET 304 https://registry.npmjs.org/@types%2fuuid 201ms (from cache)
412 http fetch GET 304 https://registry.npmjs.org/@types%2futils-merge 210ms (from cache)
413 http fetch GET 304 https://registry.npmjs.org/@types%2fvalidate-npm-package-license 205ms (from cache)
414 silly pacote tag manifest for @types/uuid@ts3.6 fetched in 2667ms
415 silly pacote tag manifest for @types/validate-npm-package-license@ts3.6 fetched in 2732ms
416 silly pacote tag manifest for @types/utils-merge@ts3.6 fetched in 2793ms
417 http fetch GET 200 https://registry.npmjs.org/@types%2funbox-primitive 3067ms
418 silly fetchPackageMetaData error for @types/unbox-primitive@ts3.6 No matching version found for @types/unbox-primitive@ts3.6.
419 http fetch GET 304 https://registry.npmjs.org/@types%2funquote 3260ms (from cache)
420 silly registry:manifest no matching version for @types/unquote@ts3.6 in the cache. Forcing revalidation.
421 http fetch GET 304 https://registry.npmjs.org/@types%2funiq 4403ms (from cache)
422 http fetch GET 304 https://registry.npmjs.org/@types%2ftypedarray-to-buffer 4659ms (from cache)
423 silly registry:manifest no matching version for @types/typedarray-to-buffer@ts3.6 in the cache. Forcing revalidation.
424 http fetch GET 304 https://registry.npmjs.org/@types%2funiversalify 3295ms (from cache)
425 http fetch GET 304 https://registry.npmjs.org/@types%2furix 3205ms (from cache)
426 silly pacote tag manifest for @types/uniq@ts3.6 fetched in 4442ms
427 silly pacote tag manifest for @types/universalify@ts3.6 fetched in 3335ms
428 silly pacote tag manifest for @types/urix@ts3.6 fetched in 3244ms
429 http fetch GET 304 https://registry.npmjs.org/@types%2fvary 2816ms (from cache)
430 silly pacote tag manifest for @types/vary@ts3.6 fetched in 2833ms
431 http fetch GET 304 https://registry.npmjs.org/@types%2fw3c-hr-time 350ms (from cache)
432 http fetch GET 304 https://registry.npmjs.org/@types%2fw3c-xmlserializer 236ms (from cache)
433 silly pacote tag manifest for @types/w3c-hr-time@ts3.6 fetched in 387ms
434 silly pacote tag manifest for @types/w3c-xmlserializer@ts3.6 fetched in 275ms
435 http fetch GET 304 https://registry.npmjs.org/@types%2fwebpack 228ms (from cache)
436 silly pacote tag manifest for @types/webpack@ts3.6 fetched in 235ms
437 http fetch GET 304 https://registry.npmjs.org/@types%2fwebidl-conversions 249ms (from cache)
438 silly pacote tag manifest for @types/webidl-conversions@ts3.6 fetched in 267ms
439 http fetch GET 304 https://registry.npmjs.org/@types%2fwebpack-sources 175ms (from cache)
440 silly pacote tag manifest for @types/webpack-sources@ts3.6 fetched in 216ms
441 http fetch GET 304 https://registry.npmjs.org/@types%2fwhatwg-mimetype 201ms (from cache)
442 http fetch GET 304 https://registry.npmjs.org/@types%2fwhatwg-encoding 216ms (from cache)
443 silly pacote tag manifest for @types/whatwg-mimetype@ts3.6 fetched in 218ms
444 silly pacote tag manifest for @types/whatwg-encoding@ts3.6 fetched in 229ms
445 http fetch GET 304 https://registry.npmjs.org/@types%2fwhatwg-url 177ms (from cache)
446 silly pacote tag manifest for @types/whatwg-url@ts3.6 fetched in 182ms
447 http fetch GET 304 https://registry.npmjs.org/@types%2fwhich 161ms (from cache)
448 silly pacote tag manifest for @types/which@ts3.6 fetched in 166ms
449 http fetch GET 304 https://registry.npmjs.org/@types%2fworkbox-sw 156ms (from cache)
450 silly pacote tag manifest for @types/workbox-sw@ts3.6 fetched in 174ms
451 http fetch GET 304 https://registry.npmjs.org/@types%2fwatchpack 710ms (from cache)
452 http fetch GET 304 https://registry.npmjs.org/@types%2fwrite-file-atomic 165ms (from cache)
453 silly pacote tag manifest for @types/watchpack@ts3.6 fetched in 721ms
454 http fetch GET 304 https://registry.npmjs.org/@types%2fws 163ms (from cache)
455 silly pacote tag manifest for @types/write-file-atomic@ts3.6 fetched in 176ms
456 silly pacote tag manifest for @types/ws@ts3.6 fetched in 194ms
457 http fetch GET 304 https://registry.npmjs.org/@types%2fxml-name-validator 155ms (from cache)
458 silly registry:manifest no matching version for @types/xml-name-validator@ts3.6 in the cache. Forcing revalidation.
459 http fetch GET 304 https://registry.npmjs.org/@types%2fxtend 113ms (from cache)
460 silly pacote tag manifest for @types/xtend@ts3.6 fetched in 136ms
461 http fetch GET 304 https://registry.npmjs.org/@types%2fyallist 171ms (from cache)
462 http fetch GET 304 https://registry.npmjs.org/@types%2fyargs 153ms (from cache)
463 silly pacote tag manifest for @types/yallist@ts3.6 fetched in 185ms
464 silly pacote tag manifest for @types/yargs@ts3.6 fetched in 161ms
465 http fetch GET 200 https://registry.npmjs.org/@types%2fxml-name-validator 84ms
466 silly fetchPackageMetaData error for @types/xml-name-validator@ts3.6 No matching version found for @types/xml-name-validator@ts3.6.
467 http fetch GET 304 https://registry.npmjs.org/@types%2fyargs-parser 107ms (from cache)
468 silly pacote tag manifest for @types/yargs-parser@ts3.6 fetched in 111ms
469 http fetch GET 304 https://registry.npmjs.org/@types%2fwhich-boxed-primitive 648ms (from cache)
470 silly registry:manifest no matching version for @types/which-boxed-primitive@ts3.6 in the cache. Forcing revalidation.
471 http fetch GET 304 https://registry.npmjs.org/@types%2fwcwidth 1090ms (from cache)
472 silly pacote tag manifest for @types/wcwidth@ts3.6 fetched in 1097ms
473 http fetch GET 304 https://registry.npmjs.org/@types%2fwebpack-manifest-plugin 1409ms (from cache)
474 silly pacote tag manifest for @types/webpack-manifest-plugin@ts3.6 fetched in 1424ms
475 http fetch GET 200 https://registry.npmjs.org/@types%2funquote 2210ms
476 silly fetchPackageMetaData error for @types/unquote@ts3.6 No matching version found for @types/unquote@ts3.6.
477 http fetch GET 200 https://registry.npmjs.org/@types%2fwhich-boxed-primitive 1496ms
478 silly fetchPackageMetaData error for @types/which-boxed-primitive@ts3.6 No matching version found for @types/which-boxed-primitive@ts3.6.
479 http fetch GET 200 https://registry.npmjs.org/@types%2ftypedarray-to-buffer 2510ms
480 silly fetchPackageMetaData error for @types/typedarray-to-buffer@ts3.6 No matching version found for @types/typedarray-to-buffer@ts3.6.
481 http fetch GET 304 https://registry.npmjs.org/@types%2fwhich-pm-runs 2154ms (from cache)
482 silly pacote tag manifest for @types/which-pm-runs@ts3.6 fetched in 2157ms
483 timing stage:rollbackFailedOptional Completed in 1ms
484 timing stage:runTopLevelLifecycles Completed in 32827ms
485 verbose type tag
486 verbose stack @types/language-tags: No matching version found for @types/language-tags@ts3.6.
486 verbose stack     at pickManifest (/usr/local/lib/node_modules/npm/node_modules/npm-pick-manifest/index.js:122:13)
486 verbose stack     at /usr/local/lib/node_modules/npm/node_modules/pacote/lib/fetchers/registry/manifest.js:43:18
486 verbose stack     at tryCatcher (/usr/local/lib/node_modules/npm/node_modules/bluebird/js/release/util.js:16:23)
486 verbose stack     at Promise._settlePromiseFromHandler (/usr/local/lib/node_modules/npm/node_modules/bluebird/js/release/promise.js:517:31)
486 verbose stack     at Promise._settlePromise (/usr/local/lib/node_modules/npm/node_modules/bluebird/js/release/promise.js:574:18)
486 verbose stack     at Promise._settlePromise0 (/usr/local/lib/node_modules/npm/node_modules/bluebird/js/release/promise.js:619:10)
486 verbose stack     at Promise._settlePromises (/usr/local/lib/node_modules/npm/node_modules/bluebird/js/release/promise.js:699:18)
486 verbose stack     at _drainQueueStep (/usr/local/lib/node_modules/npm/node_modules/bluebird/js/release/async.js:138:12)
486 verbose stack     at _drainQueue (/usr/local/lib/node_modules/npm/node_modules/bluebird/js/release/async.js:131:9)
486 verbose stack     at Async._drainQueues (/usr/local/lib/node_modules/npm/node_modules/bluebird/js/release/async.js:147:5)
486 verbose stack     at Immediate.Async.drainQueues [as _onImmediate] (/usr/local/lib/node_modules/npm/node_modules/bluebird/js/release/async.js:17:14)
486 verbose stack     at processImmediate (internal/timers.js:456:21)
487 verbose cwd /home/theia/.cache/typescript/3.6
488 verbose Linux 5.10.16.3-microsoft-standard-WSL2
489 verbose argv "/usr/local/bin/node" "/usr/local/bin/npm" "install" "--ignore-scripts" "@types/kind-of@ts3.6" "@types/language-tags@ts3.6" "@types/loader-runner@ts3.6" "@types/loader-utils@ts3.6" "@types/lodash@ts3.6" "@types/lodash.debounce@ts3.6" "@types/lodash.memoize@ts3.6" "@types/lodash.merge@ts3.6" "@types/lodash.template@ts3.6" "@types/lodash.truncate@ts3.6" "@types/lodash.uniq@ts3.6" "@types/makeerror@ts3.6" "@types/media-typer@ts3.6" "@types/memory-fs@ts3.6" "@types/memorystream@ts3.6" "@types/merge-descriptors@ts3.6" "@types/merge-stream@ts3.6" "@types/merge2@ts3.6" "@types/methods@ts3.6" "@types/micromatch@ts3.6" "@types/mime@ts3.6" "@types/mime-db@ts3.6" "@types/mime-types@ts3.6" "@types/min-indent@ts3.6" "@types/minimalistic-assert@ts3.6" "@types/minimist@ts3.6" "@types/minizlib@ts3.6" "@types/move-concurrently@ts3.6" "@types/ms@ts3.6" "@types/multicast-dns@ts3.6" "@types/mute-stream@ts3.6" "@types/natural-compare@ts3.6" "@types/negotiator@ts3.6" "@types/neo-async@ts3.6" "@types/next-tick@ts3.6" "@types/nice-try@ts3.6" "@types/node-fetch@ts3.6" "@types/node-forge@ts3.6" "@types/node-int64@ts3.6" "@types/node-notifier@ts3.6" "@types/normalize-package-data@ts3.6" "@types/normalize-path@ts3.6" "@types/num2fraction@ts3.6" "@types/nwsapi@ts3.6" "@types/object-assign@ts3.6" "@types/object-inspect@ts3.6" "@types/object-keys@ts3.6" "@types/object.fromentries@ts3.6" "@types/object.getownpropertydescriptors@ts3.6" "@types/object.groupby@ts3.6" "@types/object.pick@ts3.6" "@types/on-finished@ts3.6" "@types/on-headers@ts3.6" "@types/once@ts3.6" "@types/optimize-css-assets-webpack-plugin@ts3.6" "@types/os-tmpdir@ts3.6" "@types/pako@ts3.6" "@types/parallel-transform@ts3.6" "@types/parse-json@ts3.6" "@types/parseurl@ts3.6" "@types/pascalcase@ts3.6" "@types/path-browserify@ts3.6" "@types/path-is-absolute@ts3.6" "@types/path-is-inside@ts3.6" "@types/path-parse@ts3.6" "@types/pbkdf2@ts3.6" "@types/picomatch@ts3.6" "@types/pify@ts3.6" "@types/postcss-color-gray@ts3.6" "@types/postcss-flexbugs-fixes@ts3.6" "@types/postcss-font-variant@ts3.6" "@types/postcss-gap-properties@ts3.6" "@types/postcss-modules-extract-imports@ts3.6" "@types/postcss-modules-local-by-default@ts3.6" "@types/postcss-modules-scope@ts3.6" "@types/postcss-modules-values@ts3.6" "@types/postcss-normalize@ts3.6" "@types/postcss-page-break@ts3.6" "@types/postcss-safe-parser@ts3.6" "@types/prelude-ls@ts3.6" "@types/prettier-linter-helpers@ts3.6" "@types/progress@ts3.6" "@types/promise-inflight@ts3.6" "@types/prompts@ts3.6" "@types/prop-types@ts3.6" "@types/proxy-addr@ts3.6" "@types/psl@ts3.6" "@types/pump@ts3.6" "@types/pumpify@ts3.6" "@types/punycode@ts3.6" "@types/q@ts3.6" "@types/qs@ts3.6" "@types/querystringify@ts3.6" "@types/raf@ts3.6" "@types/randombytes@ts3.6" "@types/range-parser@ts3.6" "@types/react-dev-utils@ts3.6" "@types/react-is@ts3.6" "@types/react-refresh@ts3.6" "@types/readable-stream@ts3.6" "@types/recursive-readdir@ts3.6" "@types/regenerate@ts3.6" "@types/regenerator-runtime@ts3.6" "@types/regex-not@ts3.6" "@types/relateurl@ts3.6" "@types/repeat-element@ts3.6" "@types/repeat-string@ts3.6" "@types/require-directory@ts3.6" "@types/require-from-string@ts3.6" "@types/requires-port@ts3.6" "@types/resolve@ts3.6" "@types/retry@ts3.6" "@types/ripemd160@ts3.6" "@types/rsvp@ts3.6" "@types/run-parallel@ts3.6" "@types/safe-regex@ts3.6" "@types/safe-regex-test@ts3.6" "@types/safer-buffer@ts3.6" "@types/sane@ts3.6" "@types/sass-loader@ts3.6" "@types/sax@ts3.6" "@types/scheduler@ts3.6" "@types/selfsigned@ts3.6" "@types/semver@ts3.6" "@types/semver-compare@ts3.6" "@types/send@ts3.6" "@types/serialize-javascript@ts3.6" "@types/serve-index@ts3.6" "@types/serve-static@ts3.6" "@types/set-blocking@ts3.6" "@types/set-cookie-parser@ts3.6" "@types/set-value@ts3.6" "@types/setimmediate@ts3.6" "@types/sha.js@ts3.6" "@types/shebang-command@ts3.6" "@types/shell-quote@ts3.6" "@types/signal-exit@ts3.6" "@types/simple-swizzle@ts3.6" "@types/sockjs@ts3.6" "@types/sockjs-client@ts3.6" "@types/source-list-map@ts3.6" "@types/source-map-support@ts3.6" "@types/spdx-correct@ts3.6" "@types/spdx-expression-parse@ts3.6" "@types/spdy@ts3.6" "@types/sprintf@ts3.6" "@types/sprintf-js@ts3.6" "@types/ssri@ts3.6" "@types/stack-utils@ts3.6" "@types/static-eval@ts3.6" "@types/statuses@ts3.6" "@types/stream-each@ts3.6" "@types/stream-shift@ts3.6" "@types/strict-uri-encode@ts3.6" "@types/string-natural-compare@ts3.6" "@types/string.prototype.matchall@ts3.6" "@types/stringify-object@ts3.6" "@types/strip-comments@ts3.6" "@types/supports-color@ts3.6" "@types/svg-parser@ts3.6" "@types/symbol-tree@ts3.6" "@types/tapable@ts3.6" "@types/tar@ts3.6" "@types/test-exclude@ts3.6" "@types/text-table@ts3.6" "@types/through@ts3.6" "@types/through2@ts3.6" "@types/thunky@ts3.6" "@types/timsort@ts3.6" "@types/tmp@ts3.6" "@types/tmpl@ts3.6" "@types/to-object-path@ts3.6" "@types/to-regex@ts3.6" "@types/to-regex-range@ts3.6" "@types/toidentifier@ts3.6" "@types/tough-cookie@ts3.6" "@types/tr46@ts3.6" "@types/tryer@ts3.6" "@types/type-check@ts3.6" "@types/type-detect@ts3.6" "@types/type-is@ts3.6" "@types/typedarray-to-buffer@ts3.6" "@types/unbox-primitive@ts3.6" "@types/underscore@ts3.6" "@types/uniq@ts3.6" "@types/unique-slug@ts3.6" "@types/universalify@ts3.6" "@types/unquote@ts3.6" "@types/urix@ts3.6" "@types/url-parse@ts3.6" "@types/util-deprecate@ts3.6" "@types/util.promisify@ts3.6" "@types/utils-merge@ts3.6" "@types/uuid@ts3.6" "@types/validate-npm-package-license@ts3.6" "@types/vary@ts3.6" "@types/w3c-hr-time@ts3.6" "@types/w3c-xmlserializer@ts3.6" "@types/watchpack@ts3.6" "@types/wcwidth@ts3.6" "@types/webidl-conversions@ts3.6" "@types/webpack@ts3.6" "@types/webpack-manifest-plugin@ts3.6" "@types/webpack-sources@ts3.6" "@types/whatwg-encoding@ts3.6" "@types/whatwg-mimetype@ts3.6" "@types/whatwg-url@ts3.6" "@types/which@ts3.6" "@types/which-boxed-primitive@ts3.6" "@types/which-pm-runs@ts3.6" "@types/workbox-sw@ts3.6" "@types/write-file-atomic@ts3.6" "@types/ws@ts3.6" "@types/xml-name-validator@ts3.6" "@types/xtend@ts3.6" "@types/yallist@ts3.6" "@types/yargs@ts3.6" "@types/yargs-parser@ts3.6" "--save-dev" "--user-agent=typesInstaller/3.6.3"
490 verbose node v12.18.3
491 verbose npm  v6.14.6
492 error code ETARGET
493 error notarget No matching version found for @types/language-tags@ts3.6.
494 error notarget In most cases you or one of your dependencies are requesting
494 error notarget a package version that doesn't exist.
495 verbose exit [ 1, true ]
